b2a2 b2b1 b2b3 b2b4 b2c2 b2d2

c4a4 c4b4 c4c2 c4c3 c4c5 c4d4 c4e4 e7c7 e7d7 e7e5 e7e6 e7f7 e7g7
d2b2 d2c2 d2d1 d2d3 d2d4 d2e2 d2f2
b4a4 b4b2 b4b3 b4b5 b4b6 b4c4 b4d4
e7c7 e7d7 e7e5 e7e6 e7f7 e7g7



b3a3 b3b1 b3b2 b3b4 b3b5 b3d3
f7d7 f7e7 f7f5 f7f6 f7g7
a1a3 a1b1 a1c1

b1a1 b1b2 b1b3 b1c1 b1d1


e3e1 e3e2 e3e4 e3e5 e3f3 e3g3

a1a2 a1a3 a1b1 a1c1 e5c5 e5d5 e5e3 e5e6 e5e7 e5f5 e5g5
d2b2 d2d1 d2d3 d2d4 d2e2 d2f2

c4a4 c4b4 c4c2 c4c3 c4c5 c4c6 c4d4 c4e4
c1a1 c1b1 c1d1 c1e1
a6a4 a6a5 a6a7 a6b6 a6c6


b4a4 b4b2 b4b5 b4b6 b4c4 b4d4

f4d4 f4e4 f4f3 f4f5 f4f6 f4g4

d2c2 d2d1 d2d3 d2d4 d2f2 g4e4 g4f4 g4g3 g4g6


a1a2 a1a3 a1b1 a1c1
f3d3 f3e3 f3f1 f3f2 f3f4 f3f5 g3e3 g3g1 g3g2 g3g4 g3g5


f7d7 f7e7 f7f5 f7f6 f7g7
c6a6 c6b6 c6c4 c6c7 c6d6 c6e6 e1d1 e1e2 e1e3 e1f1 e1g1

f2d2 f2f1 f2f3 f2f4

c5a5 c5b5 c5c3 c5c4 c5c6 c5c7 c5d5 c5e5 g5e5 g5g4 g5g6 g5g7

b7a7 b7b5 b7c7 b7d7 d4b4 d4c4 d4d2 d4d5 d4e4 d4f4

g3e3 g3f3 g3g1 g3g2 g3g4 g3g5

a4a2 a4a3 a4a5 a4a6 a4b4 a4c4


e2c2 e2d2 e2e1 e2e3 e2e4 e2f2 e2g2


b6a6 b6b4 b6b5 b6b7 b6c6 b6d6 f1d1 f1e1 f1f2 f1f3 f1g1
f3d3 f3e3 f3f1 f3f2 f3f4 f3f5 f3g3
a6a4 a6a5 a6a7 a6b6 a6c6
c7a7 c7b7 c7c5 c7c6 c7d7 c7e7
d3b3 d3c3 d3d1 d3d2 d3d4 d3d5 d3f3 g5e5 g5f5 g5g4 g5g6 g5g7
e7c7 e7d7 e7e5 e7e6 e7f7 e7g7

f5d5 f5e5 f5f3 f5f4 f5f6 f5f7 f5g5
a1a2 a1a3 a1b1 c1b1 c1c3 c1d1 c1e1
f4d4 f4e4 f4f2 f4f3 f4f5 f4f6 f4g4

b1a1 b1b2 b1b3 b1c1 b1d1
b7a7 b7b5 b7b6 b7c7 b7d7 f2d2 f2e2 f2f1 f2f3 f2f4 f2g2



b4a4 b4b2 b4b3 b4b6 b4c4 b4d4

d3b3 d3d1 d3d2 d3d4 d3d5 d3e3 d3f3 e4c4 e4d4 e4e2 e4e3 e4e5 e4f4 e4g4

g6e6 g6g4 g6g5 g6g7
b6a6 b6b4 b6b5 b6b7 b6c6 b6d6
f1d1 f1e1 f1f2 f1f3 f1g1
c7a7 c7b7 c7c6 c7d7 c7e7
c5a5 c5b5 c5c3 c5c4 c5c7 c5d5 c5e5 c6a6 c6b6 c6c4 c6c7 c6d6 c6e6

c3a3 c3b3 c3c1 c3c2 c3c4 c3d3 c3e3
d5b5 d5c5 d5d3 d5d4 d5d6 d5d7 d5e5 d5f5

e3c3 e3d3 e3e1 e3e2 e3e4 e3e5 e3f3 e3g3

d1b1 d1c1 d1d2 d1d3 d1f1
d4b4 d4c4 d4d2 d4d5 d4d6 d4e4 d4f4



f5d5 f5e5 f5f3 f5f4 f5f6 f5f7 f5g5



g6e6 g6f6 g6g4 g6g5 g6g7

c5a5 c5b5 c5c3 c5c4 c5c6 c5c7 c5e5 f2d2 f2e2 f2f1 f2f3 f2f4 f2g2
c7a7 c7b7 c7c5 c7c6 c7d7 c7e7


a7a5 a7a6 a7b7 a7c7 e1c1 e1d1 e1e2 e1e3 e1f1 e1g1
d3b3 d3d1 d3d2 d3d4 d3d5 d3e3 d3f3
c7b7 c7c5 c7c6 c7d7 c7e7 d4b4 d4c4 d4d5 d4e4 d4f4

b6a6 b6b4 b6b5 b6b7 b6c6 b6d6

e2c2 e2e1 e2e3 e2e4 e2g2 g7e7 g7f7 g7g5

a7a5 a7a6 a7c7


f7d7 f7e7 f7f5 f7f6 f7g7


c7a7 c7b7 c7c5 c7c6 c7d7 c7e7
a2a1 a2a3 a2a4 a2b2

b5a5 b5b3 b5b4 b5b6 b5b7 b5c5 b5d5
f4d4 f4e4 f4f2 f4f3 f4f5 f4f6 f4g4
a3a1 a3a2 a3a4 a3a5 a3b3 a3c3
f6d6 f6e6 f6f4 f6f5 f6f7 f6g6

c4a4 c4b4 c4c2 c4c5 c4c6 c4d4 c4e4 f5d5 f5e5 f5f3 f5f4 f5f7 f5g5






f5d5 f5e5 f5f3 f5f4 f5f6 f5f7 f5g5
c1a1 c1b1 c1c2 c1c3 c1d1
d3b3 d3c3 d3d2 d3d4 d3d5 d3e3 d3f3
a6a4 a6a5 a6a7 a6b6 a6c6 e1c1 e1d1 e1e2 e1f1 e1g1
d3b3 d3c3 d3d1 d3d2 d3d4 d3d5 d3e3 d3f3


b5a5 b5b3 b5b4 b5b6 b5b7 b5c5 b5d5 d4b4 d4c4 d4d2 d4d3 d4d5 d4d6 d4e4 d4f4




e3d3 e3e1 e3e2 e3e4 e3e5 e3f3 e3g3
c1a1 c1b1 c1c2 c1c3 c1d1 c1e1
a4a2 a4a3 a4a5 a4a6 a4b4 a4c4
b6a6 b6b4 b6b5 b6b7 b6c6 b6d6 c5a5 c5b5 c5c3 c5c4 c5c6 c5c7 c5d5 c5e5

c2c1 c2c3 c2d2 c2e2 c4a4 c4b4 c4c3 c4c6 c4d4 c4e4

a5a3 a5a4 a5a7 a5b5 a5c5 f2e2 f2f1 f2f3 f2f4 f2g2

b7a7 b7b6 b7c7 b7d7


g2e2 g2f2 g2g1 g2g3 g2g4
e4c4 e4d4 e4e2 e4e3 e4e5 e4e6 e4f4 e4g4 g1e1 g1f1 g1g2 g1g3
c1a1 c1b1 c1c2 c1c3 c1d1 c1e1
a4a2 a4a3 a4a5 a4a6 a4b4 a4c4 b1a1 b1b2 b1b3 b1c1 b1d1





g4e4 g4f4 g4g2 g4g3 g4g5 g4g6

f7d7 f7e7 f7f5 f7f6 f7g7
a7a5 a7a6 a7b7 a7c7


g1f1 g1g3

b4a4 b4b2 b4b3 b4b6 b4c4 b4d4

e1c1 e1d1 e1e3 e1f1 e1g1
b1a1 b1b2 b1b3 b1c1 b1d1


f6d6 f6e6 f6f4 f6f5 f6f7


c4a4 c4b4 c4c2 c4c5 c4c6 c4d4 c4e4
b6a6 b6b4 b6b5 b6b7 b6c6 b6d6

c3a3 c3c1 c3c2 c3c4 c3e3
e1c1 e1d1 e1e2 e1e3 e1f1 e1g1
e3c3 e3d3 e3e1 e3e2 e3e4 e3e5 e3f3 e3g3
a6a4 a6a5 a6a7 a6b6 a6c6
a3a1 a3a2 a3a4 a3a5 a3b3 a3c3 c6a6 c6b6 c6c4 c6c5 c6c7 c6d6 c6e6


b6a6 b6b4 b6b5 b6b7 b6c6 b6d6

b6a6 b6b4 b6b5 b6b7 b6c6 b6d6
f7d7 f7e7 f7f5 f7f6 f7g7




e6c6 e6d6 e6e4 e6e5 e6e7 e6f6 e6g6

a3a1 a3a2 a3a4 a3a5 a3b3 a3c3
d5b5 d5c5 d5d4 d5d6 d5d7 d5e5 d5f5 f3e3 f3f1 f3f2 f3f4 f3f5 f3g3
e4c4 e4d4 e4e2 e4e5 e4e6 e4f4 e4g4
a7a5 a7b7 a7c7
g2e2 g2f2 g2g1 g2g3



e3c3 e3d3 e3e1 e3e2 e3e4 e3e5 e3f3 e3g3








d4b4 d4c4 d4d2 d4d5 d4d6 d4e4 d4f4 f3e3 f3f1 f3f2 f3f4 f3f5 f3g3

f7d7 f7e7 f7f5 f7f6 f7g7


b3a3 b3b1 b3b2 b3b4 b3b5 b3c3 b3d3

c1a1 c1b1 c1c3 c1d1 c1e1
f2d2 f2e2 f2f1 f2f3 f2g2

g6e6 g6f6 g6g4 g6g5 g6g7
g3e3 g3f3 g3g1 g3g2 g3g4 g3g5
f4d4 f4e4 f4f2 f4f3 f4f5 f4f6 f4g4
c3a3 c3b3 c3c1 c3c4 c3c5 c3d3 c3e3
b7a7 b7b5 b7b6 b7c7 b7d7 c4a4 c4b4 c4c2 c4c3 c4c5 c4c6 c4d4 c4e4
f4d4 f4e4 f4f2 f4f3 f4f5 f4g4


b2a2 b2b1 b2b3 b2b4 b2c2 b2d2

e4c4 e4d4 e4e2 e4e3 e4e5 e4e6 e4f4 e4g4 f6e6 f6f4 f6f5 f6f7

e7c7 e7d7 e7e5 e7e6 e7f7 g7f7 g7g5
a4a2 a4a3 a4a5 a4a6 a4b4 a4c4

e4c4 e4d4 e4e2 e4e3 e4e5 e4e6 e4f4 e4g4
b7a7 b7b5 b7b6 b7c7 b7d7 e4c4 e4d4 e4e2 e4e3 e4e6 e4f4 e4g4
c4a4 c4b4 c4c2 c4c3 c4c5 c4c6 c4d4 c4e4

a1a2 a1a3 a1b1




c3a3 c3b3 c3c1 c3c2 c3c4 c3c5 c3d3 c3e3 e2c2 e2e1 e2e3 e2e4 e2f2 e2g2

g6f6 g6g4 g6g5 g6g7

g2f2 g2g1 g2g3 g2g4

b5a5 b5b4 b5b7 b5c5 b5d5

a4a2 a4a3 a4a5 a4a6 a4b4 a4c4
b1a1 b1b2 b1b3 b1c1
a6a5 a6a7 a6b6 d7b7 d7c7 d7d5 d7d6 d7e7 d7f7

b6a6 b6b4 b6b5 b6b7 b6c6 g4e4 g4f4 g4g2 g4g3 g4g5 g4g6
b3a3 b3b1 b3b2 b3b4 b3b5 b3c3 b3d3

b3a3 b3b1 b3b2 b3b4 b3b5 b3c3 b3d3
b3a3 b3b1 b3b2 b3b4 b3b5 b3c3 b3d3 b6a6 b6b4 b6b5 b6b7 b6c6 b6d6

c6a6 c6b6 c6c4 c6c5 c6c7 c6d6 c6e6 f1d1 f1f2 f1f3 f1g1
g5e5 g5f5 g5g3 g5g4 g5g6 g5g7


b1a1 b1b2 b1b3 b1c1 b1d1 f7d7 f7e7 f7f5 f7f6 f7g7
b6a6 b6b4 b6b5 b6b7 b6c6 b6d6

e6c6 e6d6 e6e4 e6e5 e6e7 e6f6 e6g6
a7a5 a7a6 a7c7 b7b5 b7b6 b7c7 b7d7


e7c7 e7d7 e7e5 e7e6 e7f7 e7g7

a3a1 a3a2 a3a4 a3a5 a3b3 a3c3
c1a1 c1b1 c1c2 c1c3 c1d1 c1e1 g3e3 g3g1 g3g2 g3g4 g3g5
e5c5 e5d5 e5e3 e5e4 e5e6 e5e7 e5f5 e5g5


b1a1 b1c1 b1d1

c6a6 c6b6 c6c4 c6c5 c6c7 c6d6 c6e6
e7c7 e7d7 e7e5 e7e6 e7f7 e7g7

e5c5 e5d5 e5e3 e5e4 e5e6 e5e7 e5g5
d2b2 d2c2 d2d1 d2d4 d2e2 d2f2 g2e2 g2f2 g2g3 g2g4

e2d2 e2e1 e2e3 e2e4 e2f2 g2f2 g2g1 g2g3 g2g4
a3a1 a3a2 a3a4 a3a5 a3b3 a3c3


e3d3 e3e1 e3e2 e3e4 e3e5 e3g3 f3d3 f3f1 f3f2 f3f5 f3g3

a3a1 a3a2 a3a5 a3b3 a4a2 a4a5 a4a6 a4b4 a4c4

b4a4 b4b2 b4b3 b4b6 b4c4 b4d4
e6c6 e6d6 e6e4 e6e5 e6e7 e6f6 e6g6
a7a6 a7c7 b7b6 b7c7 b7d7
e7c7 e7d7 e7e5 e7e6 e7f7 e7g7


d5b5 d5c5 d5d3 d5d4 d5e5 d5f5 d7b7 d7c7 d7e7 d7f7

a6a4 a6a7 a6b6 a6c6 d4b4 d4c4 d4d5 d4d6 d4e4 d4f4
e1c1 e1e2 e1e3 e1f1 e1g1
a3a1 a3a2 a3a4 a3a5 a3b3 a3c3 g1e1 g1f1 g1g2 g1g3
d4b4 d4c4 d4d2 d4d3 d4d5 d4d6 d4e4 d4f4


a5a3 a5a4 a5a6 a5a7 a5b5 a5c5 b1a1 b1b2 b1b3 b1c1 b1d1

d4b4 d4c4 d4d2 d4d3 d4d5 d4d6 d4e4 d4f4
b3a3 b3b1 b3b2 b3b4 b3b5 b3c3
a2a1 a2a3 a2a4 a2b2 a2c2 b7a7 b7b5 b7b6 b7c7 b7d7

b4a4 b4b2 b4b3 b4b5 b4b6 b4c4 b4d4 f2d2 f2e2 f2f1 f2f3 f2f4 f2g2
d6b6 d6c6 d6d4 d6d5 d6d7 d6e6 d6f6
g2e2 g2f2 g2g1 g2g3

e1d1 e1e2 e1e3 e1f1 e1g1 e7c7 e7d7 e7e5 e7e6 e7f7 e7g7
a3a1 a3a2 a3a4 a3a5 a3b3
c6a6 c6b6 c6c4 c6c5 c6c7 c6e6
f2d2 f2e2 f2f1 f2f3 f2f4
a7a5 a7a6 a7b7 a7c7 e5c5 e5d5 e5e6 e5e7 e5f5 e5g5
d3b3 d3c3 d3d1 d3d2 d3d4 d3d5 d3e3 d3f3
a5a3 a5a4 a5a6 a5a7 a5b5 a5c5
c1a1 c1b1 c1c3 c1d1 c1e1
e6c6 e6d6 e6e4 e6e7 e6f6 e6g6



g2f2 g2g1 g2g3 g5e5 g5f5 g5g3 g5g6 g5g7


g3e3 g3f3 g3g1 g3g2 g3g4 g3g5

g4e4 g4f4 g4g2 g4g3 g4g5 g4g6
f6d6 f6e6 f6f4 f6f5 f6f7 f6g6
a6a4 a6a5 a6a7 a6b6 a6c6
b6a6 b6b4 b6b5 b6b7 b6c6 g5e5 g5f5 g5g3 g5g4 g5g6 g5g7
c1a1 c1b1 c1c3 c1d1 c1e1
a3a1 a3a2 a3a4 a3a5 a3b3 f4d4 f4e4 f4f2 f4f3 f4f6 f4g4
c1a1 c1b1 c1c3 c1d1 c1e1
e5c5 e5d5 e5e3 e5e4 e5e6 e5e7 e5f5 f7d7 f7e7 f7f5 f7f6 f7g7
b5a5 b5b3 b5b4 b5b6 b5b7 b5c5 b5d5

c1a1 c1b1 c1c2 c1c3 c1e1
a5a3 a5a4 a5a6 a5a7 a5b5 a5c5 f4d4 f4e4 f4f2 f4f3 f4f6 f4g4

d4b4 d4c4 d4d2 d4d5 d4e4 d4f4 e6c6 e6e4 e6e5 e6e7 e6f6 e6g6
e3c3 e3d3 e3e2 e3e4 e3e5 e3f3 e3g3


f6d6 f6e6 f6f4 f6f5 f6f7 f6g6
g7e7 g7f7 g7g5
a1a2 a1a3 a1b1 a1c1 f3d3 f3f1 f3f2 f3f4 f3f5 f3g3
c1a1 c1b1 c1c2 c1c3 c1d1 c1e1

a1a2 a1a3 a1b1 a1c1

c6a6 c6b6 c6c4 c6c5 c6c7 c6d6 c6e6

d4b4 d4c4 d4d3 d4d5 d4d6 d4e4 d4f4
b3a3 b3b1 b3b2 b3b4 b3b5 b3c3 b3d3 g6e6 g6g4 g6g5 g6g7
d4b4 d4c4 d4d2 d4d5 d4e4 d4f4
e3c3 e3d3 e3e1 e3e2 e3e4 e3e5 e3f3 e3g3 f5d5 f5e5 f5f3 f5f4 f5f6 f5f7 f5g5
g5e5 g5f5 g5g3 g5g4 g5g6 g5g7



f1e1 f1f2 f1f3 f1g1
c6a6 c6c4 c6c5 c6c7 c6d6 c6e6 d2b2 d2d1 d2d3 d2d4 d2e2 d2f2
c1a1 c1b1 c1c2 c1c3 c1e1


b3a3 b3b1 b3b2 b3b4 b3b5 b3c3 b3d3 e5c5 e5d5 e5e3 e5e4 e5e6 e5e7 e5g5
a2a1 a2a3 a2a4 a2b2 a2c2

d3b3 d3c3 d3d2 d3d4 d3d5 d3e3



d3b3 d3d1 d3d2 d3d4 d3d5 d3e3 d3f3
d5c5 d5d4 d5d6 d5d7 d5e5 d5f5

d2b2 d2d1 d2d4 d2f2 d5b5 d5d4 d5d7 d5e5 d5f5
d7b7 d7c7 d7d5 d7d6 d7e7 d7f7

c7a7 c7b7 c7c5 c7c6 c7d7 c7e7


f6d6 f6e6 f6f4 f6f5 f6f7 g6e6 g6g4 g6g5 g6g7

d1b1 d1c1 d1d2 d1d3 d1f1 d6b6 d6c6 d6d4 d6d5 d6d7 d6e6 d6f6






b4a4 b4b2 b4b3 b4b6 b4c4 b4d4
d1b1 d1c1 d1e1 d1f1
f6d6 f6e6 f6f4 f6f5 f6f7 f6g6



c6a6 c6b6 c6c4 c6c5 c6c7 c6d6 c6e6
a1a2 a1a3 a1b1 a1c1

b5b3 b5b4 b5b6 b5b7 b5c5 b5d5 e7c7 e7d7 e7e5 e7e6 e7f7 e7g7

b2a2 b2b1 b2b4 d4b4 d4c4 d4d3 d4d5 d4d6 d4e4 d4f4

b5a5 b5b6 b5b7 b5c5 b5d5 e5c5 e5d5 e5e3 e5e4 e5e6 e5e7 e5f5 e5g5




d2b2 d2c2 d2d1 d2d3 d2d4 d2e2 d2f2
c4a4 c4b4 c4c5 c4c6 c4d4 c4e4 f1d1 f1e1 f1f2 f1f3 f1g1
c6a6 c6b6 c6c4 c6c5 c6c7 c6d6 c6e6


a2a1 a2a3 a2a4 a2c2 e5c5 e5d5 e5e3 e5e4 e5e6 e5e7 e5f5 e5g5
b4a4 b4b2 b4b3 b4b5 b4b6 b4c4 b4d4

e7c7 e7d7 e7e5 e7e6 e7f7 e7g7
g7e7 g7f7 g7g5 g7g6
f4d4 f4e4 f4f2 f4f3 f4f5 f4f6 f4g4
d2b2 d2c2 d2d3 d2d4 d2e2 d2f2
g1e1 g1f1 g1g2 g1g3
c2b2 c2c1 c2c3 c2c4 c2d2 c2e2
e7c7 e7d7 e7e5 e7e6 e7f7 e7g7
b5a5 b5b3 b5b4 b5b6 b5b7 b5c5 b5d5 g2g1 g2g4


a1a2 a1a3 a1b1 a1c1


a5a4 a5a6 a5a7 a5b5 a5c5 g7e7 g7f7 g7g5 g7g6

b1a1 b1b2 b1b3 b1d1
f5d5 f5e5 f5f3 f5f4 f5f6 f5f7 f5g5
f4d4 f4e4 f4f2 f4f3 f4f5 f4f6 f4g4
e5c5 e5d5 e5e3 e5e4 e5e6 e5e7 e5f5 e5g5


e1c1 e1e3 e1f1 e1g1 g2f2 g2g1 g2g3 g2g4

e3c3 e3e1 e3e2 e3e5 e3f3 e3g3 e4c4 e4d4 e4e2 e4e5 e4e6 e4f4 e4g4


b6a6 b6b4 b6b5 b6b7 b6c6
b4a4 b4b2 b4b3 b4b5 b4b6 b4c4 b4d4
a3a1 a3a2 a3a5 a3b3 a3c3
c2a2 c2c4 c2d2 c2e2
g5e5 g5f5 g5g3 g5g4 g5g6 g5g7
f7d7 f7e7 f7f5 f7f6 f7g7
f2d2 f2e2 f2f1 f2f3 f2f4 f2g2
a4a2 a4a3 a4a5 a4a6 a4b4 a4c4
b7a7 b7b6 b7c7 b7d7
e7c7 e7d7 e7e6 e7f7 e7g7 g1e1 g1f1 g1g2 g1g3

c7a7 c7b7 c7c5 c7c6 c7d7 c7e7

c2a2 c2b2 c2c3 c2c4 c2d2 c2e2

g2e2 g2f2 g2g1 g2g3 g2g4 g6e6 g6f6 g6g4 g6g5 g6g7
e5c5 e5d5 e5e3 e5e4 e5e6 e5e7 e5f5 e5g5
a1a2 a1a3 a1b1 d6b6 d6c6 d6d4 d6d5 d6d7 d6e6 d6f6

a4a2 a4a6 a4b4 a4c4
d2b2 d2d1 d2d3 d2d4 d2e2 d2f2

a5a4 a5a6 a5a7 a5b5 a5c5

f4d4 f4e4 f4f2 f4f5 f4f6 f4g4
e2c2 e2e1 e2e3 e2e4 e2f2 e2g2
e6c6 e6d6 e6e4 e6e5 e6e7 e6f6 e6g6
e6c6 e6d6 e6e4 e6e5 e6e7 e6f6 e6g6
g4e4 g4f4 g4g2 g4g3 g4g5 g4g6
d5c5 d5d3 d5d4 d5d6 d5d7 d5e5 d5f5
e5c5 e5d5 e5e3 e5e4 e5e6 e5e7 e5f5 e5g5
a7a5 a7a6 a7b7 a7c7 d1b1 d1c1 d1d3 d1e1 d1f1

b2a2 b2b1 b2b3 b2b4 b2c2 b2d2 d4b4 d4c4 d4d2 d4d5 d4d6 d4e4 d4f4
f7d7 f7e7 f7f5 f7f6 f7g7


f4d4 f4e4 f4f2 f4f5 f4f6 f4g4

b5b3 b5b4 b5b6 b5b7 b5d5 f5d5 f5f3 f5f4 f5f6 f5f7 f5g5
f4d4 f4e4 f4f2 f4f3 f4f5 f4f6 f4g4


b6b4 b6b5 b6b7 b6c6 b6d6 f2d2 f2e2 f2f1 f2f3 f2f4 f2g2

d2c2 d2d3 d2d4 d2f2
d6b6 d6c6 d6d4 d6d5 d6d7 d6e6


d4b4 d4c4 d4d2 d4d3 d4d5 d4e4 d4f4
d6b6 d6c6 d6d4 d6d5 d6d7 d6e6 d6f6
a4a2 a4a3 a4a5 a4a6 a4b4 a4c4 e6c6 e6e4 e6e5 e6e7 e6g6
a5a3 a5a4 a5a6 a5a7 a5b5 a5c5

g4e4 g4f4 g4g2 g4g3 g4g5 g4g6
b4a4 b4b3 b4b5 b4b6 b4c4 b4d4 g3e3 g3f3 g3g1 g3g2 g3g4

e3c3 e3e1 e3e2 e3e4 e3e5 e3f3 f2d2 f2e2 f2f1 f2f3 f2f4 f2g2
b5a5 b5b3 b5b4 b5b6 b5b7 b5c5 b5d5

g7e7 g7f7 g7g5 g7g6
b5a5 b5b3 b5b4 b5b6 b5b7 b5c5 b5d5 g7e7 g7f7 g7g5 g7g6
a3a1 a3a2 a3a4 a3a5 a3b3 a3c3
b7a7 b7b6 b7c7 b7d7 f1d1 f1e1 f1g1

d3b3 d3c3 d3d1 d3d2 d3d4 d3d5 d3e3 d3f3 d7b7 d7c7 d7d5 d7e7 d7f7

a6a4 a6a5 a6a7 a6b6
g5f5 g5g3 g5g4 g5g6 g5g7
a7a5 a7b7 a7c7 c5a5 c5c3 c5c4 c5c6 c5c7 c5d5 c5e5

f5e5 f5f4 f5f6 f5f7 f5g5

g6e6 g6f6 g6g4 g6g5 g6g7

c6a6 c6b6 c6c4 c6c5 c6c7 c6d6 c6e6 g3e3 g3f3 g3g1 g3g2 g3g5

g4e4 g4f4 g4g2 g4g6
e7c7 e7d7 e7e5 e7e6 e7f7 e7g7
f7d7 f7e7 f7f5 f7f6 f7g7
b7a7 b7b5 b7b6 b7c7 b7d7


e1c1 e1d1 e1e2 e1e3 e1f1 e1g1 f4d4 f4e4 f4f2 f4f3 f4f5 f4g4

a7a6 a7b7 a7c7 c6a6 c6b6 c6c4 c6c5 c6c7 c6d6 c6e6
g7e7 g7f7 g7g5 g7g6
c1a1 c1b1 c1c2 c1c3 c1d1 c1e1
c5a5 c5b5 c5c3 c5c4 c5c6 c5c7 c5d5 c5e5
e6c6 e6d6 e6e4 e6e7 e6f6 e6g6
a7a5 a7a6 a7b7 a7c7
c5a5 c5c4 c5c6 c5d5

c1a1 c1b1 c1c2 c1c3 c1d1 c1e1




f2d2 f2e2 f2f1 f2f3 f2f4 f2g2
g4e4 g4f4 g4g2 g4g3 g4g5 g4g6

d4b4 d4c4 d4d2 d4d3 d4d5 d4d6 d4e4 d4f4
b1b2 b1b3 b1c1 b1d1





b4a4 b4b2 b4b3 b4b5 b4b6 b4c4 b4d4 f1e1 f1f2 f1f3 f1g1
a3a1 a3a2 a3a4 a3a5 a3b3
e7c7 e7d7 e7e5 e7e6 e7f7 g7f7 g7g5 g7g6
c6a6 c6c4 c6c5 c6c7 c6d6 c6e6
d2b2 d2d1 d2e2
b7a7 b7b5 b7b6 b7c7 b7d7
g6e6 g6f6 g6g4 g6g5 g6g7
e5d5 e5e3 e5e4 e5e6 e5e7 e5f5 e5g5


b1a1 b1b2 b1d1 f7d7 f7e7 f7f5 f7f6 f7g7
a1a2 a1b1 a1c1


c5a5 c5c4 c5c6 c5c7 c5d5 c5e5
a5a3 a5a4 a5a6 a5a7 a5b5 a5c5
c7a7 c7b7 c7c5 c7c6 c7d7 c7e7
d2b2 d2c2 d2d1 d2d3 d2d4 d2e2 d2f2
a2a1 a2a3 a2a4 a2b2 a2c2
a1a2 a1a3 a1b1 a1c1
a3a1 a3a2 a3a4 a3a5 a3b3 a3c3 a6a4 a6a5 a6a7 a6b6 a6c6



b1a1 b1b2 b1b3 b1c1 b1d1

g5e5 g5g3 g5g4 g5g6 g5g7

a7a6 a7b7 a7c7 d1b1 d1c1 d1d2 d1d3 d1f1
f7d7 f7e7 f7f5 f7f6 f7g7
e5c5 e5d5 e5e3 e5e4 e5e7 e5f5 e5g5

a5a3 a5a4 a5a6 a5a7 a5b5 a5c5
c1a1 c1b1 c1c2 c1d1 c1e1


a7a5 a7a6 a7b7 a7c7 c4a4 c4b4 c4c2 c4c3 c4c5 c4c6 c4d4 c4e4



b2a2 b2b1 b2b3 b2b4 b2c2
f4d4 f4e4 f4f2 f4f3 f4f5 f4f6 f4g4
a1a2 a1a3 a1b1 a1c1 d5b5 d5c5 d5d4 d5d6 d5d7 d5e5

a7a5 a7a6 a7b7 a7c7
d7b7 d7c7 d7d5 d7d6 d7e7 d7f7


a4a2 a4a3 a4a5 a4a6 a4b4 a4c4
b1a1 b1b2 b1b3 b1c1 b1d1
d6b6 d6c6 d6d4 d6d5 d6d7 d6e6 d6f6
c7a7 c7b7 c7c5 c7c6 c7d7 c7e7




d5b5 d5c5 d5d6 d5d7 d5e5

a1a2 a1a3 a1b1 a1c1 b7a7 b7b5 b7b6 b7c7 b7d7


a1a2 a1a3 a1b1 a1c1

b6a6 b6b4 b6b5 b6b7 b6c6 b6d6


a3a1 a3a2 a3a4 a3a5 a3b3 a3c3


d1b1 d1d2 d1d3 d1e1 d1f1
e7c7 e7d7 e7e5 e7e6 e7f7 e7g7
a6a4 a6a5 a6a7 a6b6 a6c6


b5a5 b5b3 b5b4 b5b7 b5c5 b5d5 f2d2 f2e2 f2f1 f2f3 f2f4 f2g2

e7c7 e7d7 e7e5 e7e6 e7f7 e7g7

a2a1 a2a3 a2a4 a2b2 a2c2 f7d7 f7e7 f7f5 f7f6 f7g7
g7e7 g7f7 g7g5 g7g6
a4a2 a4a3 a4a5 a4a6 a4b4 a4c4



e2c2 e2d2 e2e1 e2e3 e2e4 e2f2 e2g2 f4d4 f4e4 f4f2 f4f6 f4g4
a2a1 a2a3 a2a4 a2b2 a2c2


e2d2 e2e1 e2e3 e2e4 e2f2
g7e7 g7f7 g7g5





b7a7 b7b5 b7b6 b7c7 b7d7
c3a3 c3c2 c3c4 c3c5 c3d3 c3e3 e7c7 e7d7 e7e6 e7f7 e7g7



b1a1 b1b2 b1d1
g3e3 g3f3 g3g1 g3g2 g3g4 g3g5
b3b1 b3b2 b3b4 b3b5 b3c3 b3d3 e5c5 e5d5 e5e4 e5e6 e5e7 e5f5
f7d7 f7e7 f7f5 f7f6 f7g7
e4c4 e4d4 e4e2 e4e3 e4e5 e4e6 e4f4 e4g4 f1d1 f1e1 f1f2 f1f3 f1g1

d7b7 d7c7 d7d5 d7e7 d7f7
f1d1 f1e1 f1f2 f1f3 f1g1
d1b1 d1c1 d1d2 d1e1 d1f1 e7c7 e7d7 e7e6 e7f7 e7g7
d6b6 d6c6 d6d4 d6d5 d6d7 d6e6 d6f6
a7a5 a7a6 a7b7 a7c7 d1b1 d1c1 d1d2 d1d3 d1e1 d1f1

b5b3 b5b4 b5b6 b5b7 b5c5 b5d5 g4e4 g4f4 g4g2 g4g5
b2b1 b2b3 b2b4 b2c2 b2d2
f4d4 f4e4 f4f2 f4f3 f4f5 f4g4

a5a3 a5a4 a5a6 a5a7 a5b5 a5c5
g3e3 g3f3 g3g1 g3g2 g3g4 g3g5


b5b3 b5b4 b5b6 b5b7 b5c5 b5d5

a5a3 a5a4 a5a6 a5a7 a5b5
b1a1 b1b2 b1b3 b1c1 b1d1
g6e6 g6f6 g6g4 g6g5 g6g7
a3a1 a3a2 a3a4 a3a5 a3c3
d4b4 d4c4 d4d2 d4d3 d4d5 d4d6 d4e4 d4f4 g3f3 g3g1 g3g2 g3g4 g3g5
g3e3 g3f3 g3g1 g3g2 g3g4 g3g5
b2a2 b2b1 b2b3 b2b4 b2c2 b2d2 f1e1 f1f2 f1f3 f1g1
a4a2 a4a3 a4a5 a4a6 a4b4 a4c4
d5b5 d5c5 d5d4 d5d6 d5d7 d5e5 d5f5
c1a1 c1b1 c1c2 c1d1 c1e1


b7a7 b7b5 b7b6 b7c7 b7d7 c5a5 c5b5 c5c4 c5c6 c5c7 c5d5 c5e5

c4a4 c4b4 c4c2 c4c5 c4c6 c4d4 c4e4 g1e1 g1f1 g1g3
g7e7 g7f7 g7g5 g7g6
b4a4 b4b2 b4b3 b4b5 b4b6 b4c4 b4d4 d1b1 d1c1 d1d2 d1d3 d1e1 d1f1
g3e3 g3f3 g3g1 g3g2 g3g4 g3g5


c2a2 c2b2 c2c1 c2c3 c2c4 c2e2 e1c1 e1d1 e1e2 e1f1 e1g1

a3a2 a3a4 a3a5 a3b3 a3c3
b5a5 b5b3 b5b4 b5b6 b5b7 b5c5 b5d5


e2d2 e2e1 e2e4 e2f2 e7c7 e7d7 e7e5 e7e6 e7f7 e7g7

d3b3 d3c3 d3d1 d3d4 d3d5 d3f3 g2e2 g2g1 g2g3 g2g4
c1a1 c1b1 c1c3 c1d1 c1e1
a3a1 a3a2 a3a4 a3a5 a3b3




c3a3 c3b3 c3c1 c3c2 c3c4 c3c5 c3d3




e2c2 e2d2 e2e3 e2e4 e2f2 e2g2
b1a1 b1b2 b1b3 b1c1
b4a4 b4b2 b4b3 b4b5 b4b6 b4c4 b4d4
a4a2 a4a3 a4a5 a4a6 a4b4 a4c4
b2a2 b2b1 b2b4 b2c2 b2d2 c4a4 c4b4 c4c2 c4c3 c4d4 c4e4

f4d4 f4e4 f4f2 f4f3 f4f5 f4f6 f4g4

b4a4 b4b3 b4b5 b4c4 b4d4 g6e6 g6f6 g6g4 g6g5 g6g7


a7a5 a7a6 a7b7 a7c7
b7a7 b7b6 b7c7 b7d7 f2e2 f2f1 f2f3 f2f4 f2g2






a6a4 a6a5 a6a7


a7a5 a7a6 a7b7 a7c7
a6a4 a6a5 a6a7 a6b6 a6c6

a4a2 a4a3 a4a5 a4a6 a4b4 a4c4
g4e4 g4f4 g4g2 g4g5 g4g6
a6a4 a6a5 a6a7 a6b6 a6c6
f4d4 f4e4 f4f2 f4f3 f4f5 f4f6 f4g4
d1b1 d1c1 d1d2 d1e1 d1f1
e3c3 e3d3 e3e1 e3e2 e3e4 e3e5 e3f3 e3g3

a2a1 a2a3 a2a4 a2b2 a2c2


g2e2 g2f2 g2g1 g2g3 g2g4


b1a1 b1b2 b1b3 b1c1 b1d1


c6a6 c6b6 c6c4 c6c5 c6c7 c6d6 c6e6
d3b3 d3c3 d3d1 d3d2 d3d4 d3d5 d3e3 d3f3


g5e5 g5f5 g5g3 g5g4 g5g6 g5g7
f5e5 f5f3 f5f4 f5f6 f5f7 g5e5 g5g3 g5g4 g5g6 g5g7
a2a1 a2a3 a2c2
a6a5 a6a7 a6b6 a6c6 g5e5 g5f5 g5g3 g5g4 g5g6 g5g7
c3a3 c3b3 c3c1 c3c2 c3c4 c3c5 c3d3 c3e3

d2b2 d2c2 d2d1 d2d4 d2e2 d2f2
d1b1 d1d2 d1d3 d1e1 d1f1 e6c6 e6d6 e6e4 e6e5 e6e7 e6f6

a7a5 a7a6 a7b7 a7c7



a3a1 a3a2 a3a4 a3a5 c4a4 c4b4 c4c2 c4c5 c4c6 c4d4 c4e4
b7a7 b7b5 b7b6 b7c7 b7d7
c1a1 c1b1 c1c3 c1d1
g4e4 g4f4 g4g2 g4g3 g4g5 g4g6
f5d5 f5e5 f5f3 f5f4 f5f6 f5f7 f5g5 g6f6 g6g4 g6g5 g6g7

a1a3 a1b1 a1c1 b3a3 b3b1 b3b5 b3d3
e5c5 e5d5 e5e3 e5e4 e5e6 e5e7 e5f5 e5g5
a6a4 a6a5 a6a7 a6b6 a6c6
f7d7 f7e7 f7f5 f7f6 f7g7
e7c7 e7e5 e7e6 e7f7 e7g7 f4d4 f4e4 f4f3 f4f6 f4g4

f4d4 f4e4 f4f2 f4f3 f4f5 f4f6 f4g4 f7d7 f7e7 f7f5 f7f6 f7g7



f1d1 f1e1 f1f2 f1f3 f1g1

a3a1 a3a2 a3a4 a3a5 a3b3 a3c3 c4a4 c4b4 c4c2 c4c3 c4c5 c4c6 c4d4 c4e4

d2c2 d2d1 d2d3 d2d4 d2e2 d2f2

b4a4 b4b2 b4b3 b4b6 b4c4 b4d4 e5c5 e5d5 e5e3 e5e4 e5e6 e5e7 e5f5 e5g5
b7a7 b7b5 b7b6 b7c7 b7d7

e4c4 e4d4 e4e2 e4e3 e4e5 e4e6 e4f4 e4g4
d3c3 d3d1 d3d2 d3d4 d3f3 e5c5 e5e4 e5e6 e5e7 e5f5 e5g5
b6a6 b6b4 b6b5 b6b7 b6c6 b6d6
c6a6 c6c4 c6c5 c6c7 c6d6 c6e6 f6d6 f6e6 f6f4 f6f5 f6f7 f6g6

c4a4 c4b4 c4c2 c4c3 c4c5 c4c6 c4d4 c4e4 d5b5 d5c5 d5d3 d5d4 d5d7
e5c5 e5d5 e5e4 e5e6 e5e7 e5f5 e5g5


a6a4 a6a7 a6b6 b3a3 b3b1 b3b2 b3b4 b3b5 b3d3



a1a2 a1a3 a1b1 a1c1 c7a7 c7b7 c7c5 c7c6 c7d7 c7e7


c4a4 c4b4 c4c2 c4c3 c4c5 c4c6 c4d4 c4e4

f3d3 f3e3 f3f1 f3f2 f3f4 f3f5 f3g3


f4d4 f4e4 f4f2 f4f5 f4g4

e4c4 e4d4 e4e2 e4e3 e4e5 e4f4 e4g4 g3e3 g3f3 g3g1 g3g2 g3g4 g3g5
f3d3 f3f1 f3f2 f3f4 f3f5 f3g3


c4a4 c4b4 c4c2 c4c3 c4c5 c4c6 c4d4 c4e4 g3e3 g3f3 g3g1 g3g2 g3g4 g3g5
g1e1 g1f1 g1g2 g1g3
c1a1 c1b1 c1c2 c1c3 c1d1 c1e1 f7d7 f7e7 f7f5 f7f6 f7g7

d1b1 d1d2 d1d3 d1e1 d1f1 g3f3 g3g1 g3g2 g3g4 g3g5


f3d3 f3e3 f3f1 f3f2 f3f4 f3f5 f3g3

a7a5 a7a6 a7b7 a7c7


a6a4 a6a5 a6a7 a6b6 a6c6 e2c2 e2d2 e2e1 e2e4 e2f2 e2g2





c6a6 c6b6 c6c4 c6c5 c6c7 c6d6 c6e6

b2a2 b2b1 b2b3 b2b4 b2c2 b2d2 d5c5 d5d3 d5d4 d5d6 d5d7 d5e5 d5f5


d3b3 d3c3 d3d1 d3d2 d3d4 d3d5 d3e3 d3f3


g7e7 g7f7 g7g6
g7e7 g7f7 g7g5 g7g6
c7a7 c7b7 c7c5 c7c6 c7d7 c7e7
a6a4 a6a5 a6a7 a6b6 a6c6
b5a5 b5b4 b5b6 b5b7 b5c5 b5d5 g5e5 g5f5 g5g3 g5g4 g5g6 g5g7

c1a1 c1b1 c1c2 c1d1 c1e1 d4b4 d4c4 d4d2 d4d6 d4e4 d4f4
e1c1 e1e2 e1e3 e1f1 e1g1
d6b6 d6c6 d6d4 d6d5 d6d7 d6e6 d6f6 f7d7 f7e7 f7f6 f7g7

a5a3 a5a4 a5a6 a5a7 e4c4 e4d4 e4e3 e4e5 e4f4 e4g4

c4a4 c4b4 c4c2 c4c3 c4c5 c4c6 c4d4 c4e4 d1b1 d1d2 d1d3 d1e1 d1f1



b4a4 b4b5 b4b6 b4c4 b4d4
a6a4 a6a5 a6a7 a6b6 a6c6
d2b2 d2c2 d2d1 d2d3 d2e2 d2f2
c4a4 c4b4 c4c2 c4c3 c4c5 c4c6 c4d4 c4e4
e3c3 e3d3 e3e1 e3e2 e3e4 e3e5 e3f3 e3g3 f1d1 f1e1 f1f2 f1f3 f1g1
a3a1 a3a2 a3a4 a3a5 a3b3 a3c3


b1b2 b1b3 b1c1 b1d1

g7e7 g7f7 g7g5 g7g6




e2c2 e2d2 e2e1 e2e4 e2f2 e2g2
a3a1 a3a2 a3a4 a3a5 a3b3 c5a5 c5b5 c5c4 c5c6 c5c7 c5d5 c5e5
d1b1 d1c1 d1d2 d1d3 d1e1 d1f1




c2a2 c2b2 c2c1 c2c4 c2d2 f2d2 f2f1 f2f4 f2g2


d2b2 d2c2 d2d1 d2d3 d2d4 d2e2 d2f2
e3d3 e3e1 e3e4 e3e5 e3f3

a5a3 a5a4 a5a6 a5a7 a5b5 a5c5 e5c5 e5d5 e5e6 e5e7 e5f5 e5g5
d6b6 d6c6 d6d4 d6d5 d6d7 d6e6 d6f6

c3a3 c3b3 c3c1 c3c2 c3c5 c3d3 c3e3

c6a6 c6b6 c6c4 c6c5 c6c7 c6d6 c6e6

e7c7 e7d7 e7e5 e7e6 e7f7 e7g7
a4a3 a4a5 a4a6 a4b4 a4c4 a7a5 a7a6 a7b7 a7c7
e3d3 e3e1 e3e2 e3e4 e3e5 e3f3 e3g3




a4a2 a4a3 a4a5 a4a6 a4b4 a4c4

c1b1 c1c2 c1e1
g7e7 g7f7 g7g5 g7g6
a2a1 a2a3 a2a4 a2b2 a2c2 b3a3 b3b1 b3b2 b3b4 b3b5 b3c3 b3d3

b1a1 b1b3 b1c1 b1d1 e6c6 e6d6 e6e4 e6e5 e6e7 e6f6 e6g6
a4a2 a4a3 a4a5 a4a6 a4b4 a4c4


c6a6 c6b6 c6c4 c6c5 c6c7 c6d6 c6e6 e4c4 e4d4 e4e2 e4e3 e4e5 e4e6 e4f4 e4g4

d4b4 d4c4 d4d2 d4d3 d4d5 d4e4 d4f4

c2a2 c2b2 c2c1 c2c3 c2d2 c2e2


c3a3 c3b3 c3c1 c3c2 c3c4 c3c5
d3b3 d3c3 d3d1 d3d4 d3d5 d3e3 d3f3

b3a3 b3b1 b3b2 b3b4 b3b5 b3c3 b3d3
e3c3 e3d3 e3e2 e3e4 e3e5 e3f3 e3g3


b1a1 b1b2 b1b3 b1c1 b1d1 d6b6 d6c6 d6d4 d6d5 d6d7 d6e6 d6f6
b5a5 b5b4 b5b6 b5b7 b5c5 b5d5
b6a6 b6b4 b6b5 b6b7 b6c6 d6c6 d6d4 d6d5 d6d7 d6e6 d6f6

b7a7 b7b5 b7b6 b7c7 b7d7 f3d3 f3e3 f3f1 f3f2 f3f4 f3f5 f3g3
f5d5 f5e5 f5f3 f5f4 f5f6 f5f7 f5g5
d7b7 d7c7 d7d5 d7d6 d7e7 d7f7
f6e6 f6f4 f6f5 f6f7 f6g6
d7b7 d7c7 d7d5 d7d6 d7e7 d7f7

d4b4 d4c4 d4d3 d4d6 d4e4 d4f4

a6a4 a6a5 a6a7 a6b6 a6c6
d2b2 d2c2 d2d1 d2d3 d2d4 d2e2
c3a3 c3c1 c3c2 c3c5 c3e3

g3e3 g3f3 g3g1 g3g5 g4e4 g4f4 g4g5 g4g6
b1a1 b1b2 b1b3 b1c1 b1d1

d7b7 d7c7 d7d5 d7d6 d7e7 d7f7

b3a3 b3b1 b3b4 b3d3
b5a5 b5b3 b5b4 b5b6 b5b7 b5c5 b5d5 f2d2 f2e2 f2f1 f2f3 f2f4 f2g2
f3d3 f3e3 f3f1 f3f2 f3f4 f3f5 f3g3
f6d6 f6e6 f6f4 f6f5 f6f7
g6f6 g6g4 g6g5 g6g7


e3c3 e3e1 e3e2 e3e5 e3f3 e3g3 e4c4 e4d4 e4e2 e4e5 e4f4 e4g4

d2c2 d2d1 d2d4 d2e2 d2f2 g1e1 g1f1 g1g2 g1g3
a5a3 a5a4 a5a6 a5a7 a5b5 a5c5
c3a3 c3b3 c3c1 c3c4 c3c5 c3d3 c3e3
e1d1 e1e2 e1e3 e1f1 e1g1

c3a3 c3b3 c3c1 c3c2 c3c4 c3c5 c3d3
e7c7 e7d7 e7e5 e7e6 e7f7 e7g7 g6e6 g6f6 g6g4 g6g5 g6g7
c2a2 c2b2 c2c3 c2c4 c2d2 c2e2

a5a3 a5a4 a5a6 a5a7 a5b5 a5c5
a4a2 a4a3 a4a5 a4a6 a4b4 a4c4 d7b7 d7c7 d7d5 d7d6 d7e7 d7f7


c4a4 c4b4 c4c2 c4c5 c4c6 c4d4 c4e4

e4c4 e4d4 e4e2 e4e3 e4e5 e4e6 e4f4 e4g4
a1a2 a1a3 a1b1 a1c1
e5c5 e5d5 e5e3 e5e4 e5e6 e5e7 e5f5 e5g5




d2b2 d2c2 d2d1 d2d3 d2e2 d2f2 e6c6 e6d6 e6e4 e6e5 e6e7 e6f6 e6g6
