d1c1 d1c2 d1d2 d1e1 d1e2
d2c1 d2c2 d2c3 d2d1 d2d3 d2d5 d2e1 d2e2 d2e3
d3c2 d3c3 d3d2 d3d5 d3e2 d3e3
c1c2 c1d1
c2c1 c2c3 c2c5 c2d1 c2d2
c3c2 c3d2 c3d3
c2c1 c2c3 c2d1 c2d2 c2d3
c2c1 c2d1 c2d3
e2d1 e2d2 e2d3 e2e1 e2e3
c3c2 c3d2 c3d3
d3c2 d3c3 d3d2 d3e2 d3e3
e3d2 e3d3 e3e2
c1c2 c1d1 c1d2
e2d1 e2d2 e2d3 e2e1 e2e3
c3c2 c3d2
d3c2 d3c3 d3d2 d3e2 d3e3
d2c1 d2c2 d2d1 d2e1 d2e2
e1d1 e1d2 e1e2
d1c1 d1c2 d1e1
c2c1 c2c3 c2d1 c2d3
c2c1 c2c3 c2d1 c2d2 c2d3
e1d1 e1d2 e1e2
e2d1 e2d2 e2d3 e2e1 e2e3
d3c2 d3c3 d3d2 d3e2 d3e3
d3c2 d3d2 d3e2 d3e3
c2c1 c2c3 c2c6 c2d1 c2d2
d1c1 d1c2 d1d2 d1e1 d1e2
c2c1 c2c3 c2c5 c2d1 c2d2 c2d3
d3c2 d3c3 d3d2 d3e2 d3e3
c1c2 c1c7 c1d1 c1d2
e2d1 e2d3 e2e1
e2d1 e2d2 e2d3 e2e1 e2e3 e2e6
d3c2 d3c3 d3d2 d3e2 d3e3
d3c3 d3d2 d3d7 d3e2 d3e3
e2d1 e2d2 e2d3 e2e1 e2e3
c1c2 c1c5 c1d1 c1d2
e3d3 e3e2
d3c2 d3c3 d3d2 d3e3
c1c2 c1d1
c1d1 c1d2
e2d1 e2d2 e2d3 e2e1 e2e3
c1c2 c1d1 c1d2
c2c1 c2c3 c2d1 c2d2
c2c1 c2c3 c2d1 c2d2 c2d3
c3c2 c3d2
c2c1 c2c3 c2c5 c2d1 c2d2 c2d3
c3c2 c3d3
e2d1 e2d2 e2d3 e2e1 e2e3 e2e7
c3c2 c3d2 c3d3
c3c2 c3c5 c3d3
e1d1 e1d2 e1e2
c1c2 c1d1 c1d2
e1d1 e1d2 e1e2
c3c2 c3d2 c3d3
c3c2 c3d2 c3d3
c3c2 c3d2 c3d3
e1d1 e1d2 e1e2
e3d2 e3d3 e3e2
e3c5 e3d2 e3e2
e3d2 e3d3 e3e2
e3d2 e3d3 e3e2
c3c2 c3c6 c3d2 c3d3
c2c3 c2d1 c2d2 c2d3
c3c2 c3d2 c3d3
c3c2 c3d2 c3d3
e1d1 e1d2 e1e2 e1e6
c2c1 c2c3 c2d1 c2d2 c2d3
c2c1 c2c3 c2d1 c2d2 c2d3
d1c1 d1c2 d1d2 d1e1 d1e2
c3c2 c3d2 c3d3 c3e5
e3d2 e3d3 e3e2
e2d1 e2d2 e2d3 e2e1 e2e3
c3c5 c3d2
e2d1 e2d2 e2d3 e2e1 e2e3 e2e6
d3c2 d3c3 d3d2 d3e3
e3d2 e3d3 e3e2
e3d2 e3d3
c2c1 c2c3 c2d1 c2d2 c2d3
c1c2 c1d1 c1d2
d2c1 d2c2 d2c3 d2d1 d2d3 d2e1 d2e3
d2c1 d2c2 d2d1 d2d3 d2e1 d2e2 d2e3
e1d1 e1d2 e1e2
d3c2 d3c3 d3e2 d3e3
d2c1 d2c2 d2c3 d2d1 d2d3 d2d6 d2e1 d2e2
e3d2 e3d3 e3e2
e1d2 e1e2
c1c2 c1d1 c1d2
d1c1 d1c2 d1d2 d1e1 d1e2
d1c1 d1d2 d1d7 d1e1 d1e2
d2c1 d2c2 d2c3 d2d1 d2d3 d2e1 d2e2 d2e3
e2d1 e2d2 e2d3 e2e1 e2e3 e2e6
e2d1 e2d2 e2d3 e2e1 e2e3 e2e7
d3c2 d3d2 d3e2
d2c1 d2c2 d2c3 d2d1 d2d3 d2e1 d2e2 d2e3
c3c2 c3d2 c3d3
e3d3 e3e2 e3e5
e1d2 e1e2 e1e7
c2c1 c2c3 c2c5 c2d1 c2d2 c2d3
d2c1 d2c2 d2c3 d2d1 d2d3 d2e1 d2e2 d2e3
d2c1 d2c2 d2c3 d2d1 d2d3 d2e1 d2e2 d2e3
c3c2 c3d2 c3d3
c3c2 c3d2
e1d1 e1e2
d1c1 d1c2 d1d2 d1e1 d1e2
c3c2 c3d2 c3d3
d1c1 d1c2 d1d2 d1d5 d1e1 d1e2
c1c2 c1d1
d1c1 d1c2 d1d2 d1e1 d1e2
e3d2 e3d3 e3e2 e3e5
e2d1 e2d2 e2d3 e2e1 e2e3
d3c2 d3c3 d3d2 d3e2 d3e3
d3c2 d3d2 d3e2 d3e3
c2c1 c2c3 c2d1 c2d2 c2d3
e1d1 e1d2 e1e2 e1e7
e1d1 e1d2 e1e2 e1e5
c2c1 c2c3 c2d1 c2d2 c2d3
c2c1 c2c3 c2d1 c2d2 c2d3
c1c2 c1d1 c1d2
d2c1 d2c2 d2c3 d2d1 d2d3 d2d6 d2e1 d2e2 d2e3
e1d1 e1d2 e1e2
d1c1 d1c2 d1d2 d1e1 d1e2
e1d1 e1d2 e1e2 e1e6
d1c1 d1c2 d1e1 d1e2
d3c2 d3c3 d3d2 d3d5 d3e2 d3e3
d3c2 d3c3 d3e2 d3e3
c1c2 c1d1 c1d2
d2c1 d2c2 d2c3 d2d1 d2d3 d2e1 d2e2 d2e3
e3d2 e3d3 e3e2 e3e5
c3c2 c3d2 c3d3
e2d1 e2d2 e2e1 e2e3 e2e5
e1d1 e1d2 e1e2
d1c1 d1c2 d1d2 d1e1 d1e2
e3d2 e3d3 e3e2 e3e7
c1c2 c1c5 c1d1 c1d2
e3d2 e3d3 e3e2 e3e7
d3c3 d3d2 d3d5 d3e2 d3e3
e2d1 e2d2 e2d3 e2e1 e2e3
d2c1 d2c2 d2c3 d2d1 d2e1 d2e3
e1d1 e1d2 e1e2
c1c2 c1c6 c1d1 c1d2
e1d1
c3c2 c3d2 c3d3
e3d2 e3d3 e3e2 e3e7
d3c2 d3c3 d3d2 d3e2 d3e3
c2c1 c2c3 c2d1 c2d2 c2d3
c1c2 c1d1 c1d2
d1c1 d1d2 d1e1 d1e2
d1c1 d1c2 d1d2 d1e1 d1e2
d2c1 d2c3 d2d1 d2d3 d2e1 d2e2
d3c2 d3c3 d3d2 d3e2 d3e3
e1d1 e1d2 e1e2
e1d1 e1e2
e3d2 e3d3 e3e2
d3c2 d3c3 d3d2 d3e2 d3e3
c3d2 c3d3
e2d1 e2d2 e2d3 e2e1 e2e3
d2c1 d2c2 d2c3 d2d1 d2d3 d2e1 d2e2 d2e3
d2c1 d2c2 d2c3 d2d1 d2d3 d2e1 d2e2 d2e3
e3d2 e3d3 e3e2
c3c2 c3d2 c3d3
e1d1 e1d2 e1e2 e1e6
d3c2 d3c3 d3d2 d3e2 d3e3
c1c2 c1d1 c1d2
c3c2 c3d2 c3d3
e3d2 e3d3 e3e2
c2c1 c2c3 c2d1 c2d2 c2d3
c3c2 c3d2
e1d1 e1d2 e1e2
e1d1 e1d2
c2c1 c2c3 c2d1 c2d2 c2d3
c1c2 c1d1 c1d2
d1c1 d1c2 d1d2 d1e1 d1e2
e2d1 e2d3 e2e3 e2e5
e1d1 e1d2 e1e2
e2d1 e2d3 e2e1 e2e3
e3d2 e3d3 e3e2
e1d1 e1d2 e1e2
d1c1 d1c2 d1d2 d1e1 d1e2
e2d1 e2d2 e2d3 e2e1 e2e3
c3c2 c3d2 c3d3
d1c1 d1c2 d1d2 d1e1
d3c2 d3c3 d3d2 d3e2 d3e3
d3c2 d3d2 d3e2 d3e3
d2c1 d2c2 d2c3 d2d1 d2d3 d2e2 d2e3
d2c1 d2c2 d2c3 d2d1 d2d3 d2e1 d2e2
c3c2 c3d2 c3d3
c2c1 c2c3 c2d1 c2d2
e2d1 e2d2 e2d3 e2e1 e2e3 e2e5
d3c2 d3c3 d3d2 d3d6 d3e2 d3e3
c1c2 c1c6 c1d1 c1d2
d1c1 d1c2 d1d2 d1e1 d1e2
d3c2 d3c3 d3d2 d3e2 d3e3
e1d1 e1d2 e1e2
e2d1 e2d2 e2d3 e2e1 e2e3
e3d2 e3e2
c2c1 c2c3 c2d1 c2d2 c2d3
d3c2 d3c3 d3d2
c1c2 c1d1 c1d2
e1d1 e1d2 e1e2
d1c1 d1d2 d1e1
e1d1 e1d2
e3d2 e3d3 e3e2
e2d1 e2d3 e2e1 e2e3 e2e7
e3d2 e3d3 e3e2
d1c1 d1c2 d1d2 d1e1 d1e2
e1d1 e1d2 e1e2 e1e7
d2c1 d2c3 d2d1 d2d3 d2e1 d2e2 d2e3
d1c1 d1c2 d1d2 d1d6 d1e1 d1e2
d2c1 d2c2 d2c3 d2d1 d2d3 d2e1 d2e2 d2e3
c2c1 c2c3 c2d1 c2d2 c2d3
e1d1 e1e2
e3d2 e3d3 e3e2
c2c1 c2c3 c2d1 c2d2 c2d3
d3c2 d3c3 d3d2 d3d7 d3e2 d3e3
e3d2 e3d3 e3e2 e3e5
e2d1 e2d2 e2d3 e2e1 e2e3 e2e6
c2c1 c2c3 c2c7 c2d1 c2d2
c1c2 c1c6 c1d1 c1d2
e2d1 e2d2 e2d3 e2e1 e2e3 e2e7
d3c2 d3c3 d3d2 d3d5 d3e2 d3e3
e2d1 e2d2 e2d3 e2e1 e2e3
d2c1 d2c2 d2c3 d2d1 d2d3 d2d5 d2e1 d2e2 d2e3
d2c1 d2c2 d2c3 d2d1 d2d3 d2e1 d2e2 d2e3
e3c5 e3d3 e3e2
d1c1 d1c2 d1d2 d1e1 d1e2
c1c2 c1d1 c1d2
d3c2 d3c3 d3d2 d3e2 d3e3
d3c2 d3c3 d3d2 d3e2 d3e3
e2d1 e2d2 e2d3 e2e1 e2e3
c2c1 c2d1 c2d2 c2d3
d3c2 d3c3 d3d2 d3e2 d3e3
d3c2 d3c3 d3d2 d3e2 d3e3
e2d1 e2d2 e2d3 e2e1 e2e3
d2c1 d2c2 d2c3 d2d1 d2d3 d2e1 d2e2 d2e3
e1d1 e1d2 e1e2
c3c2 c3d2 c3d3
c2c1 c2d1 c2d2 c2d3
d1c1 d1c2 d1d2 d1e1 d1e2
c2c1 c2c3 c2d1 c2d2 c2d3
d2c1 d2c2 d2c3 d2d1 d2d3 d2e1 d2e2 d2e3
c2c1 c2c3 c2c7 c2d1
d1c1 d1c2 d1d2 d1d6 d1e1 d1e2
d1c1 d1c2 d1e1 d1e2
d3c2 d3c3 d3d2 d3e2 d3e3
d3d2 d3d5 d3e2 d3e3
c1c2 c1d1 c1d2
d1c1 d1c2 d1d2 d1e1 d1e2
e3d2 e3d3 e3e2 e3e5
c3c2 c3d2 c3d3
c1c2 c1d1 c1d2
d2c1 d2c2 d2d1 d2d3 d2e1 d2e3
e3d2 e3d3 e3e2
d1c1 d1c2 d1d2 d1e1 d1e2
c3c2 c3d2 c3d3
e2d1 e2d3 e2e1 e2e3
d2c1 d2c2 d2c3 d2d1 d2d3 d2e1 d2e2 d2e3
c2c1 c2d1
e1d1 e1d2 e1e2
c2c1 c2c3 c2d1 c2d3
d1c1 d1c2 d1d2 d1e1 d1e2
c1c2 c1d1 c1d2
e3d2 e3d3 e3e5
c3d2 c3d3
e3d2 e3d3 e3e2
c1c2 c1d1 c1d2
e1d1 e1d2 e1e2
d2c1 d2c2 d2c3 d2d1 d2d3 d2e1 d2e2 d2e3
d2c1 d2c2 d2c3 d2d1 d2d3 d2e1 d2e2 d2e3
e1d1 e1d2
d1c1 d1d2 d1d7 d1e1 d1e2
d1c1 d1c2 d1d2 d1e1 d1e2
c1c2 c1d1 c1d2
d3c2 d3c3 d3d2 d3e2 d3e3
e3d2 e3e2
d2c1 d2c3 d2d1 d2d3 d2e1 d2e3
d1c1 d1c2 d1d2 d1e1 d1e2
e1d1 e1d2
c3c2 c3d2 c3d3
d3c2 d3c3 d3d2 d3d6 d3e2 d3e3
c1c2 c1c7 c1d1 c1d2
c3c7 c3d2 c3d3
c1c2 c1d1 c1d2
d3c2 d3c3 d3d2 d3e2 d3e3
d1c1 d1c2 d1d2 d1e1 d1e2
c3c2 c3d2 c3d3
e2d1 e2d2 e2d3 e2e1 e2e3
d3c2 d3c3 d3d2 d3e2 d3e3
d2c1 d2c3 d2d1 d2d3 d2e1 d2e2 d2e3
e3d2 e3d3 e3e2
e2d1 e2d2 e2d3 e2e1 e2e3
d3c2 d3e2 d3e3
e2d1 e2d2 e2d3 e2e1 e2e3
d3c2 d3c3 d3e2 d3e3
d1c1 d1c2 d1e1 d1e2
c2c1 c2c3 c2d1 c2d2 c2d3
c2c1 c2c3 c2d1 c2d2 c2d3
d2c1 d2c2 d2c3 d2d1 d2d3 d2e1 d2e2 d2e3
d2c1 d2c2 d2c3 d2d1 d2d3 d2e1 d2e2 d2e3
d2c1 d2d1 d2d3 d2e1 d2e2
e2d1 e2d2 e2d3 e2e1 e2e3
d3c2 d3e3
d1c1 d1c2 d1d2 d1e1 d1e2
e1d1 e1d2 e1e2
e2d1 e2d2 e2d3 e2e1 e2e3
d1c1 d1c2 d1d2 d1e1 d1e2
d2c1 d2c2 d2c3 d2d1 d2e1 d2e2 d2e3
c3d2 c3d3
c1c2 c1c7 c1d1 c1d2
d1c1 d1c2 d1d2 d1e1 d1e2
d1c1 d1c2 d1d2 d1e1 d1e2
d2c1 d2c2 d2d1 d2e1 d2e2 d2e3
d1c1 d1c2 d1d2 d1e2
e2d1 e2d2 e2d3 e2e1 e2e3
e1d1 e1d2 e1e2 e1e5
e3c5 e3d2 e3d3 e3e2
c3c2 c3c5 c3d2 c3d3
c2c1 c2c3 c2c5 c2d1 c2d2 c2d3
c2c1 c2c3 c2d1 c2d2 c2d3
d1c1 d1c2 d1d2 d1e1 d1e2
d3c2 d3c3 d3d2 d3e2 d3e3
e2d1 e2d2 e2d3 e2e1
d1c1 d1c2 d1d2 d1e1 d1e2
c1c2 c1d1 c1d2
c2c1 c2c3 c2c7 c2d1 c2d2 c2d3
e3d2 e3d3 e3e2
c2c1 c2c3 c2d1 c2d2 c2d3
c2d1 c2d2 c2d3
c3c2 c3d2 c3d3
c2c1 c2c3 c2d1 c2d2 c2d3
c1c2 c1d1 c1d2
e2d1 e2d2 e2e1
e1d1 e1d2 e1e2
d1c1 d1c2 d1d2 d1d6 d1e1 d1e2
c2c3 c2d1 c2d2 c2d3
e2d1 e2d2 e2d3 e2e1 e2e3
e3c5 e3d2 e3d3 e3e2
c3d2 c3d3
d2c1 d2c2 d2c3 d2d1 d2d3 d2e1 d2e2 d2e3
e1d1
d2c1 d2c3 d2d1 d2d3 d2e1 d2e2 d2e3
e2d1 e2d2 e2e1 e2e3
d1c1 d1c2 d1d2 d1e1 d1e2
c2c1 c2c3 c2d1 c2d2 c2d3
d3c2 d3c3 d3d2 d3e2 d3e3
e3d2 e3d3 e3e2
c2c1 c2c3 c2d1 c2d2 c2d3
e1d1 e1d2 e1e2
c2c3 c2c7 c2d1 c2d2 c2d3
c2c1 c2d1 c2d2 c2d3
c2c3 c2d1 c2d2 c2d3
d3c2 d3c3 d3d2 d3e3
d3c2 d3c3 d3d2 d3e2 d3e3
c1c2 c1c6 c1d1 c1d2
d1c2 d1d2 d1d7 d1e1 d1e2
c1c2 c1d1
d1c1 d1c2 d1d2 d1d5 d1e1
d3c2 d3c3 d3d2 d3e2 d3e3
e1d1 e1d2 e1e2
e2d1 e2e1
d3c2 d3c3 d3d2 d3e2 d3e3
c1c2 c1d1 c1d2
e3d2 e3d3 e3e2
c2c1 c2c3 c2d1 c2d2 c2d3
d3c2 d3c3 d3d2 d3e2
d2c1 d2c2 d2c3 d2d1 d2e1 d2e2 d2e3
d3c2 d3d2 d3e2 d3e3
c2c1 c2c3 c2c5 c2d1 c2d3
d2c1 d2c2 d2c3 d2d1 d2d3 d2e1 d2e2 d2e3
e1d1 e1d2 e1e2
d2c1 d2c2 d2c3 d2d1 d2d3 d2e1 d2e3
e1d1 e1d2 e1e2 e1e6
d3c2 d3c3 d3d2 d3e2 d3e3
d2c1 d2c2 d2c3 d2d1 d2d3 d2d5 d2e1 d2e2
d1c1 d1d2 d1e1 d1e2
e2d1 e2d2 e2d3 e2e1 e2e3
c3c2 c3c6 c3d2 c3d3
e2d1 e2d2 e2d3 e2e1 e2e3 e2e6
d1c1 d1c2 d1d2 d1e1 d1e2
c2c1 c2c3 c2d1 c2d3
d1c2 d1d2 d1e1
c1c2 c1d1 c1d2
d3c2 d3c3 d3d2 d3d5 d3e2 d3e3
c2c1 c2c3 c2d1 c2d2 c2d3
e2d1 e2d2 e2d3 e2e1 e2e3
e1d1 e1e2
d1c1 d1c2 d1d2 d1e1 d1e2
c3c2 c3d2 c3d3
d2c1 d2c2 d2c3 d2d1 d2d3 d2e1 d2e2 d2e3
c1c2 c1d1 c1d2
c1c2 c1d1 c1d2
d3c2 d3c3 d3d2 d3e2 d3e3
e2d1 e2d2 e2d3 e2e1 e2e3
e1d1
e3d2 e3d3 e3e2 e3e5
c2c1 c2c3 c2d1 c2d2 c2d3
c2c1 c2d1 c2d2 c2d3
e1d1 e1d2 e1e2
c1c2 c1d1 c1d2
d2c1 d2c2 d2c3 d2d1 d2d3 d2e1 d2e2 d2e3
c1c2 c1c7 c1d1 c1d2
c2c1 c2c3 c2c7 c2d2 c2d3
c1c2 c1d1 c1d2
e1d1 e1d2 e1e2
c2c1 c2c3 c2d1 c2d2 c2d3
e3d2 e3d3
e3d2 e3d3 e3e2 e3e6
d3c3 d3d2 d3e2 d3e3
c3c2 c3d2 c3d3
d3c2 d3c3 d3e2 d3e3
d2c1 d2c2 d2c3 d2d1 d2d3 d2e1 d2e2
d2c1 d2c3 d2d1 d2d3 d2e1 d2e2 d2e3
c3c2 c3d2 c3d3
d3c2 d3c3 d3d2 d3e2 d3e3
d2c1 d2c2 d2c3 d2d1 d2d3 d2e1 d2e2 d2e3
c3c2 c3d3
c1c2 c1c5 c1d1 c1d2
d2c1 d2c2 d2c3 d2d1 d2e1 d2e2 d2e3
e2d1 e2d2 e2d3 e2e1 e2e3
d2c1 d2c3 d2d1 d2d3 d2e1 d2e2
d3c2 d3c3 d3d2 d3d7 d3e2 d3e3
c2c1 c2d1 c2d2 c2d3
d2c1 d2c2 d2c3 d2d1 d2d3 d2d5 d2e1 d2e2 d2e3
e1d1 e1d2 e1e2 e1e6
d1c1 d1d2 d1e1 d1e2
e3c5 e3d2 e3d3 e3e2
c3c2 c3d3
c3d2 c3d3
e1d1 e1e2 e1e5
d1c1 d1c2 d1e1
c1c2 c1d1 c1d2
c1c2 c1d1
e3d2 e3d3 e3e2 e3e6
d2c1 d2c2 d2c3 d2d1 d2d3 d2e1 d2e2 d2e3
d1c1 d1c2 d1d2 d1d6 d1e1 d1e2
d3c3 d3d2 d3e2 d3e3
d1c1 d1c2 d1d2 d1e1 d1e2
d1c1 d1c2 d1e1 d1e2
e2d1 e2d2 e2d3 e2e1 e2e3 e2e6
e3d2 e3d3 e3e2
c2c1 c2c3 c2c5 c2d1 c2d2 c2d3
e1d1 e1d2
e1d1 e1d2 e1e2
e1d1 e1d2 e1e2
e1d1 e1d2 e1e2
c1c2 c1d1 c1d2
d2c1 d2c2 d2c3 d2d1 d2e1 d2e2 d2e3
d3d2 d3e2 d3e3
e3d2 e3d3 e3e2
c1c2 c1d1 c1d2
d2c1 d2c2 d2c3 d2d1 d2d3 d2e1 d2e2 d2e3
e1d1 e1d2 e1e2
c3c2 c3d2 c3d3
c3c2 c3c7 c3d2 c3d3
c3c2 c3d2 c3d3
d1c1 d1c2 d1d2
e2d1 e2d2 e2d3 e2e1 e2e3 e2e6
d2c1 d2c2 d2c3 d2d1 d2e1 d2e2
d1c1 d1c2 d1d2 d1e1 d1e2
e3d3 e3e5
d3c2 d3c3 d3d2 d3e2 d3e3
e2d1 e2d3 e2e1
e2d1 e2d2 e2d3 e2e1 e2e3
c1d1 c1d2
d3c2 d3c3 d3d2 d3e2 d3e3
c1d1 c1d2
c3c2 c3d2 c3d3
d2c1 d2c2 d2c3 d2d1 d2d3 d2e1 d2e2 d2e3
e1d1 e1d2 e1e2
d1c1 d1c2 d1d2 d1e1 d1e2
c1c2 c1d1 c1d2
d1c1 d1c2 d1d2 d1e1 d1e2
e2d1 e2d2 e2d3 e2e1 e2e3 e2e5
c1d1 c1d2
d3c2 d3c3 d3d2 d3d5 d3e2 d3e3
e3d3 e3e2
d1c1 d1c2 d1d2 d1d5 d1e1 d1e2
c1c2 c1d1 c1d2
e3d2 e3d3 e3e2
e3c5 e3d2 e3d3 e3e2
c2c1 c2c3 c2d1 c2d3
d1c1 d1c2 d1d2 d1e1 d1e2
c1c2 c1d1 c1d2
e3d2 e3e2
e2d1 e2d2 e2d3 e2e1 e2e3
d2c1 d2c2 d2c3 d2d1 d2d3 d2e1 d2e3
c2c1 c2c3 c2c6 c2d1 c2d2 c2d3
d2c1 d2c2 d2c3 d2d1 d2d3 d2d6 d2e1 d2e2 d2e3
c1c2 c1d1 c1d2
d2c1 d2c2 d2c3 d2d1 d2d3 d2e1 d2e2 d2e3
c1c2 c1d1 c1d2
d2c1 d2c2 d2d3 d2e1 d2e2 d2e3
d1c1 d1c2 d1d2 d1e1 d1e2
d3c2 d3d2 d3e2 d3e3
c1c2 c1c7 c1d1 c1d2
d3c2 d3d2 d3e2 d3e3
d2c1 d2c2 d2c3 d2d1 d2e1 d2e2 d2e3
e2d1 e2d2 e2d3 e2e1 e2e3
c2c1 c2c3 c2d1 c2d2 c2d3
d1c1 d1c2 d1d2 d1e1 d1e2
c2c1 c2c3 c2c7 c2d1 c2d2 c2d3
e7d7 e7e6
e7d6 e7d7 e7e1 e7e6
c1d1 c1d2
e7d6 e7d7 e7e6
d1c1 d1c2 d1e1
d3c2 d3c3 d3d2 d3e2 d3e3
e6d5 e6d6 e6d7 e6e2 e6e5 e6e7
c3c2 c3d2 c3d3
d6c5 d6c6 d6c7 d6d5 d6d7 d6e5 d6e6 d6e7
e5d5 e5e6
d6c5 d6c6 d6c7 d6d5 d6d7 d6e5 d6e7
c6c5 c6c7 c6d5 c6d6 c6d7
c6c5 c6c7 c6d5 c6d7
e2d1 e2d2 e2d3 e2e1 e2e3
d1c1 d1c2 d1e1 d1e2
d7c6 d7c7 d7d6 d7e6 d7e7
d3c2 d3c3 d3d2 d3e2
d3c2 d3c3 d3d2 d3e2 d3e3
c2c1 c2c3 c2d1 c2d2 c2d3
e5d5 e5d6 e5e6
c1c2 c1d1 c1d2
c2c1 c2c3 c2d1 c2d2 c2d3
c1c2 c1d1 c1d2
c7c2 c7c6 c7d6 c7d7
d6c5 d6c7 d6d5 d6e5 d6e6 d6e7
c7c6 c7d6 c7d7
c6c5 c6c7 c6d6 c6d7
e6d5 e6d6 e6d7 e6e7
e3d3 e3e2 e3e5
c7c2 c7c6 c7d6 c7d7
e1d1 e1d2 e1e2
d5c5 d5c6 d5d6 d5e5 d5e6
d6c6 d6c7 d6d5 d6d7 d6e6 d6e7
d2c1 d2c2 d2c3 d2d1 d2d3 d2d5 d2e1 d2e2 d2e3
c2c3 c2d1 c2d2 c2d3
d1c1 d1c2 d1d2 d1e1 d1e2
e6d5 e6d6 e6d7 e6e3 e6e5 e6e7
e3d2 e3d3 e3e2
c2c1 c2c3 c2c5 c2d1 c2d3
e3d2 e3d3 e3e2 e3e6
e2d1 e2d2 e2d3 e2e1 e2e3
e7d6 e7d7 e7e3 e7e6
c6c5 c6c7 c6d5 c6d6 c6d7
c5c6 c5d5 c5d6
e5d6 e5e6
e2d1 e2d2 e2d3 e2e1 e2e3
d5c5 d5c6 d5d6 d5e5 d5e6
c2c1 c2c3 c2d1 c2d2 c2d3
e5d5 e5d6
d3c2 d3c3 d3d2 d3d6 d3e2 d3e3
c7c6 c7d6 c7d7
d6c5 d6c6 d6c7 d6d5 d6d7 d6e5 d6e6 d6e7
e5d5 e5d6 e5e6
d3c2 d3c3 d3d2 d3d7 d3e2 d3e3
d5c5 d5c6 d5d1 d5e5 d5e6
d7c6 d7c7 d7d3 d7d6 d7e6 d7e7
d7c6 d7c7 d7d6 d7e6 d7e7
c3c2 c3d2
d7c6 d7c7 d7d2 d7d6 d7e6 d7e7
d3c2 d3d2 d3d7 d3e2
c7c1 c7c6 c7d6 c7d7
c7c6 c7d6 c7d7
c1c2 c1d1 c1d2
e3d2 e3d3 e3e2
d5c5 d5c6 d5d6 d5e5 d5e6
c2c1 c2d1 c2d2 c2d3
d6c5 d6c6 d6c7 d6d5 d6d7 d6e5 d6e6 d6e7
d1c1 d1c2 d1d2 d1d6 d1e1 d1e2
c3c2 c3c7 c3d2 c3d3
e1d1 e1d2 e1e2
d2c1 d2c2 d2c3 d2d1 d2d3 d2e1 d2e2 d2e3

e2d1 e2d2 e2d3 e2e1 e2e3 e2e7
d3c2 d3c3 d3d2 d3e2
c1c2 c1d1 c1d2
d1c1 d1c2 d1d2 d1e1 d1e2
e3d2 e3e2
c1d1 c1d2
e3d2 e3d3 e3e2
d1c1 d1c2 d1d2 d1e1 d1e2
e3d2 e3d3 e3e2
d3c2 d3d2 d3d5 d3e2 d3e3
c1c2 c1d1 c1d2
c2c1 c2c3 c2c6 c2d1
c3c2 c3d3
c3c2 c3d3
c3c2 c3d2 c3d3
d1c1 d1c2 d1d2 d1e1 d1e2
c1c2 c1d1 c1d2
c2c1 c2c3 c2d1 c2d2 c2d3
d3c2 d3c3 d3d2 d3e2 d3e3
c2c1 c2c3 c2d1 c2d2 c2d3
c3c2 c3d2 c3d3
c2c1 c2c3 c2d1 c2d2 c2d3
d2c1 d2c3 d2d1 d2d3 d2e1 d2e2 d2e3
e1d2 e1e2
c3c2 c3c6 c3d2 c3d3
e2d1 e2d2 e2d3 e2e1 e2e3
d3c2 d3c3 d3d2 d3e2 d3e3
c1c2 c1d1 c1d2
c3c2 c3c7 c3d2 c3d3
c3c2 c3d2 c3d3 c3e5
e2d1 e2d2 e2d3 e2e1 e2e3
e1d1 e1d2 e1e2 e1e6
e1d1 e1d2 e1e2 e1e7
d2c1 d2c2 d2c3 d2d1 d2d3 d2e1 d2e2 d2e3
e2d1 e2d2 e2d3 e2e1 e2e3 e2e6
c3c2 c3d3
d1c1 d1c2 d1d2 d1e1 d1e2
e2d1 e2e1 e2e3
d1c1 d1c2 d1d2 d1e1 d1e2
e1d1 e1d2 e1e2
e1d1 e1d2 e1e2
c1c2 c1d1 c1d2
e1d1 e1d2 e1e2
d1c1 d1c2 d1d2 d1e1
d2c1 d2c2 d2c3 d2d1 d2d3 d2e1 d2e2 d2e3
d3c2 d3c3 d3d5 d3e2 d3e3
c2c1 c2c3 c2d1 c2d2 c2d3
e2d3 e2e1 e2e3
e3d2 e3d3 e3e2 e3e5
d3c2 d3c3 d3d2 d3e2 d3e3
d1c1 d1c2 d1d2 d1e1 d1e2
c2c1 c2c3 c2d1 c2d2
e3d2 e3d3 e3e2 e3e7
c3c2 c3c6 c3d2 c3d3
d1c1 d1c2 d1d2 d1e1
d3c3 d3d2 d3e2
e2d1 e2d2 e2d3 e2e1 e2e3
c2c1 c2c3 c2d1 c2d2 c2d3
e2d1 e2d2 e2e1 e2e3
c1c2 c1d1 c1d2
d1c1 d1c2 d1d2 d1d5 d1e1 d1e2
d1c1 d1c2 d1e1 d1e2
d2c1 d2c2 d2c3 d2d1 d2d3 d2e1 d2e2 d2e3
e3d2 e3d3 e3e2
c1c2 c1d2
d2c1 d2c2 d2c3 d2d1 d2d3 d2e1 d2e2 d2e3
e1d1 e1d2
e3d2 e3d3
e3d2 e3e2 e3e6
c3c2 c3d2 c3d3
d3c2 d3c3 d3d2 d3e2 d3e3
d1c1 d1c2 d1d2 d1d5 d1e1 d1e2
e1d1 e1d2 e1e2
d3c2 d3c3 d3d2 d3e2 d3e3
d1c1 d1c2 d1d2 d1e1 d1e2
e3d2 e3d3 e3e2
e3d2 e3d3 e3e2
c1c2 c1d1 c1d2
d2c1 d2c2 d2c3 d2d1 d2e1 d2e2 d2e3
c3c2 c3d2 c3e5
d1c1 d1c2 d1e1 d1e2
d1c1 d1c2 d1d2 d1e1 d1e2
c1c2 c1c6 c1d1 c1d2
c2c1 c2c3 c2d1 c2d2 c2d3
c2c1 c2c3 c2c6 c2d1 c2d2 c2d3
e1d1 e1d2 e1e2 e1e5
d1c1 d1c2 d1d2 d1e1 d1e2
e3c5 e3d2 e3d3 e3e2
e2d1 e2d2 e2d3 e2e1 e2e3
d2c1 d2c2 d2c3 d2d1 d2d3 d2e1 d2e2 d2e3
c3c2 c3d2 c3d3
c1c2 c1d1
d2c1 d2c2 d2c3 d2d1 d2d3 d2e1 d2e2 d2e3
d3c2 d3c3 d3d2 d3e2 d3e3
e1d1 e1d2 e1e2
e3d2 e3d3 e3e2 e3e6
c1c2 c1d1 c1d2
e3d2 e3d3 e3e2
e3d2 e3d3 e3e2 e3e5
c3c2 c3d2 c3d3
d3c2 d3c3 d3d2 d3d6 d3e2 d3e3
d2c1 d2c2 d2c3 d2d1 d2d3 d2e1 d2e2 d2e3
c2c1 c2c3 c2d1 c2d3
c3c2 c3d2
d1c1 d1c2 d1d2 d1e1 d1e2
c2c1 c2c3 c2c7 c2d2 c2d3
c1c2 c1c5 c1d1 c1d2
e1d1 e1d2 e1e2
e1d1 e1d2 e1e2 e1e5
c2c1 c2c3 c2d1 c2d2 c2d3
d2c1 d2c2 d2c3 d2d1 d2d3 d2d7 d2e1 d2e2 d2e3
d2c1 d2c2 d2c3 d2d1 d2d3 d2e1 d2e2 d2e3
c1c2 c1d1 c1d2
c3d2 c3d3
d3c2 d3c3 d3d2 d3e2 d3e3
c3c2 c3d2 c3d3
c1c2 c1d1 c1d2
d1c1 d1c2 d1d2 d1e1 d1e2
d3c2 d3c3 d3d2 d3e2
e3d2 e3d3 e3e2
d1c1 d1c2 d1d2 d1e1 d1e2
e3d2 e3d3 e3e2 e3e5
e2d1 e2d2 e2d3 e2e1 e2e3
d1c1 d1c2 d1d2 d1e1
d1c1 d1c2 d1d2 d1e1 d1e2
d3c2 d3c3 d3d2 d3e2 d3e3
e3d2 e3d3 e3e2
c3c2 c3d2 c3d3
c1c2 c1d1
c3c2 c3d2 c3d3
c1c2 c1c6 c1d1 c1d2
d2c1 d2c2 d2d1 d2d3 d2e1 d2e2 d2e3
d3c2 d3c3 d3d2 d3e2 d3e3
e3d2 e3d3 e3e2
c1c2 c1d1 c1d2
c2c1 c2c3 c2d1 c2d2 c2d3
e1d1 e1d2 e1e2
e3d3 e3e2
d1c1 d1c2 d1d2 d1e1 d1e2
c1c2 c1c7 c1d1 c1d2
d1c1 d1c2 d1d2 d1e1 d1e2
e2d1 e2d2 e2e1 e2e3
c2c1 c2c3 c2c7 c2d1 c2d2 c2d3
e3d2 e3d3
e3d2 e3d3 e3e2
d2c1 d2c2 d2c3 d2d1 d2e1 d2e2
c2c3 c2d1 c2d2 c2d3
c3c2 c3d2 c3d3
d2c1 d2c2 d2c3 d2d1 d2d3 d2d6 d2e1 d2e2 d2e3
d1c1 d1c2 d1e1
e1d1 e1d2 e1e2
e3d2 e3d3 e3e2
e3d2 e3d3 e3e2 e3e7
e2d1 e2d2 e2d3 e2e1 e2e3
d1c1 d1c2 d1e1 d1e2
c3c2 c3c7 c3d2 c3d3
d1c1 d1d2 d1e1 d1e2
e1d1 e1d2
d1c1 d1c2 d1d2 d1e1 d1e2
e3d2 e3d3 e3e2
e3d2 e3d3 e3e2
d3c2 d3c3 d3d2 d3e3
e1d1 e1d2 e1e2
c2c1 c2c3 c2d1 c2d2 c2d3
d2c1 d2c2 d2c3 d2d1 d2d3 d2e1 d2e2 d2e3
d2c1 d2c2 d2c3 d2d1 d2d3 d2e1 d2e2 d2e3
c3c2 c3d2
c3c2 c3d2 c3d3
c2c1 c2c3 c2d1 c2d2 c2d3
d3c2 d3c3 d3d6 d3e2 d3e3
e2d1 e2d2 e2d3 e2e1
c1c2 c1d1 c1d2
d1c1 d1c2 d1d2 d1e1 d1e2
e2d1 e2d2 e2d3 e2e1 e2e3
e1d1 e1d2 e1e2
e2d1 e2d2 e2d3 e2e1 e2e3
e2d1 e2d2 e2d3 e2e1 e2e3
c1d1
e2d1 e2d2 e2d3 e2e1 e2e3
d3c2 d3c3 d3d2 d3e2 d3e3
d3c2 d3c3 d3d2 d3d5 d3e2 d3e3
d3c2 d3c3 d3d2 d3e2 d3e3
d3c3 d3d2 d3d7 d3e2 d3e3
e3d2 e3e2
e2d1 e2d2 e2d3 e2e1 e2e3
d2c1 d2c2 d2c3 d2d1 d2e1 d2e3
d3c3 d3d2 d3e2 d3e3
c1c2 c1c7 c1d1 c1d2
d3c2 d3c3 d3d2 d3d6 d3e2 d3e3
c1c2 c1c5 c1d1 c1d2
e3c5 e3d2 e3d3 e3e2
d2c1 d2c2 d2c3 d2d1 d2e1 d2e2 d2e3
e1d1 e1d2 e1e2
e3d2 e3d3 e3e2
c3c2 c3c6 c3d2 c3d3
c3c2 c3d2 c3d3
c1d1 c1d2
d2c1 d2c2 d2c3 d2d1 d2d3 d2e1 d2e2
c2c1 c2c3 c2d1 c2d2 c2d3
c1c2 c1d1 c1d2
d3c2 d3c3 d3d2 d3e3
c2c1 c2c3 c2d1 c2d2 c2d3
c2c1 c2c3 c2d1 c2d2 c2d3
e2d1 e2d2 e2d3 e2e1 e2e3
e3d2 e3d3
c1c2 c1d1 c1d2
d2c1 d2c2 d2d1 d2d3 d2d5 d2e1 d2e2 d2e3
e3d2 e3d3 e3e2
d3c2 d3c3 d3e2 d3e3
c1c2 c1d2
d1c1 d1c2 d1d2 d1e1 d1e2
c2c1 c2c3 c2d1 c2d2
c1c2 c1d1 c1d2
c2c1 c2c3 c2d1 c2d2 c2d3
c3c2 c3d2 c3d3
c3c2 c3d2 c3d3
e3d2 e3e2
e1d1 e1d2 e1e2
e1d1 e1d2 e1e2
c2c1 c2c3 c2d1 c2d2 c2d3
e1d1 e1d2 e1e2
e1d1 e1e2
e2d1 e2d2 e2d3 e2e1 e2e3
d1c1 d1c2 d1d2
e2d1 e2d2 e2d3 e2e1 e2e3
d3c3 d3d2 d3e2 d3e3
e1d1 e1d2 e1e2
d1c1 d1c2 d1e1 d1e2
e1d1 e1d2 e1e2
e3d2 e3d3 e3e2 e3e5
e2d1 e2d2 e2d3 e2e1 e2e3
c3c2 c3d2
e2d1 e2d2 e2d3 e2e1 e2e3 e2e5
c1c2 c1d1 c1d2
d2c1 d2c2 d2c3 d2d1 d2d3 d2e1 d2e2 d2e3
e3d3 e3e2
e3d2 e3d3 e3e2
c2c1 c2c3 c2d1 c2d2 c2d3
c3c2 c3c5 c3d2 c3d3
d3d2 d3e2
c2c1 c2c3 c2d1 c2d3
e2d1 e2d2 e2e1
e3d2 e3d3 e3e2
e2d1 e2d2 e2d3 e2e1 e2e3
e2d1 e2d2 e2d3 e2e1
e1d1 e1d2
e3d2 e3d3 e3e2
c3c2 c3d2 c3d3
c1c2 c1d1 c1d2
e1d1 e1d2 e1e2
c3c2 c3c6 c3d2 c3d3
c1c2 c1d1 c1d2
e1d1 e1d2 e1e2
d1c1 d1c2 d1d2 d1e1 d1e2
c1c2 c1d1
c3c2 c3c5 c3d3
c1c2 c1d1 c1d2
d2c1 d2c3 d2d1 d2d3 d2e1 d2e2 d2e3
d2c1 d2c2 d2c3 d2d1 d2d3 d2d6 d2e1 d2e2 d2e3
d1c1 d1c2 d1d2 d1e1 d1e2
e1d1 e1d2 e1e2
d1c1 d1d2 d1e1 d1e2
c1c2 c1c5 c1d1 c1d2
c3c2 c3d2
e3d3 e3e2
c3c2 c3c7 c3d2
d1c1 d1c2 d1d2 d1d6 d1e1 d1e2
d1c1 d1c2 d1d2 d1d6 d1e1 d1e2
c3c2 c3d2 c3d3
e2d1 e2d2 e2d3 e2e1 e2e3
d3c2 d3c3 d3d2 d3d6 d3e2 d3e3
c1c2 c1d2
d1c1 d1c2 d1d2 d1e1 d1e2
d1c1 d1c2 d1d2 d1e1 d1e2
c3c2 c3d2 c3d3
d1c1 d1c2 d1d2 d1d6 d1e1
e3d2 e3d3 e3e2
c3c2 c3d2 c3d3
e3d2 e3d3 e3e2
e3d2 e3d3
c3c2 c3c6 c3d2 c3d3
d2c1 d2c2 d2c3 d2d1 d2d3 d2e1 d2e2 d2e3
e1d1 e1d2 e1e2
d2c1 d2c2 d2c3 d2d1 d2d3 d2e1 d2e2 d2e3
c2c1 c2c3 c2d1 c2d2 c2d3
e3d2 e3e6
d1c1 d1c2 d1d2 d1d5 d1e1 d1e2
d1c1 d1c2 d1d2 d1e1 d1e2
e1d1 e1d2 e1e2
c3c2 c3c7 c3d2 c3d3
e2d1 e2d2 e2e1 e2e3
d2c1 d2c2 d2d1 d2d3 d2d5 d2e1 d2e2 d2e3
e3d2 e3d3 e3e2
d1c1 d1c2 d1d2 d1e1 d1e2
e2d1 e2d2 e2d3 e2e1 e2e3
d1c1 d1c2 d1e1 d1e2
c3c2 c3d2 c3d3
d2c1 d2c2 d2d1 d2d3 d2e1 d2e2 d2e3
c1c2 c1d1
e2d1 e2d2 e2e1
d1c1 d1c2 d1d2 d1e2
d1c1 d1c2 d1d2 d1e1 d1e2
e3d2 e3d3 e3e2
c1c2 c1d1 c1d2
e1d1 e1d2 e1e2
c1c2 c1d2
c2c1 c2c3 c2d1 c2d3
c1c2 c1d1 c1d2
e3d2 e3d3 e3e2
c2c1 c2c3 c2c6 c2d1 c2d2 c2d3
e1d1 e1d2 e1e2
c1c2 c1d1
e1d1 e1d2 e1e2
c2c1 c2c3 c2d1 c2d2 c2d3
d1c1 d1c2 d1d2 d1e1 d1e2
d3c2 d3c3 d3d2 d3e2 d3e3
d2c1 d2c2 d2c3 d2d1 d2d3 d2d6 d2e1 d2e2 d2e3
d3c2 d3c3 d3d2 d3e2 d3e3
c3c2 c3d2 c3d3
e2d1 e2d2 e2d3 e2e1 e2e3
d1c1 d1c2 d1d2 d1e1 d1e2
c1c2 c1d1 c1d2
d1c1 d1c2 d1d2 d1e1 d1e2
e1d1 e1d2 e1e2
d3c2 d3c3 d3d2 d3d7
e2d1 e2d2 e2d3 e2e1 e2e3
c2c1 c2c3 c2d2 c2d3
d3c2 d3c3 d3e2 d3e3
c3c2 c3c5 c3d2 c3d3
e1d1 e1d2
d2c1 d2c2 d2c3 d2d1 d2d3 d2e1 d2e2 d2e3
e2d1 e2d2 e2e1 e2e3
d3c2 d3c3 d3d2 d3e2 d3e3
d2c1 d2c2 d2c3 d2d1 d2d3 d2d7 d2e1 d2e2
e3d3 e3e2
c3c2 c3d3
e3d2 e3d3 e3e2
d2c1 d2c2 d2d1 d2d3 d2e1 d2e2
c2c1 c2c3 c2c5 c2d1 c2d2 c2d3
e1d1 e1d2 e1e2
e2d1 e2d2 e2d3 e2e1 e2e3
e1d1 e1d2 e1e2
c3c2 c3d2 c3d3
d1c1 d1c2 d1d2 d1e1 d1e2
d1c1 d1c2 d1d2 d1e1 d1e2
c1d1 c1d2
c3c2 c3c5 c3d2 c3d3
e1d1 e1d2 e1e2
c3c2 c3d2 c3d3
d3c2 d3d2 d3d5 d3e2 d3e3
c2c1 c2c3 c2d1 c2d2 c2d3
d2c1 d2c2 d2c3 d2d1 d2d3 d2d6 d2e1 d2e2 d2e3
c2c1 c2c3 c2d1 c2d2 c2d3
d1c2 d1d2 d1e1
e3d2 e3d3 e3e2
d2c1 d2c2 d2c3 d2d1 d2d3 d2e1 d2e2 d2e3
c3c2 c3d2 c3d3
c3c6 c3d2
d2c1 d2c2 d2c3 d2d1 d2d3 d2e1 d2e2 d2e3
d2c1 d2c2 d2c3 d2d1 d2d3 d2e1 d2e2 d2e3
e1d1 e1d2 e1e2
e1d1 e1d2 e1e2
e3c5 e3d2 e3d3 e3e2
e3d2 e3d3 e3e2
e1d1 e1d2 e1e2
d1c1 d1d2 d1e1 d1e2
c2c1 c2c3 c2d1 c2d2 c2d3
c1c2 c1d1 c1d2
d3c2 d3d2 d3d6 d3e2
d2c1 d2c2 d2c3 d2d1 d2e1 d2e2 d2e3
c1c2 c1d1 c1d2
c1c2 c1d1 c1d2
e1d1 e1d2 e1e2
d2c1 d2c2 d2c3 d2d1 d2d3 d2e1 d2e3
e2d1 e2d2 e2d3 e2e1 e2e3
e2d1 e2d2 e2e1 e2e3
e2d1 e2d2 e2d3 e2e1 e2e3
e3d2 e3d3 e3e2
d1c1 d1c2 d1d2 d1d7 d1e1 d1e2
e2d1 e2d2 e2d3 e2e1 e2e3 e2e7
d2c1 d2c2 d2c3 d2d1 d2d3 d2d6 d2e1 d2e2 d2e3
c2c1 c2c3 c2d1 c2d2 c2d3
d1c1 d1c2 d1d2 d1e1 d1e2
c2c1 c2c3 c2d1 c2d2 c2d3
e2d1 e2d2 e2d3 e2e1 e2e3
c1c2 c1d1
d1c1 d1c2 d1d2 d1d7 d1e1 d1e2
c1c2 c1d1 c1d2
e1d1 e1e2
d3c2 d3d2 d3e3
d3c3 d3d2 d3d6 d3e3
c3d2
c3c2 c3d2 c3d3
d2c1 d2c2 d2d1 d2d3 d2e1 d2e2 d2e3
c1c2 c1d1 c1d2
d3c3 d3e3
c3c2 c3d2 c3d3
c3c2 c3d2 c3d3
c1c2 c1d1 c1d2
c1c2 c1d1 c1d2
d2c1 d2c2 d2c3 d2d1 d2e1 d2e2 d2e3
e3d2 e3d3 e3e2
c3c2 c3c6 c3d2 c3d3
d3c2 d3c3 d3d2 d3d6 d3e2
d2c1 d2c2 d2c3 d2d1 d2d3 d2d6 d2e1 d2e2 d2e3
d3c2 d3e2 d3e3
e3d2 e3e2
c2c1 c2d1 c2d2 c2d3
c1c2 c1d1 c1d2
d2c1 d2c2 d2d1 d2d3 d2e1 d2e2 d2e3
e3d2 e3d3 e3e2 e3e6
d1c1 d1c2 d1d2 d1e1 d1e2
c1d1 c1d2
d1c1 d1c2 d1d2 d1e1 d1e2
d3c2 d3c3 d3d2 d3d7 d3e2 d3e3
d2c1 d2c3 d2d1 d2d3 d2e1 d2e2 d2e3
e3d2 e3d3
c1c2 c1d1 c1d2
c3c2 c3d2 c3d3
e3d2 e3d3 e3e2
d3c2 d3c3 d3d2 d3e2 d3e3
e3d2 e3d3 e3e2
d2c1 d2c2 d2c3 d2d1 d2e1 d2e2 d2e3
e1d1 e1d2 e1e2
c2c1 c2c3 c2d1 c2d2 c2d3
d3c2 d3c3 d3d2 d3d7 d3e2 d3e3
c2c1 c2c3 c2d1 c2d2
e3d3 e3e2
