
b4a5 b4b5 c5b6 c5c3 c5c4 c5c6 c5d6 f5e6 f5f3 f5f4 f5f6 f5g6
a6a4 a6a5 a6a7 a6b7 b3a4 b3b4 c6b7 c6c7 c6d7 f6f4 f6f5 f6f7 f6g7

g3f4 g3g4
c6b7 c6c4 c6c5 c6c7 c6d7
b2a3 b2b3 b2c3 c4b5 c4c5 f5e6 f5f6 f5g6
c3b4 c3c4 d2d3 d2e3 d4c5 d4d5 d4e5


b6a7 b6b4 b6b5 b6b7 b6c7
a2a3 a2b3
e4d5 e4e5 e4f5 g5f6 g5g4 g5g6
a5a3 a5a4 a5a6 a5b6 g3f4 g4f5 g4g5
d3c4 d3d4 d3e4 e2f3 e3d4 e3e4 e3f4 f2f3 f2g3 g4f5 g4g5
a6a4 a6a5 a6a7 a6b7
b3a4 b3b4 b3c4 c3b4 c3c4 c3d4 d3c4 d3d4 d3e4 e6d7 e6e7 e6f7
g3f4 g3g4
d2c3 d2e3 d3c4 d3d4 e2e3 e2f3 e4d5 e4f5
e4d5 e4e5 e4f5
e5d6 e5e3 e5e4 e5e6 e5f6

b5a6 b5b3 b5b4 b5b6 b5c6 c2b3 c2d3 c3b4 c3c4 c3d4 f3e4 f3f4 f3g4 f6e7 f6f4 f6f5 f6f7 f6g7 g5g3 g5g4 g5g6
f3e4 f3f4 f3g4 g2g3
c3b4 c3c4 c3d4 d5c6 d5d4 d5d6 d5e6 f4e5 f4f5 f4g5
d3c4 d3d4 d3e4 f2e3 f2f3 f2g3
a6a4 a6a5 a6a7 a6b7 b3a4 b3c4 f3e4 f3f4 f3g4 f6e7 f6f4 f6f5 f6f7 f6g7

c5b6 c5c3 c5c4 c5c6 c5d6 f2e3 f2f3 f2g3

b2a3 b2b3 b2c3 c5b6 c5c3 c5c4 c5c6 c5d6 d5c6 d5d6 d5e6 e3d4 e3e4 e3f4 f5e6 f5f3 f5f4 f5f6 f5g6 g2f3 g2g3 g5f6 g5g6

a3a4 a3b4 b2b3 b2c3 c6b7 c6c5 c6c7 c6d7 f2e3 f2f3 f2g3
c2b3 c2c3 c6b7 c6c4 c6c5 c6c7 c6d7 g3f4 g3g4

d4c5 d4d5 d4e5
d2c3 d2d3 f3e4 f3f4 f3g4 g5f6 g5g3 g5g4 g5g6
c4b5 c4c5 c4d5 e2e3 e2f3
a5a3 a5a4 a5a6 a5b6 c3b4 c3c4 c3d4 c5b6 c5c4 c5d6 d2d3 d2e3 e4d5 e4e5 e4f5 g2f3 g2g3 g5f6 g5g4 g5g6
a6a4 a6a5 a6a7 a6b7 c2b3 c2c3 c2d3 e4d5 e4e5 e4f5
a6a7 a6b7 b5b4 b5b6 b5c6 c2b3 c2c3 c2d3 d4c5 d4d5 d4e5 f5e6 f5f4 f5f6 f5g6 g2f3 g2g3
a3a4 a3b4
a4a5 a4b5 d3c4 d3d4 d3e4 g3f4 g3g4
b4a5 b4b5 b4c5 f3e4 f3f4 f3g4
a2b3 a3a4 a3b4 b6a7 b6c7 c6c5 c6c7 c6d7 d3c4 d3e4 d6c7 d6d7 d6e7 e2e3 e2f3
f2e3 f2f3 f2g3
d2d3 d2e3 g6f7 g6g4 g6g5 g6g7
a4a5 a4b5 g3f4 g3g4

d2d3 d2e3 e2d3 e2e3 e2f3 f4e5 f4f5 f4g5
b4a5 b4b5 b4c5 d5c6 d5d3 d5d4 d5d6 d5e6 f5e6 f5f6 g3f4 g3g4 g6f7 g6g4 g6g5 g6g7


a5a3 a5a4 a5a6 a5b6 c4b5 c4c5 c4d5
g5f6 g5g3 g5g4 g5g6
d6c7 d6d4 d6d5 d6d7 d6e7 g2g3
g5f6 g5g3 g5g4 g5g6
d4c5 d4d5 d4e5
a3a4 a3b4 g3f4 g3g4

b3a4 b3b4 b3c4

a5a3 a5a4 a5a6 b6a7 b6b4 b6b5 b6b7 b6c7 d6c7 d6d4 d6d5 d6d7 d6e7 f2e3 f2f3 f2g3 g6f7 g6g4 g6g5 g6g7
e3d4 e3e4
a4a5 a4b5 g3f4 g3g4
d5c6 d5d3 d5d4 d5d6 d5e6

a2a3 a2b3 c5b6 c5c3 c5c4 c5c6 c5d6 f2e3 f2f3 f2g3
a3a4 a3b4 f3e4 f3f4 f3g4
b6a7 b6b4 b6b5 b6b7 b6c7
a2a3 a2b3 b5a6 b5b6 b5c6 c5b6 c5c3 c5c4 c5c6 c5d6 g2f3 g2g3
a6a4 a6a5 a6a7 a6b7
a5a3 a5a4 a5b6 a6a7 a6b7 c2b3 e6d7 e6e5 e6e7 e6f7 g2f3 g3f4 g3g4
c4b5 c4c5 c4d5 f5e6 f5f3 f5f4 f5f6 f5g6
a5a3 a5a4 a5a6 a5b6 c4b5 c4c5 c4d5 d6c7 d6d4 d6d5 d6d7 d6e7 f6e7 f6f4 f6f5 f6f7 f6g7

b2a3 b2c3 b3a4 b3b4 b3c4 b5a6 b5b4 b5b6 b5c6 d4c5 d4e5 d5c6 d5d6 d5e6 e2d3 e2f3
b3a4 b3b4 b3c4 c5b6 c5c3 c5c4 c5c6 c5d6
b2a3 b2b3 b2c3
a4a5 a4b5 e2d3 e2e3 e2f3
a6a5 a6a7 a6b7 c5b6 c5c4 c5c6 c5d6 d5c6 d5d3 d5d4 d5d6 d5e6 f2e3 f2f3 f2g3 g2f3 g2g3

e6d7 e6e4 e6e5 e6e7 e6f7 g6f7 g6g4 g6g5 g6g7
a5a3 a5a4 a5a6 a5b6
a4a5 a4b5 d6c7 d6d7 d6e7
c3b4 c3c4 c3d4 f3e4 f3f4 g4f5 g4g5
d3c4 d3e4
c6b7 c6c7 c6d7 g5f6 g5g3 g5g4 g5g6
b2a3 b2b3 b2c3 c2b3 c2c3 c2d3 f2e3 f2f3 f2g3 g2f3 g2g3 g4f5 g4g5

b2a3 b2b3 b2c3 c4b5 c4c5 c4d5

a5a3 a5a4 a5a6 b4b5 b4c5 b6a7 b6b5 b6b7 b6c7 c3c4 c3d4 e6d7 e6e4 e6e5 e6e7 e6f7 f2f3 f2g3 g6f7 g6g4 g6g5 g6g7
c4b5 c4c5 c4d5

a2a3 a2b3 d2c3 d2d3
a2a3 a2b3 b2a3 b2b3 b2c3 b4a5 b4b5 d3c4 d3d4 d3e4 d5c6 d5d6 d5e6 g3f4 g3g4

g5f6 g5g6
f6e7 f6f4 f6f5 f6f7 f6g7 g5g3 g5g4 g5g6
b2a3 b2b3 f4e5 f4f5 f4g5 f6e7 f6f7 f6g7 g6f7 g6g4 g6g5 g6g7
a2a3 a2b3 a5a3 a5a4 a5a6 a5b6 e5d6 e5e3 e5e4 e5e6 e5f6
b3a4 b3b4 b3c4 b5a6 b5b4 b5b6 b5c6 d2c3 d2e3 d3c4 d3e4 d6d5 d6d7 d6e7 g2f3 g2g3
e3d4 e3e4 e3f4
a3a4 a3b4
g6f7 g6g4 g6g5 g6g7
a5a3 a5a4 a5a6 a5b6 d2c3 d2e3 d3c4 d3d4 d3e4 f2e3 f2f3 f2g3 f5e6 f5f6 g6f7 g6g4 g6g5
a2a3 a2b3 b4a5 b4b5 b4c5 b6a7 b6b5 b6b7 b6c7



c3b4 c3c4 c3d4 g4f5 g5f6 g5g6
b2a3 b2b3 b2c3 c5b6 c5d6 c6c7 c6d7 f2e3 f2f3 f2g3 f5e6 f5f3 f5f4 f5f6 f5g6
c5b6 c5c3 c5c4 c5c6 d6c7 d6d4 d6d5 d6d7 d6e7 g2f3 g2g3
a2a3 a2b3
c5b6 c5c3 c5c4 c5c6 c5d6
a2b3 a3a4 a3b4 a6a4 a6a5 a6a7 a6b7 d6c7 d6d7 d6e7 e3d4 e3e4 e3f4 f3e4 f3f4 f3g4

a5a4 a5a6 b6a7 b6b5 b6b7 e6d7 e6e4 e6e5 e6e7 e6f7


g3f4 g3g4
a2a3 b3a4 b3b4 d2d3 e3d4 e3e4 e3f4 e6d7 e6e7 e6f7 f6e7 f6f7 f6g7 g6f7 g6g4 g6g5 g6g7
a4a5 a4b5
d2c3 d2e3 g5f6 g5g3 g5g4 g5g6
g6f7 g6g4 g6g5 g6g7
a2a3 a2b3 b4a5 b4b5 b4c5


a5a3 a5a4 a5a6 a5b6 d3c4 d3d4 d3e4
a6a4 a6a5 a6a7 a6b7 b6a7 b6b4 b6b5 b6b7 b6c7 c4b5 c4c5 d5c6 d5e6 d6c7 d6d7 d6e7 f2e3 f2f3 f2g3

b3a4 b3b4 b3c4 d4c5 d4d5 d4e5 g5f6 g5g3 g5g4 g5g6
e4d5 e5d6 e5e6 e5f6 f5e6 f5f3 f5f4 f5f6 f5g6
d4c5 d4d5 d4e5 f6e7 f6f7 f6g7
c2b3 c2c3

d3c4 d3d4 d3e4 e2e3 e2f3
a2a3 a2b3 c3b4 c3d4 c4b5 c4c5 c4d5 g3f4 g3g4

a2a3 a2b3 b5a6 b5b4 b5b6 b5c6 c2b3 c2c3 c2d3 d2c3 d2d3 d2e3 e2d3 e2e3 e2f3
a3a4 b4a5 b4b5 b4c5 d6c7 d6d4 d6d5 d6d7 d6e7
f5e6 f5f4 f5f6 f5g6 g3f4 g3g4

d4d5 d4e5 e2d3 e2e3 e2f3

a2a3 a2b3 b2a3 b2b3 b2c3 c5b6 c5c6 c5d6 d3d4 d3e4 e5d6 e5e6 e5f6 f3e4 f3f4 f3g4 f5e6 f5f4 f5f6 f5g6
a6a4 a6a5 a6a7 a6b7 g6f7 g6g4 g6g5 g6g7
a6a7 a6b7 c2b3 c2c3 c2d3 d5c6 d5d3 d5d4 d5d6 d5e6 e3d4 e3f4 e4f5 e5d6 e5e6 e5f6

b5a6 b5b3 b5b4 b5b6 c2b3 c2c3 c2d3 c6c4 c6c5 c6c7 c6d7 e3d4 e3e4 e3f4 g5f6 g5g4 g5g6
b5a6 b5b3 b5b4 b5b6 b5c6 d2c3 d2d3 d2e3 f6e7 f6f4 f6f5 f6f7 f6g7
c5b6 c5c3 c5c4 c5d6 c6b7 c6c7 c6d7 g3f4 g3g4

c2b3 c2d3

c5b6 c5c3 c5c4 c5c6 d6c7 d6d4 d6d5 d6e7 g3f4 g3g4 g5f6 g5g6
g4f5 g4g5
b6a7 b6b4 b6b5 b6b7 b6c7 e4d5 e4e5 e4f5 g6f7 g6g4 g6g5 g6g7
c5b6 c5c4 c5c6 c5d6 g6f7 g6g4 g6g5 g6g7

a2a3 a2b3 a6a4 a6a5 a6a7 a6b7 f6e7 f6f4 f6f5 f6f7 f6g7
a5a4 a5a6 a5b6 b3a4 b3b4 b3c4 c3b4 c3c4 c3d4 e2d3 e2e3 f2e3 f2g3 f3e4 f3f4 f6e7 f6f4 f6f5 f6f7 f6g7

a2a3 a2b3 c2b3 c2c3 c2d3 f4e5 f4f5 f4g5
a2a3 a2b3 e5d6 e5e3 e5e4 e5e6 e5f6
a2b3 b2b3 b4a5 b4b5 b4c5 d3c4 d3d4 d3e4 d6c7 d6d7 d6e7 g3f4 g3g4 g6f7 g6g7

a6a4 a6a5 a6a7 a6b7 b6a7 b6b4 b6b5 b6b7 b6c7 c4b5 c4d5 e2d3 e2e3 e2f3 f2e3 f2f3 f2g3 f5e6 f5f3 f5f4 f5f6 f5g6 g2f3 g2g3
b3a4 b3b4 b3c4 c6b7 c6c4 c6c5 c6c7 c6d7 g5f6 g5g3 g5g4 g5g6
a3a4 b5a6 b5b6 b5c6 d3c4 d3d4 d3e4 f6e7 f6f4 f6f5 f6f7 f6g7
b5a6 b5b3 b5b4 b5b6 c6b7 c6c7 c6d7 e4d5 e4e5 e4f5
c6b7 c6c7 c6d7 d2c3 d2d3 d2e3 d4c5 d4d5 d4e5 g2f3 g2g3 g5f6 g5g4 g6f7 g6g7
d5c6 d5d3 d5d4 d5d6 d5e6
a2a3 a4a5 a4b5 b3b4 b3c4 d2c3 d2d3 d2e3 f2e3 f2f3 f2g3
b3a4 b3b4 b3c4 c3b4 c3c4 c3d4 g4f5 g4g5
a3a4 a3b4 g6f7 g6g4 g6g5 g6g7

b2a3 b2b3 b2c3 b4a5 b4b5 b4c5 d5c6 d5d3 d5d4 d5d6 e5d6 e5e4 e5f6 e6d7 e6e7 e6f7 f3e4 f3f4 f3g4 f5f4 f5f6 f5g6

a5a3 a5a4 a5a6 e2d3 e2e3 e2f3 g4f5 g4g5

b3a4 b3b4 b3c4 c5b6 c5c4 c5c6 c5d6
c6b7 c6c4 c6c5 c6c7 c6d7 e4d5 e4e5 e4f5 f2e3 f2f3 f2g3
a2a3 a2b3 b2a3 b2b3 b2c3 b5a6 b5b3 b5b4 b5c6 b6a7 b6b7 b6c7 g5f6 g5g3 g5g4 g6f7 g6g7
e5d6 e5e3 e5e4 e5e6 e5f6 f2e3 f2f3 f2g3 g6f7 g6g4 g6g5 g6g7
d3c4 d3d4 e4d5 e4e5 f5e6 f5f3 f5f4 f5f6 f5g6 g3f4 g3g4
b2a3 b2b3 b2c3 c2b3 c2c3 c2d3 f5e6 f5f3 f5f4 f5f6 f5g6
e5d6 e5e3 e5e4 e5e6 e5f6 g4f5 g4g5

a4a5 a4b5

b2a3 b2b3 b2c3 b4a5 b4b5 b4c5 d3c4 d3d4 d3e4 e3d4 e3e4 e3f4 g5f6 g5g3 g5g4 g5g6
b6a7 b6b4 b6b5 b6b7 b6c7
a3a4 b4a5 b4b5 b4c5 d3c4 d3d4 d3e4 d5c6 d5d4 d5d6 d5e6
f4e5 f4f5 f4g5 g2f3 g3g4
a2a3 a2b3 c5b6 c5c6 d4d5 d4e5 d6c7 d6d7 d6e7 e2f3 e3e4 e3f4 f2f3 f2g3


c2b3 c2c3 c2d3 d6c7 d6d4 d6d5 d6d7 d6e7 e2d3 e2e3 e2f3
b3a4 b3c4 b4a5 b4b5 b4c5 d3c4 d3d4 d3e4 e2e3 f6e7 f6f4 f6f5 f6f7 f6g7
f2f3 f2g3
a6a4 a6a5 a6b7 c2b3 c2d3 c3b4 c3c4 c3d4 d2d3 d2e3 d5c6 d5d3 d5d4 d5e6 d6c7 d6d7 d6e7 f4e5 f4f5 f4g5
b2a3 b2c3 b3a4 b3b4 b3c4 g4f5 g4g5
b5a6 b5b3 b5b4 b5b6 c5b6 c5d6 c6b7 c6c7 c6d7 d3c4 d3d4 d3e4 f2e3 f2f3 f2g3 g4f5 g4g5

a5a3 a5a4 a5a6 a5b6 b2a3 b2b3 b2c3 c2b3 c2c3 c2d3 g3f4 g3g4


b5a6 b5b4 b5b6 b5c6
d2c3 d2d3 e3d4 e3e4 e3f4 e6d7 e6e4 e6e5 e6e7 e6f7 g5f6 g5g6


b5a6 b5b3 b5b4 b5b6 b5c6 e5d6 e5e3 e5e4 e5e6 e5f6
b2a3 b2b3 b2c3 b6a7 b6b4 b6b5 b6b7 b6c7 c4b5 c4c5 c4d5 f2f3 g3f4 g3g4
a3a4 a3b4 c2b3 c2c3 c2d3
b6a7 b6b4 b6b5 b6b7 b6c7 d3c4 d3e4 e6d7 e6e4 e6e5 e6e7 e6f7
d6c7 d6d4 d6d5 d6d7 d6e7 e6d7 e6e7 e6f7 g4f5 g4g5
a3a4 a3b4 b3a4 b3b4 b3c4 f3e4 f3f4 f3g4 g2g3 g6g7
b2a3 b2b3 b2c3
b3a4 b3b4 b3c4 c5b6 c5c3 c5c4 c5c6 c5d6
g4f5 g4g5
a4a5 b5a6 b5b6 b5c6 d6c7 d6d7 d6e7 e5e3 e5e4 e5e6 f6e7 f6f7 f6g7 g2f3 g2g3
c2b3 c2c3 c2d3 d2c3 d2d3
b3a4 b3b4 b3c4 d6c7 d6d5 d6d7 d6e7 f5e6 f5f6 f5g6

b6a7 b6b4 b6b5 b6b7 b6c7 c5c3 c5c4 c5c6 c5d6



d5c6 d5d4 d5d6 d5e6 f3e4 f3f4 f3g4 f6e7 f6f7 f6g7 g2g3 g6f7 g6g4 g6g5 g6g7
f6e7 f6f5 f6f7 f6g7
c6b7 c6c4 c6c5 c6c7 c6d7 f2e3 f2f3 f2g3
g3f4 g3g4
c6b7 c6c4 c6c5 c6c7 c6d7 e6d7 e6e4 e6e5 e6e7 e6f7 f3e4 f3f4 f3g4 g2g3
d4c5 d4d5 e5d6 e5e3 e5e4 e5e6 f6e7 f6f4 f6f5 f6f7 f6g7
b2a3 b2b3 c3b4 c3c4 c3d4 c6b7 c6c4 c6c5 c6c7 c6d7 d5e6 d6c7 d6d7 d6e7 g2f3 g2g3 g5g4

a2a3 a2b3 a6a4 a6a5 a6a7 a6b7 b5b6 b5c6 d6c7 d6d4 d6d5 d6d7 f6f4 f6f5 f6f7 g6f7 g6g4 g6g5

d2c3 d2e3 d3c4 d3d4 d3e4 d5c6 d5d4 d5d6 d5e6 g5f6 g5g3 g5g4 g5g6
c3b4 c3c4 c3d4
c5b6 c5c4 c5d6 c6c7 c6d7 d2c3 d2d3 d2e3 d5d6 d5e6 e5d6 e5e6 e5f6 g5f6 g5g4 g5g6

a5a3 a5a4 a5a6 a5b6 b3a4 b3b4 b3c4 c3b4 c3c4 c3d4
g4f5 g4g5
c3b4 c3c4 c3d4 f3e4 f3f4 f3g4 f6e7 f6f4 f6f5 f6f7 f6g7
c2b3 c2c3 c2d3 f4e5 f4f5 f4g5
a2a3 a2b3 b5a6 b5b3 b5b4 b5b6 b5c6 d4c5 d4d5 d4e5 d6c7 d6d7 d6e7 e3e4 e3f4 g5f6 g5g3 g5g4 g6f7 g6g7
e4d5 e4e5 e4f5 g5f6 g5g3 g5g4 g5g6
d6c7 d6d4 d6d5 d6d7 d6e7 f6e7 f6f7 f6g7
c3b4 c3c4 c3d4 g5f6 g5g6
a3a4 b3a4 b3c4 b4a5 b4b5 b4c5 b6a7 b6b5 b6b7 b6c7 c6b7 c6c4 c6c5 c6c7 c6d7 e6d7 e6e7 e6f7
b4a5 b4b5 b4c5 f5e6 f5f3 f5f4 f5f6 f5g6
b5a6 b5b3 b5b4 b5b6 b5c6 d2c3 d2d3 d2e3 d5c6 d5d6 d5e6

a2a3 b3a4 b3b4 b3c4 b6a7 b6b7 b6c7 c3b4 c3c4 c3d4 d2e3 e6d7 e6e7 e6f7 g6f7 g6g7
c5b6 c5c3 c5c4 c5d6 c6b7 c6c7 c6d7
f2e3 f2f3 f2g3

a3b4 a4a5 a4b5 c3b4 c3c4 c3d4 c6b7 c6c7 e2d3 e2e3 e2f3 g2f3 g2g3
e2d3 e2f3 f6e7 f6f4 f6f5 f6f7 f6g7
c2b3 c2d3
d4c5 d4d5 d4e5 d6c7 d6d5 d6d7 d6e7
a3a4 a6a4 a6a5 a6a7 a6b7 b2b3 b4a5 b4b5 b4c5 c3c4 c3d4 d3c4 d3d4 d3e4 f2e3 f2f3 f2g3
e3d4 e3e4 e3f4 e5d6 e5e4 e5e6 e5f6
e5d6 e5e3 e5e4 e5e6 e5f6

b4a5 b4b5 b4c5 e2d3 e2e3 e2f3 f5e6 f5f4 f5f6 f5g6 g3f4 g3g4
a4a5 b5a6 b5b3 b5b4 b5b6 b5c6 c2b3 c2c3 c2d3

a3a4 a3b4 e3d4 e3e4 e3f4
b5a6 b5b3 b5b4 b5b6 b5c6
d3c4 d3d4 d3e4 e5d6 e5e4 e5e6 e5f6
c2b3 c2c3 c2d3 d5c6 d5d3 d5d4 d5d6 d5e6 e2d3 e2e3 e2f3 e4e5
a4a5 a4b5
e2d3 e2e3 e2f3 e5d6 e5e3 e5e4 e5e6 e5f6
a2a3 a2b3 c6b7 c6c4 c6c5 c6c7 c6d7 d6c7 d6d4 d6d5 d6d7 d6e7
b2a3 b2b3 b2c3 g5f6 g5g3 g5g4 g5g6
a3a4 a3b4 d6c7 d6d5 d6d7
a5a6 a5b6 b5a6 b5b3 b5b4 b5b6 b5c6 c2b3 c2d3 e4d5 e4e5 e4f5 g5f6 g5g3 g5g4

b2a3 b2b3 b2c3 b5a6 b5b6 b5c6 d6c7 d6d4 d6d5 d6d7 d6e7 e6d7 e6e4 e6e5 e6e7 e6f7 f3e4 f3f4 f3g4 f5f4 f5f6 f5g6

c6c7 c6d7 e2d3 e2e3 e2f3

b2a3 b2c3 b3a4 b3b4 b3c4 c5b6 c5c3 c5c4 c5c6 c5d6 e5d6 e5e3 e5e4 e5e6 e5f6 f2e3 f2f3 f4f5 f4g5 g3g4
c2b3 c2c3 c2d3
b3a4 b3b4 b3c4 b5a6 b5b4 b5b6 e4d5 e4e5 e4f5 f3f4 f3g4 g3f4 g3g4 g6f7 g6g4 g6g5 g6g7
b6a7 b6b4 b6b5 b6b7 b6c7 g4f5 g4g5
b2a3 b2b3 c3b4 c3d4 c4b5 c4c5 c4d5 d2e3 d6c7 d6d4 d6d5 d6e7 g2f3 g2g3
f5e6 f5f3 f5f4 f5g6 f6e7 f6f7 f6g7
a4a5 a4b5 g5f6 g5g3 g5g4 g5g6
d2c3 d2e3 d3c4 d3d4 d3e4 f2e3 f2f3 f2g3

a6a4 a6a5 a6a7 a6b7 d4c5 d4d5 d4e5 f5e6 f5f3 f5f4 f5f6 f5g6
e6d7 e6e4 e6e5 e6e7 e6f7
g5f6 g5g3 g5g4 g5g6
a3a4 a3b4 c2b3 c2d3 c3b4 c3c4 c3d4 c5b6 c5c4 c5c6 d6c7 d6d4 d6d5 d6d7 d6e7 f4e5 f4f5 f4g5 g6f7 g6g4 g6g5 g6g7
f6e7 f6f4 f6f5 f6f7 f6g7 g3f4 g3g4
c3b4 c3c4 c3d4 d2e3 d5c6 d5d4 d5d6 d5e6 e2e3 e2f3 f5e6 f5f3 f5f4 f5f6 f5g6 g5f6 g5g3 g5g4 g5g6
c3b4 c3c4 c3d4 e6d7 e6e5 e6e7 e6f7 f6e7 f6f7 f6g7
b5a6 b5b6 b5c6 c2b3 c2c3 c5b6 c5c6 c5d6 d3c4 d3d4 d3e4 f2e3 f2f3 f2g3 f5e6 f5f3 f5f4 f5f6 f5g6
a5a3 a5a4 a5a6 a5b6 d5c6 d5d3 d5d4 d5d6
a2a3 a2b3 a5a3 a5a4 a5a6 a5b6 b5a6 b5b3 b5b4 b5b6 b5c6 c3b4 c3c4 c3d4 g6f7 g6g4 g6g5 g6g7
d3c4 d3d4 d3e4
a4a5 a4b5 b2a3 b2b3 c2b3 c2d3 c6b7 c6c7 c6d7 d6c7 d6d7 d6e7

a3a4 a3b4 b3a4 b3b4 b3c4 c3b4 c3c4 c3d4 d6c7 d6e7
b4a5 b4b5 b4c5 c6b7 c6c4 c6c5 c6c7 c6d7
b5b4 b5b6 b5c6 c3b4 c3c4 d3c4 d3e4 e5d6 e5e3 e5e4 e5f6 e6d7 e6e7 e6f7 f5f3 f5f4 f5f6 f5g6 g2f3 g2g3


f5e6 f5f3 f5f4 f5f6 f5g6
a2a3 a2b3 c2b3 c2c3 c2d3 e6d7 e6e4 e6e5 e6e7 e6f7 f2f3 f2g3 f5f4 f6e7 f6f7 f6g7 g6f7 g6g7
a6a4 a6a5 a6a7 a6b7 e5d6 e5e3 e5e4 e5e6 e5f6
d6c7 d6d7 d6e7 e3d4 e3e4 f4e5 f4g5 f5e6 f5f6 g6f7 g6g4 g6g5 g6g7
b5a6 b5b3 b5b4 b5b6 b5c6

a5a3 a5a4 a5a6 a5b6 d4c5 d4d5 d4e5
d6c7 d6d4 d6d5 d6d7 d6e7 e3d4 e3e4 e3f4

a6a4 a6a5 a6a7 a6b7
b3a4 b3b4 b3c4 f3e4 f3g4 f4e5 f4f5 f4g5
a5a4 a5a6 a5b6 c3b4 c3c4 c3d4 e6d7 e6e7 e6f7 g4f5 g4g5
c4b5 c4c5 c4d5 f2e3 f2f3 f2g3 g6f7 g6g4 g6g5 g6g7
b3a4 b3b4 b3c4 c3b4 c3c4 c3d4 f3e4 f3f4 f3g4 g2g3
e5d6 e5e3 e5e4 e5e6 e5f6
a5a4 a5a6 a5b6 b2a3 b2b3 b2c3 d6c7 d6d4 d6d5 d6d7 d6e7 e3d4 e3e4 e3f4
e5d6 e5e3 e5e4 e5e6 e5f6 g2f3 g2g3 g4f5 g4g5
c2b3 c2c3 c6b7 c6c4 c6c5 c6c7 c6d7 d3c4 d3d4 e3d4 e3f4 f2f3 f2g3
a4a5 a6a5 a6a7 a6b7 b5b3 b5b4 b5b6 b5c6

f2e3 f2f3 f2g3
b2a3 b2b3 b2c3
c4b5 c4c5 c4d5 g5f6 g5g3 g5g4 g5g6
b5a6 b5b6 b5c6 c2b3 c2d3 e5d6 e5e3 e5e4 e5e6 f5e6 f5f3 f5f4 f5g6 f6e7 f6f7 f6g7

b6a7 b6b5 b6b7 b6c7 d2c3 d2d3 d2e3 d6c7 d6d4 d6d5 d6d7 d6e7 e2d3 e2e3 e2f3 g4f5
b2a3 b2b3 b2c3 c2b3 c2c3 c2d3 f2e3 f2f3 f2g3
b2a3 b2b3 b2c3 c2b3 c2c3 c6b7 c6c4 c6c5 c6c7 c6d7 d3c4 d3d4 e4d5 e4e5 e4f5 g3f4 g3g4 g5f6 g5g4 g5g6


d6c7 d6d4 d6d5 d6d7 d6e7
a6a4 a6a5 a6a7 a6b7 c2b3 c2d3 c3b4 c3c4 d4c5 d4d5 d4e5

d6c7 d6d7

c3b4 c3c4 c3d4 e2d3 e2e3 e2f3 f5e6 f5f6 f5g6 g5f6 g5g3 g5g4 g5g6
d5c6 d5d3 d5d4 d5d6 d5e6 e5d6 e5e3 e5e4 e5e6 e5f6
a3a4 a3b4 b2b3 b2c3 e2e3 e2f3 g2f3 g3f4 g4f5 g5f6 g5g6
a6a4 a6a5 a6a7 a6b7 b2a3 b2b3 b2c3 g5f6 g5g3 g5g4 g5g6
a2b3 a3a4 a3b4 e4d5 e4e5 f5e6 f5f3 f5f4 f5f6 f5g6
b2a3 b2b3 b2c3
d2c3 d2d3 d2e3 f5e6 f5f6 f5g6
d6c7 d6d7 d6e7 e2d3 e2e3 e2f3 g6f7 g6g4 g6g5 g6g7
a5a4 a5b6 a6a7 a6b7 d6c7 d6d5 d6d7 d6e7 f3e4 f3f4 f3g4 f5f6 f5g6 g5f6 g5g3 g5g4 g5g6
c4b5 c4c5 c4d5
a3a4 a3b4 b5a6 b5b3 b5b4 b5c6 b6a7 b6b7 b6c7 c4c5 c4d5 d2c3 d3d4 d3e4 f5e6 f5f6 f5g6
d4c5 d4d5 d4e5 f6e7 f6f4 f6f5 f6f7 f6g7 g6f7 g6g4 g6g5 g6g7
b2a3 b2b3 b2c3 d3c4 d3d4 d3e4 e3d4 e3e4 e3f4 e5d6 e5e4 e5e6 g5g3 g5g4 g5g6
b4a5 b4b5 b4c5 f3e4 f3f4 f3g4 g6f7 g6g4 g6g5
e3d4 e3e4 e3f4
e3d4 e3e4 e3f4 g6f7 g6g4 g6g5 g6g7
d3c4 d3d4 d3e4
c3b4 c3c4 c3d4 c5b6 c5c4 c5c6 c5d6 f5e6 f5f3 f5f4 f5f6 f5g6
b3a4 b3b4 b3c4 d2c3 d2d3 d2e3 e6d7 e6e4 e6e5 e6e7 e6f7 g2f3 g2g3
b5a6 b5b3 b5b4 b5b6 f2e3 f2f3 f2g3 f4e5 f4f5 f4g5
b4a5 b4b5 b4c5
a5a3 a5a4 a5a6 a5b6 e2d3 e2e3 e2f3 g2f3 g2g3
a2a3 f6e7 f6f7 f6g7
d6c7 d6d5 d6d7 d6e7 f2e3 f2g3 f3e4 f3f4 f3g4
b5a6 b5b3 b5b4 b5b6 b5c6
a2a3 a2b3 c2b3 c2c3 c2d3 c6b7 c6c7 c6d7
b5a6 b5b4 b5c6 b6a7 b6b7 b6c7 g4f5 g4g5
b2a3 b2b3 e5d6 e5e3 e5e4 e5e6 e5f6
a5a3 a5a4 a5b6 a6a7 a6b7 c5b6 c5c3 c5c4 c5c6 c5d6 g5f6 g5g3 g5g4 g5g6
e4d5 e4e5 e4f5 g5f6 g5g3 g5g4 g5g6
a4b5 a5a6 b6a7 b6b4 b6b5 b6b7 b6c7 d5d4 d5d6 d5e6 e5d6 e5e3 e5e4 e5e6 e5f6 f3e4 f3f4 f3g4 g2g3
e2d3 e2e3 e2f3
d4c5 d4d5 d4e5 e6d7 e6e7 e6f7
b6a7 b6b4 b6b5 b6b7 b6c7 d6c7 d6d7 d6e7 f2e3 f2f3 f2g3
a5a3 a5a4 a5a6 a5b6 f5e6 f5f3 f5f4 f5f6 f5g6 g3f4 g4g5
e5d6 e5e3 e5e4 e5e6 e5f6
f5e6 f5f3 f5f4 f5f6 f5g6
f3e4 f3f4 f3g4
d4c5 d4d5 d4e5

a5a3 a5a4 a5a6 a5b6 d6c7 d6d7 d6e7
b5a6 b5b3 b5b4 b5b6 c3b4 c3c4 c3d4 c6b7 c6c4 c6c5 c6c7 c6d7
b2a3 b2b3 b2c3 b5a6 b5b4 b5b6 b5c6 g3f4 g3g4 g6f7 g6g7
b2a3 b2b3 b2c3 e5d6 e5e3 e5e4 e5e6 e5f6
a4a5 a4b5 c2b3 c2c3 c5b6 c5c3 c5c4 c5c6 d3c4 d3d4 d3e4 d6c7 d6d7 d6e7 e2e3 e2f3 g3f4 g3g4
e6e7 e6f7

b6a7 b6b4 b6b5 b6b7 c3b4 c3c4 c3d4 e5d6 e5e3 e5e4 e5e6 e5f6
a3a4 a3b4 a6a4 a6a5 a6a7 a6b7 b5b4 b5c6 b6a7 b6b7 b6c7 f2e3 f2f3 f2g3 f5e6 f5f3 f5f4 f5f6 g6f7 g6g4 g6g5 g6g7

a6a5 a6a7 a6b7 c5b6 c5c3 c5c4 c5c6 c5d6 d4d5 d4e5 g2f3 g2g3
e3d4 e3e4 e3f4
e2d3 e2e3 f3e4 f3f4 f3g4 f5e6 f5f4 f5f6 f5g6 g2g3

a6a5 a6a7 a6b7 c4b5 c4c5 c4d5 d3d4 d3e4 e5d6 e5e3 e5e4 e5f6 e6d7 e6e7 e6f7
a2a3 a2b3 c5b6 c5c3 c5c4 c5c6 c5d6 g4f5 g4g5
b6a7 b6b4 b6b5 b6b7 b6c7 c4b5 c4c5 c4d5 e2d3 e2f3 f2f3 f2g3 f6e7 f6f7 f6g7

a3a4 a3b4 b6a7 b6b4 b6b5 b6b7 b6c7 c2b3 c2c3 d6c7 d6d5 d6d7 d6e7 f3e4 f3f4 f3g4
b5a6 b5b6 b5c6 e2d3 e2e3 e2f3
b3a4 b3b4 b3c4 c6b7 c6c7 c6d7 d2c3 d2e3 f5e6 f5f3 f5f4 f6e7 f6f7 f6g7
b3a4 b3b4 b3c4 e3d4 e3e4 e3f4
a2b3 a3a4 a3b4 a6a4 a6a5 a6a7 a6b7 b6a7 b6b4 b6b5 b6b7 b6c7 c2b3 c2c3 c2d3 c4b5 c4c5 c4d5 e6d7 e6e7 e6f7

a3a4 a3b4 a6a7 a6b7 b6a7 b6b7 b6c7 c5c3 c5c4 c5c6 c5d6
a5a3 a5a4 a5a6 a5b6 g6f7 g6g4 g6g5 g6g7
a5a3 a5a4 a5a6 a5b6 c4b5 c4c5 c4d5 d6c7 d6d4 d6d5 d6d7 d6e7 f3e4 f3f4 f3g4 f6e7 f6f4 f6f5 f6f7 f6g7
a4a5 a4b5 f2e3 f2f3 f2g3
a5a3 a5a4 a5a6 a5b6 d3c4 d3d4 d3e4 g6f7 g6g4 g6g5 g6g7
g6f7 g6g4 g6g5 g6g7
b3a4 b3b4 b3c4 c2c3 c2d3 e3e4 e3f4 e6d7 e6e7 e6f7 f2f3 f2g3 g2f3 g2g3

b3a4 b3c4 b4a5 b4c5 c3c4 c3d4 f3e4 f3f4 f3g4
b4a5 b4c5 b5a6 b5b6 b5c6
a3a4 a5a4 a5a6 a5b6 b4b5 b4c5 c6b7 c6c5 c6c7 c6d7 f2e3 f2f3 f2g3
c2b3 c2c3 c2d3 e6d7 e6e7 e6f7 f2e3 f2f3 f2g3
c3b4 c3c4 c3d4 c6b7 c6c7 c6d7 d5d4 d5d6 d5e6 g4f5 g4g5
g4f5 g4g5
a3a4 a3b4 c2b3 c2d3 g2f3 g2g3
d2c3 d2d3 d2e3 g2f3 g3f4 g3g4
b2a3 b2b3 b2c3 d2c3 d2d3 d2e3 e2d3 e2e3 e2f3 f5e6 f5f3 f5f4 f5f6 f5g6 g2f3 g2g3 g5f6 g5g3 g5g4 g5g6

a5a3 a5a4 a5a6 a5b6 b2a3 b2b3 b2c3 d2c3 d2d3 d2e3
f5e6 f5f3 f5f4 f5f6 f5g6
a6a4 a6a5 a6a7 a6b7 b4a5 b4b5 b4c5 d6c7 d6d4 d6d5 d6d7 d6e7 f2e3 f2f3 f2g3 f5e6 f5f6 f5g6 g2f3 g2g3
f2e3 f2f3 f2g3

b5a6 b5b3 b5b4 b5b6 b5c6 e3d4 e3e4
a2a3 b3a4 b3b4 b3c4 e3d4 e3e4 e3f4
c6b7 c6c4 c6c5 c6c7 c6d7
a2a3 a2b3 a6a4 a6a5 a6a7 a6b7 b6a7 b6b4 b6b5 b6b7 b6c7 d4c5 d4d5 e5d6 e5e4 e5e6 f6e7 f6f4 f6f5 f6f7 f6g7 g3f4 g3g4
f4e5 f4f5 f4g5
a6a4 a6a5 a6a7 a6b7 d6c7 d6d4 d6d5 d6d7 d6e7 e2d3 e2e3 e2f3 f2e3 f2f3 g3f4 g3g4
g4f5 g5f6 g5g6
e4d5 e4e5 e4f5
c5b6 c5c6 c5d6 d4d5 d4e5
a3b4 a4a5 a4b5 c6b7 c6c4 c6c5 c6c7 c6d7 d5d3 d5d4 d5d6 d5e6 e3d4 e3e4 e3f4 e5d6 e5e4 e5e6 e5f6
b3a4 b3b4 b3c4 d3c4 d3d4 d3e4 g4f5 g4g5
c2b3 c3b4 c3c4 c3d4 d5c6 d5d4 d5d6 d5e6 f4e5 f4f5 f4g5 g2f3 g2g3
c4b5 c4c5 c4d5 d6c7 d6d7 d6e7 f2f3 f2g3
c4b5 c4c5 c4d5 e3d4 e3e4 e3f4

c2b3 c2c3 c2d3

a3b4 a4a5 a4b5 e2d3 e2e3 e2f3 g6f7 g6g5 g6g7
a3a4 a3b4
a6a4 a6a5 a6a7 a6b7 e2d3 e2e3 e2f3
a5a3 a5a4 a5a6 a5b6 b3a4 b3b4 b3c4 c6b7 c6c4 c6c5 c6c7 c6d7
d3c4 d3d4 g5f6 g5g3 g5g4 g6f7 g6g7
a6a4 a6a5 a6a7 a6b7 b2a3 b2b3 b2c3 f4e5 f4f5 f4g5
a3a4 a3b4 d2c3 d2d3 d4c5 d4d5 d4e5 e2d3 e2f3 g2f3 g2g3 g5f6 g5g3 g5g4 g5g6
a3a4 a3b4 d6c7 d6d7 d6e7
d2c3 d2d3 e3d4 e3e4 e3f4 e5d6 e5e4 e5e6 g2f3 g2g3
a4a5 a4b5
a6a7 a6b7 b2a3 b3a4 b3b4 b3c4 b5b4 b5b6 b5c6 c3b4 c3c4 g6f7 g6g4 g6g5 g6g7
a2a3 a2b3 d4c5 d4d5 d4e5 f2e3 f2f3 f2g3
c2b3 c2c3 c2d3

g3f4 g3g4
b5a6 b5b4 b5b6 b5c6
b3a4 b3b4 b3c4 c5b6 c5c3 c5c4 c5c6 d3c4 d3d4 d3e4 d5c6 d5d4 d5e6 d6c7 d6d7 e5e3 e5e4 e5e6 e5f6 f5e6 f5f4 f5f6 f5g6
a2a3 a2b3 c4b5 c4c5 c4d5 c6b7 c6c5 c6c7 c6d7
d3c4 d3d4 d3e4
a3a4 a3b4 b3a4 b3b4 b3c4 d6c7 d6d4 d6d5 d6d7 d6e7
e5d6 e5e3 e5e4 e5e6 e5f6
a4a5 a4b5 b2a3 b2b3 b2c3 c6b7 c6c4 c6c5 c6c7 c6d7

f6e7 f6f4 f6f5 f6f7 f6g7 g4f5 g4g5
d3c4 d3d4 d3e4 e2e3 f3e4 f3f4 g4f5 g4g5
b4a5 b4c5 b5a6 b5b6 b5c6
a3b4 a5a6 a5b6
b5a6 b5c6 b6a7 b6b7 b6c7
a5a6 a5b6 c3b4 c3d4 e3d4 e3e4 e3f4
a3a4 a3b4
a5a3 a5a4 a6a7 a6b7 b6a7 b6b4 b6b5 b6b7 b6c7 d3c4 d3d4 d3e4 f2g3 f3e4 f3f4 g4g5
b2a3 b2b3 b2c3 f3e4 f3g4 g2g3
a5a3 a5a4 a5a6 a5b6
a3a4 a3b4
c5b6 c5c4 c5c6 c5d6 f2e3 f2f3 f2g3

b2a3 b2b3 b2c3 b5a6 b5b3 b5b4 b5b6 b5c6 c4c5 e6d7 e6e7 e6f7

c3b4 c3c4 c3d4
c4b5 c4c5 c4d5 f3e4 f3f4 f3g4
a5a3 a5a4 a5a6 b6a7 b6b4 b6b5 b6b7 b6c7 c3b4 c3c4 e5d6 e5e6 f6e7 f6f4 f6f5 f6f7 f6g7
g4f5 g5f6 g5g6
a2a3 a2b3 b2a3 b2b3 b5a6 b5b3 b5b4 b5b6 c3b4 c3c4 c3d4 c6b7 c6c5 c6c7 c6d7 e4f5 e5d6 e5e6 e5f6
d3c4 d3e4 d4c5 d4d5 d4e5 g3f4 g3g4
a2a3 a5a4 a5a6 b6a7 b6b4 b6b5 b6b7 b6c7 c2c3 c2d3 d6c7 d6d4 d6d5 d6d7 d6e7 f3e4 f3g4
b4a5 b4b5 b4c5 b6a7 b6b5 b6b7 b6c7 g6f7 g6g4 g6g5 g6g7
a5a3 a5a4 a5a6 a5b6 b2a3 b2b3 b2c3 c5b6 c6b7 c6c7 c6d7 d6c7 d6d4 d6d5 d6d7 d6e7 e5e3 e5e4 e5e6 e5f6
b6a7 b6b4 b6b5 b6b7 b6c7 g2f3 g2g3 g5f6 g5g3 g5g4 g5g6
a3a2 a3a4 a3a5 a3b2 d5c4 d5d4 d5e4 d6c5 d6e5
d3c2 d3d2 d3d4 d3d5 d3e2
a5a3 a5a4 a6a7 a6b7 b3a4 b3b4 b3c4 c2d3 c3b4 c3c4 c3d4 e4d5 e4f5 e5d6 e5e6 e5f6
a6a5 a6b5 b2a1 b2b1 b2b3 b2b4 b2c1 g6f5 g6g5
a3a4 a3b4 a6a4 a6a5 a6a7 a6b7 b2b3 b2c3 c4b5 c4c5 d5c6 d5d3 d5d4 d5d6 d5e6 e2d3 e2e3 e2f3 g3f4 g3g4
b2a3 b2b3 b2c3 b4a5 b4b5 b4c5 f6e7 f6f4 f6f5 f6f7 f6g7
b6a5 b6b5 b6c5 d3c2 d3d2 d3d4 d3d5 d3e2 f2e1 f2f1 f2g1 f3e2 f3f4 f3g2 f5e4 f5f4 f5g4 g5f4 g5g4
d5c6 d5d6 d5e6 e3d4 e3e4 e3f4

c3b2 c3c2 c3c4 c3c5 c3d2
c2b1 c2c1 c2c3 c2c4 c2d1 f2e1 f2f1 f2g1 f6e5 f6f5 f6g5

d6c5 d6d5

a2a3 a2b3 a6a4 a6a5 a6a7 a6b7 b2a3 b2b3 b2c3 d2c3 d2e3 d3c4 d3d4 d3e4 d5c6 d5d4 d5d6 d5e6 g5f6 g5g4 g5g6
a2a1 a2a3 a2a4 a2b1 d4c3 d4d3 d4e3 d5c4 d5e4
a2a3 a2b3 b2a3 b2b3 b2c3 c5b6 c5c6 c5d6 f6e7 f6f4 f6f5 f6f7 f6g7 g4f5 g4g5 g6f7 g6g5 g6g7
c6b7 c6c7 c6d7
a4a5 a4b5 c5b6 c5c3 c5c4 c5c6 c5d6 e3d4 e3e4 e3f4 f3e4 f3f4 f3g4
b4a3 b4b3 b4c3 b5a4 b5c4 c2b1 c2c1 c2c3 c2c4 c2d1

b6a7 b6b4 b6b5 b6b7 b6c7 d4c5 d4d5 d4e5 f2e3 f2f3 f2g3
b5a6 b5b6 b5c6 f2e3 f3e4 f3f4 f3g4 f5e6 f5f4 f5f6 f5g6 g3f4 g3g4
a4a3 a4b3 e5d4 e5e4 e5f4 g5f4 g5g4
c6b5 c6c5 c6d5 f4e3 f4f3 f4g3

b2a1 b2b1 b2b3 b2c1 c4b3 c4c3 c4d3 e3d2 e3e2 e3e4 e3e5 e3f2
b5a4 b5b4 b5c4 c3b2 c3c2 c3c4 c3c5 c3d2 e5d4 e5e4 e5f4
a6a4 a6a5 a6b7 b5b3 b5b4 b5b6 b5c6 d2c3 d2d3 f4e5 f4f5 f4g5 f6e7 f6f5 f6f7 f6g7
a6a5 a6b5 f4e3 f4f3 f4g3 f6e5 f6f5 f6g5
b5a6 b5b3 b5b4 b5b6 b5c6 d5c6 d5d3 d5d4 d5d6 d5e6 f3e4 f3f4 f3g4

a4a3 a4b3 c2b1 c2c1 c2c3 c2c4 c2d1 c5b4 c5c4 c5d4 d2c1 d2d1 d2d3 d2d4 d2e1 e5d4 e5e4 e5f4 g2f1 g2g1 g2g3 g2g4

f2e3 f2f3 f6e7 f6f4 f6f5 f6f7 f6g7 g4f5 g4g5
e4d5 e4e5 e4f5
b3a2 b3b2 b3b4 b3b5 b3c2 g5f4
c4b5 c4c5 c4d5
d2c3 d2d3 d2e3
f3e4 f3f4 f3g4
a2a3 a2b3

a2a1 a2a3 a2b1 f6e5 f6f5 f6g5

a5a4 a5b4 b5a4 b5b4 b5c4 d2c1 d2d1 d2d3 d2d4 d2e1 d5c4 d5d4 d5e4 g3f2 g3g2 g3g4

c4b3 c4c3 c4d3 g2f1 g2g1

a2a1 a2b1 d2c1 d2d1 d2d3 d2d4 d2e1 f5e4 f5f4 f5g4

b5a4 b5b4 b5c4 c2b1 c2c1 c2d1 c3b2 c3c4 c3d2 e3d2 e3e2 e3e4 e3f2 e5d4 e5e4 e5f4 g3f2 g3g2 g3g4

a3a2 a3a4 a3a5 a3b2 c6b5 c6c5 c6d5 f4e3 f4f3 f4g3 g5g4 g6f5
a6a4 a6a5 a6a7 a6b7
a4a3 a4b3 b6a5 b6b5 b6c5 c2b1 c2c1 c2d1 c3b2 c3c4 c3c5 c3d2 d6c5 d6e5

c2b1 c2c1 c2c3 c2c4 c2d1 d3d2 d3e2 d4c3 e3d2 e3e2 e3e4 e3e5 e3f2
c5b6 c5c4 c5c6 c5d6 d3c4 d3d4 d3e4 e6e4 e6e5 e6e7 e6f7 g4f5 g4g5

c3b4 c3c4 c3d4 e3d4 e3e4 e3f4

b4a3 b4b3 b4c3 f6e5 f6f5 f6g5

c4b5 c4c5 c4d5 f6e7 f6f4 f6f5 f6f7 f6g7
b5a4 b5b4 b5c4 f5e4 f5f4 f5g4
b3a4 b3b4 b3c4 c3b4 c3c4 c3d4 c6b7 c6c4 c6c5 c6c7 c6d7 e3d4 e3e4 e3f4 f6e7 f6f4 f6f5 f6f7 f6g7 g4f5 g4g5
b4a3 b4b3 b4c3 g6f5 g6g5
c5b6 c5c4 c5c6 c5d6 f5e6 f5f3 f5f4 f5f6 f5g6


b4a5 b4b5 b4c5 b6a7 b6b5 b6b7 b6c7 g2f3 g2g3
b3a4 b3b4 b3c4 d3c4 d3e4 d4c5 d4e5 d5c6 d5e6 d6c7 d6d7 d6e7
a2a3 a2b3 c2b3 c2c3 c2d3
a5a3 a5a4 a5a6 a5b6 d5c6 d5d4 d5d6 d5e6 e3d4 e3e4
a6a4 a6a5 a6a7 a6b7 b2a3 b2b3 b2c3 c5b6 c5c3 c5c4 c5c6 c5d6

c5b6 c5c3 c5c4 c5c6 c5d6 d3c4 d3d4 d3e4
b3a4 b3b4 b3c4 c2c3 c6b7 c6c7 c6d7 d4c5 d4d5 d4e5 g5f6 g5g3 g5g4 g5g6
a3a4 a3b4


a4a5 b5a6 b5b3 b5b4 b5b6 b5c6 c3b4 c3c4 c3d4
d5c6 d5d3 d5d4 d5d6 d5e6
a2a3 a2b3 b4a5 b4c5 b5a6 b5b6 b5c6 d2c3 d2e3 d3c4 d3d4 d3e4
b3a4 b3b4 b3c4 c6b7 c6c4 c6c5 c6c7 c6d7 e5d6 e5e3 e5e4 e5e6 e5f6
d2d3 d2e3 f2e3 f2f3 f2g3 g5f6 g5g4 g5g6


a2a3 a2b3
d4c5 d4d5 d4e5 f5e6 f5f3 f5f4 f5f6
d6c7 d6d4 d6d5 d6d7 d6e7 g2f3 g2g3
c5b6 c5c3 c5c4 c5c6 c5d6 d4d5 d4e5 f6e7 f6f4 f6f5 f6f7 f6g7 g6f7 g6g7
b5a6 b5b6 b5c6 f2e3 f2f3 f2g3
a6a4 a6a5 a6a7 a6b7 f2e3 f2f3 f2g3 f5e6 f5f3 f5f4 f5f6 f5g6
b6a7 b6b4 b6b5 b6b7 b6c7 c2b3 c2c3 c2d3 d4c5 d4d5 d4e5
a3a4 a5a4 a5a6 a5b6 b4c5 c2b3 c2d3 c3c4 c3d4 f6e7 f6f4 f6f5 f6f7 f6g7 g3f4 g3g4
d5c6 d5d3 d5d4 d5d6 d5e6 e5d6 e5e3 e5e4 e5e6 e5f6 f3e4 f3f4 f3g4
b5a6 b5b3 b5b4 b6a7 b6b7 b6c7 c2b3 c2d3 c3b4 c3c4 c3d4 c6b7 c6c4 c6c5 c6c7 c6d7 e6d7 e6e7 e6f7 g6f7 g6g4 g6g5 g6g7

c3b4 c3c4 c3d4 d3c4 d3d4 d3e4 d5c6 d5d4 d5d6 d5e6 g3f4 g4f5 g4g5
a5a3 a5a4 a5a6 a5b6 b2a3 b2b3 g3f4 g3g4
c6b7 c6c4 c6c5 c6c7 c6d7 d5d3 d5d4 d5d6 d5e6
g6f7 g6g4 g6g5 g6g7

b2a3 b2b3 b2c3 f2e3 f2f3 f2g3
a3a4 a3b4 a5a4 a5a6 a5b6 b3a4 b3b4 d5c6 d5d3 d5d4 d5d6 d5e6
b2a3 b2b3 b2c3
a5a3 a5a4 a5a6 a5b6 b5a6 b5b4 b5b6 b5c6 d2d3 e3d4 e3e4 e3f4 g2f3 g3f4 g3g4

b2a3 b2b3 b2c3 b6a7 b6b4 b6b5 b6b7 b6c7 c2b3 c2c3 c4b5 c4c5 d2c3 d2e3 d3d4 d3e4 f5e6 f5f3 f5f4 f5f6 f5g6
c3b4 c3c4 c3d4
d4c5 d4d5 d4e5 f6e7 f6f4 f6f5 f6f7 f6g7
e5d6 e5e3 e5e4 e5e6 e5f6
a5a3 a5a4 a5b6 a6a7 a6b7 b3a4 b3b4 b3c4 e3d4 e3e4 e3f4 f5e6 f5f6 f5g6
c6b7 c6c4 c6c5 c6c7 c6d7
e2d3 f3e4 f3f4 f3g4

d2c3 d2e3 g5f6 g5g3 g5g4 g5g6
a5a3 a5a4 a5a6 a5b6 b5a6 b5b3 b5b4 b5b6 b5c6
a2a3 b3a4 b3b4 b3c4 b5a6 b5b6 b5c6 d2c3 d2d3 d2e3



c6b7 c6c4 c6c5 c6d7 d3c4 d3e4 d4c5 d4e5 f5e6 f5f4 f5f6 f5g6
a2a3 a2b3 d4c5 d4d5 d4e5
b3a4 b3b4 b3c4
e2d3 e2e3 e2f3 f2e3 f2f3 f2g3 f6e7 f6f4 f6f5 f6f7 f6g7
a2a3 a2b3 b4a5 b4b5 b4c5 c2b3 c2c3 d6c7 d6d4 d6d5 d6d7 d6e7 e3d4 e3e4 e3f4 g6f7 g6g7


d3c4 d3d4 d3e4 d5c6 d5d4 d5d6 d5e6 g2f3 g2g3
a5a3 a5a4 a5a6 a5b6 d6c7 d6d4 d6d5 d6d7 d6e7 f5e6 f5f3 f5f4 f5f6 f5g6
b2a3 b2b3 b2c3 g2f3 g2g3
d2c3 d2d3 d2e3 g5f6 g5g3 g5g4 g5g6
a2a3 a2b3
a6a4 a6a5 a6a7 a6b7 e6d7 e6e4 e6e5 e6e7 e6f7
e6d7 e6e4 e6e5 e6e7 e6f7 f2e3 f2f3 f2g3
a2a3 a5a4 a5a6 a5b6 f4e5 f4f5 f4g5 f6f7 f6g7
a2b3 a3a4 a3b4 e2d3 e2e3 e2f3
c2b3 c2c3 c2d3 c5b6 c5c4 c5c6 c5d6 e2d3 e2f3 e6d7 e6e7 e6f7 f5f3 f5f4 f5f6 g6f7 g6g4 g6g5 g6g7
d3c4 d3d4 d3e4


c6b7 c6c4 c6c5 c6c7 c6d7
f3e4 f3f4 f3g4
b4a5 b4c5 b5a6 b5c6 b6a7 b6b7 b6c7 d6c7 d6d4 d6d5 d6d7 d6e7 g3f4 g3g4
d4c5 d4d5 d4e5 d6c7 d6d7 d6e7
b6a7 b6b4 b6b5 b6b7 b6c7 d5c6 d5e6 d6c7 d6d7 d6e7

a3a4 a3b4 d5c6 d5d3 d5d4 d5d6 d5e6 f6e7 f6f4 f6f5 f6f7 f6g7 g6f7 g6g7
a3a4 a3b4 d3c4 d3d4 d3e4 f6e7 f6f4 f6f5 f6f7 f6g7
b5a6 b5b3 b5b4 b5b6 b5c6 d3c4 d3d4 d3e4 f3e4 f3g4 f5e6 f5f6 f5g6
d2c3 d2d3 d2e3 g6f7 g6g4 g6g5 g6g7
b2a3 b2b3 b2c3 d4c5 d4d5 d4e5 f3e4 f3f4 f3g4 g6f7 g6g5 g6g7
a4a5 a4b5 g2f3 g2g3
g2f3 g2g3
a4a5 a4b5 g6f7 g6g4 g6g5
g2f3 g2g3

c3b4 c3c4 c3d4 f4e5 f4f5 f4g5 g2f3 g2g3
a5a3 a5a4 a5a6 a5b6 d4c5 d4d5 d4e5

b4a5 b4b5 b4c5
b3a4 b3b4 b3c4 d2d3 d2e3 e2d3 e2e3 e2f3 e5d6 e5e6 e5f6

f2e3 f2f3 f2g3
a5a3 a5a4 a5a6 a5b6 d5c6 d5d6 d5e6 f3e4 f3f4 f3g4
b3a4 b3c4 b4a5 b4c5 b5a6 b5b6 c6b7 c6c4 c6c5 c6c7 c6d7 f2f3 f2g3 g6f7 g6g4 g6g5 g6g7
b4a5 b4c5 b5a6 b5b6 b5c6 d5c6 d5d3 d5d4 d5d6 d5e6
a3a4 a3b4 a6a4 a6a5 a6a7 a6b7 g5f6 g5g3 g5g4 g5g6



a4a5 a4b5 b6a7 b6b4 b6b5 b6b7 b6c7 d6c7 d6d4 d6d5 d6e7
d2c3 d2d3 d2e3 f6e7 f6f4 f6f5 f6f7 f6g7
b2a3 b2b3 d3c4 d3d4 e2e3 e2f3 e4d5 e4f5 e5d6 e5e6 e5f6 g3f4 g3g4 g6f7 g6g7

b3a4 b3b4 b3c4 e2d3 e2e3 e2f3 g3f4 g3g4

a5a3 a5a4 a5a6 a5b6 c3b4 c3c4 c3d4 f5e6 f5f3 f5f4 f5f6 g3f4 g6f7 g6g5 g6g7
a2a3 a2b3 d5c6 d5d3 d5d4 d5d6 d5e6
b2a3 b2c3 b3a4 b3b4 b3c4 f6e7 f6f5 f6f7 f6g7 g2f3 g3g4
c6b7 c6c4 c6c5 c6c7 c6d7
g5f6 g5g3 g5g4 g5g6
a2a3 a2b3 c3b4 c3c4 c3d4
b2a3 b2b3 c2b3 c2d3 c6b7 c6c4 c6c5 c6c7 c6d7 f6e7 f6f4 f6f5 f6f7 f6g7
d5c6 d5d4 d5d6 d5e6
a5a3 a5a4 a5a6 a5b6 e4d5 e4e5 e6d7 e6e5 e6e7 e6f7 f5f4 f5f6 f5g6
c3b4 c3c4 c3d4 c6b7 c6c4 c6c5 c6c7 c6d7 d6c7 d6d4 d6d5 d6d7 d6e7
b2a3 b2b3 b2c3 c5b6 c5c3 c5c4 c5c6 c5d6 d5c6 d5d4 d5d6 d5e6 g2f3 g2g3 g5f6 g5g3 g5g4 g6f7 g6g7
d4c5 d4d5 d4e5 e3e4 e3f4
a4a5 a4b5 c3b4 c3c4 c3d4 f5e6 f5f3 f5f4 f5f6
b3a4 b3b4 b3c4


a6a4 a6a5 a6a7 a6b7 c5b6 c5c3 c5c4 c5c6 c5d6 d4d5 d4e5

c6b7 c6c5 c6c7 c6d7 g2f3 g2g3
c3b4 c3c4 c3d4 e4d5 e4e5 e4f5 g2f3 g2g3
a5a3 a5a4 a5a6 a5b6 c5b6 c5c4 c5c6 c5d6
a5a3 a5a4 a5a6 a5b6 d2c3 d2d3 d2e3 f4e5 f4f5 f4g5
a2a3 a2b3 f3e4 f3f4 f3g4 g5f6 g5g3 g5g4 g5g6
e4d5 e4e5 e4f5
c3b4 c3d4 g2f3 g2g3


a3a4 a3b4
c6b7 c6c4 c6c5 c6c7 c6d7 e3d4 e3e4 f4e5 f4f5 f4g5
e3d4 e3e4 e3f4 e5d6 e5e4 e5e6 e5f6
a5a4 a5a6 a5b6 c5b6 c5c3 c5c4 c5c6 c5d6 d2c3 d2d3 f2g3 f3e4 f3f4 f3g4
a6a4 a6a5 a6a7 a6b7 c4b5 c4c5 c4d5
e2d3 e2e3 e2f3 f2e3 f2f3 f2g3
f4e5 f4f5 f4g5
a2a3 a2b3 c3b4 c3c4 c3d4 d3c4 d3d4 e4d5 e4e5 e4f5 f2e3 f2f3 g3f4 g3g4 g5f6 g5g6

a6a7 a6b7 b4a5 b4b5 b4c5 c2b3 c2d3 c3c4 c3d4 c6b7 c6c7 c6d7 f3e4 f3f4 f3g4 g2g3

a2a3 a2b3 b5a6 b5b3 b5b4 b5b6 b5c6 e3d4 e3e4 e3f4 e6d7 e6e7 e6f7 f2f3 f2g3 f5f3 f5f4 f5g6 g5g6
b6a7 b6b4 b6b5 b6b7 b6c7 d4c5 d4d5 d4e5 g3f4 g3g4
e3d4 e3e4 e3f4 g5f6 g5g3 g5g4 g6f7 g6g7

b2a3 b2b3 b2c3 d2c3 d2d3 d2e3 d6c7 d6d4 d6d5 d6d7 d6e7 e2d3 e2e3 e2f3 g4f5 g4g5 g6f7 g6g5 g6g7

a5a3 a5a4 a5b6 a6a7 a6b7 b5b3 b5b4 b5b6 b5c6 c5b6 c5c3 c5c4 c5c6 c5d6 f4e5 f4f5 g5f6 g5g4 g5g6
b6a7 b6b4 b6b5 b6b7 b6c7 g2f3 g2g3

d2c3 d2d3 d2e3
a2a3 a2b3
c2b3 c2c3 c2d3 f3e4 f3f4 f3g4 g5f6 g5g4 g5g6
d3c4 d3d4 d3e4 e5d6 e5e4 e5e6 e5f6
a5a3 a5a4 a5a6 a5b6 d4c5 d4d5 d4e5
c3c4 c3d4
b6a7 b6b4 b6b5 b6b7 b6c7 e6d7 e6e4 e6e5 e6e7 e6f7
b3a4 b3b4 c5b6 c5d6 c6b7 c6c7 c6d7 e2e3 e2f3 f2e3 f2f3 f5e6 f5f3 f5f4 f5f6 f5g6 g3f4 g3g4
a2a3 a2b3 g4f5 g4g5 g6f7 g6g5 g6g7


b6a7 b6b5 b6b7 b6c7 d6c7 d6d5 d6d7 d6e7 g2f3 g2g3
a2a3 a2b3 d3c4 d3d4 d3e4 e5d6 e5e3 e5e4 e5e6 e5f6
d5c6 d5d3 d5d4 d5d6 d5e6 e3d4 e3e4 f3e4 f3g4 f4e5 f4f5 f4g5 g6f7 g6g4 g6g5 g6g7
c6b7 c6c4 c6c5 c6c7 c6d7
a2a3 a2b3 b5a6 b5b3 b5b4 b5b6 b5c6 d2c3 d2e3 e4d5 e4f5 e5d6 e5e6 g6f7 g6g4 g6g5 g6g7
c5b6 c5c3 c5c4 c5c6 c5d6 d5c6 d5d3 d5d4 d5d6 d5e6 e3d4 e3e4 e3f4


a3a4 a6a4 a6a5 a6a7 b4a5 b4b5 c3c4 c3d4 c5b6 c5c4 c5c6 c5d6 g2f3 g2g3
d4c5 d4d5 d4e5 g2f3 g2g3
a2a3 a2b3 e5d6 e5e3 e5e4 e5e6 e5f6 g5f6 g5g6
b6a7 b6b4 b6b5 b6b7 b6c7 c6b7 c6c4 c6c5 c6c7 c6d7 e4d5 e4e5 e4f5
a2a3 a2b3 b2a3 b2b3 b2c3 c2b3 c2c3 c2d3 d2c3 d2d3 d2e3 g6f7 g6g4 g6g5 g6g7
b3a4 b3b4 b3c4 c6b7 c6c4 c6c5 c6c7 c6d7 g4f5 g4g5

f6e7 f6f4 f6f5 f6f7 f6g7 g4f5 g4g5

c2b3 c2c3 f3e4 f3f4 f3g4 g3f4 g3g4
c2b3 c2c3 c5b6 c5c3 c5c4 c5c6 c5d6 d3c4 d3d4 d3e4 f5e6 f5f3 f5f4 f5g6 f6e7 f6f7 g3f4
a3a4 a3b4 d6c7 d6d4 d6d5 d6d7 d6e7 f4e5 f4f5 f4g5
a6a7 a6b7 b3a4 b3b4 b3c4 d3c4 d3d4 d3e4 e2e3 e2f3 g2f3 g2g3
c2b3 c2c3 c4b5 c4c5 c4d5


e3d4 e3f4 e4d5 e4e5 e4f5
f2g3 f3e4 f3f4 f3g4
a3a4 a3b4 b2b3 b2c3 b6a7 b6b4 b6b5 b6b7 b6c7 d3c4 d3d4 d3e4 g2f3 g2g3
a4a5 a4b5 a6a5 a6a7 a6b7 g6f7 g6g4 g6g5 g6g7
b2a3 b2c3 b3a4 b3b4 b3c4 d5c6 d5d3 d5d4 d5d6 d5e6 e5d6 e5e4 e5e6 e5f6
a2a3 a2b3
d6c7 d6d7 d6e7 f6e7 f6f4 f6f5 f6f7 f6g7
c2b3 c2c3 c2d3 c5b6 c5c3 c5c4 c5c6 c5d6
a2b3 a6a5 a6a7 a6b7 e3d4 e3f4 e4d5 e4e5 e4f5 f2f3 f2g3 f6e7 f6f4 f6f5 f6f7 f6g7
f5e6 f5f3 f5f4 f5f6 f5g6
a3a4 b4a5 b4b5 b4c5 d6c7 d6d4 d6d5 d6d7 d6e7
d4c5 d4d5 d4e5 e2e3 e2f3 f2e3 f2f3 f2g3
d5c6 d5d3 d5d4 d5d6 d5e6 f5e6 f5f4 f5f6 g6f7 g6g4 g6g5 g6g7
d4c5 d4d5 d4e5
b6a7 b6b5 b6b7 b6c7 d5c6 d5d3 d5d4 d5d6 d5e6
a4a5 a4b5 b2a3 b2b3 b2c3 e2d3 e2f3
a4a5 a4b5 f2e3 f2f3 f2g3
g6f7 g6g4 g6g5 g6g7
a2a3 a2b3

e3d4 e3e4 e3f4 g6f7 g6g5 g6g7
f5e6 f5f3 f5f4 f5f6 f5g6
a3a4 a3b4 d3c4 d3d4 d3e4 e5d6 e5e3 e5e4 e5f6 e6d7 e6e7 e6f7 f4f5 f4g5 g2f3 g2g3 g6f7 g6g4 g6g5 g6g7
a3a4 a3b4 d5c6 d5d3 d5d4 d5d6 d5e6 f4e5 f4f5 f4g5
g3f4 g3g4

b3a4 b3b4 d5c6 d5d3 d5d4 d5d6 d5e6 e2d3 e2e3 e2f3 g3f4 g3g4
d3c4 d3d4 d3e4 g2f3 g2g3
a2a3 a2b3 a5a3 a5a4 a5a6 a5b6 c2b3 c2c3 d3c4 d3d4 d3e4 d6c7 d6d4 d6d5 d6d7 f4e5 f4f5 f4g5 g2f3 g2g3
e3d4 e3e4 e3f4 f5e6 f5f3 f5f4 f5f6 f5g6
b4a5 b4b5 b4c5 e6d7 e6e7 e6f7

a2a3 b2a3 c2d3 c3c4 c3d4 d2d3 d2e3 e5d6 e5e3 e5e4 e5f6 e6d7 e6e7 e6f7
a3a4 a3b4 c2b3 c2c3 c2d3
b4a5 b4b5 b4c5 d6c7 d6d7 d6e7 e2d3 e3d4 e3e4 e3f4 f3e4 f3f4 f3g4 f5e6 f5f4 f5f6 f5g6 g5f6 g5g3 g5g4 g5g6

a5a3 a5a4 a5a6 a5b6 b2a3 b2c3 b3a4 b3b4 b3c4 b5a6 b5b4 b5b6 b5c6 c2c3 f2e3 f2f3 f2g3 f5e6 f5f6 f5g6


b5a6 b5b3 b5b4 b5b6 b5c6 c4c5 c4d5 f2e3 f2f3 f2g3
d6c7 d6d4 d6d5 d6d7 d6e7 f4e5 f4f5 f4g5
f6e7 f6f4 f6f5 f6f7 f6g7
b5a6 b5b3 b5b4 b5b6 b5c6 d3c4 d3e4 d4c5 d4d5 d4e5
g3f4 g3g4

a4a5 a4b5
b2a3 b2b3 b2c3 b4a5 b4b5 c5b6 c5c3 c5c4 c5c6 c5d6 d5c6 d5d6 d5e6 e5d6 e5e4 e5e6 e5f6 g6f7 g6g7
e6d7 e6e4 e6e5 e6e7 e6f7


a2a3 a2b3 a5a3 a5a4 a5a6 a5b6 c2b3 c3b4 c3d4 c4b5 c4c5 c4d5 e3d4 e3e4 e3f4 g5f6 g5g4 g5g6
a3a4 a3b4 c6b7 c6c4 c6c5 c6c7 c6d7 d2c3 d2d3 d2e3
b2a3 b2c3 b3a4 b3b4 b3c4 b5a6 b5b4 b5b6 b5c6 d5c6 d5d4 d5d6 d5e6 e3d4 e3e4 e3f4 f2f3 f6e7 f6f4 f6f5 f6f7 f6g7
b3a4 b3b4 b3c4 c5c3 c5c4 c5c6 c5d6
b3a4 b3b4 b3c4 b6a7 b6b4 b6b5 b6b7 b6c7
e3d4 e3e4 e3f4
b3a4 b3b4 b6a7 b6b4 b6b5 b6b7 b6c7 d6c7 d6d7 d6e7 e2d3 e2f3 e3d4 e3e4 e3f4 e5e4 e5e6 e5f6 g3f4 g3g4
a5a3 a5a4 a5a6 a5b6

g4f5 g4g5
a5b6 c4b5 c4c5 c4d5 c6b7 c6c7 c6d7 e3d4 e3e4 e3f4 f5e6 f5f3 f5f4 f5f6 f5g6 g2f3 g2g3 g5f6 g5g3 g5g4 g5g6
e6d7 e6e4 e6e5 e6e7 e6f7 f2e3 f2f3 f2g3
a6a4 a6a5 a6a7 a6b7 f3e4 f3f4 f3g4 g2g3


b4a5 b4b5 b4c5 d2c3 d2d3 d2e3
a2a3 a2b3 d2d3 e2d3 e2f3 e3d4 e3e4 e3f4 e5d6 e5e4 e5e6 e5f6 g4f5 g4g5
b5a6 b5b3 b5b4 b5b6 b5c6
a3a4 a3b4 c2b3 c2c3 c2d3 e5d6 e5e6 e5f6 g3f4 g4f5 g4g5

c3b4 c3c4 c3d4
d3c4 d3d4 d3e4 d6c7 d6d7 d6e7 f2e3 f2f3 f2g3
c2b3 c2c3 c2d3 c5b6 c5c6 d6c7 d6d4 d6d5 d6d7 d6e7 e3d4 e3e4 f3e4 f3g4 f6e7 f6f5 f6f7 f6g7
f4e5 f4f5 f4g5
a3a4 a3b4 d3c4 d3d4 d6c7 d6d4 d6d5 d6d7 d6e7 e6d7 e6e5 e6e7 e6f7
d2c3 d2d3
b5a6 b5b6 b5c6 d3c4 d3d4 d3e4 f6e7 f6f4 f6f5 f6f7 f6g7 g2f3 g3f4 g3g4
e6d7 e6e4 e6e5 e6e7 e6f7




a2a3 a2b3 b2a3 b2b3 b2c3 c5b6 c5c3 c5c4 c5c6 c5d6 e3d4 e3e4 f5e6 f5f6 g6f7 g6g4 g6g5 g6g7
a5a6 a5b6 b5a6 b5b3 b5b4 b5b6 b5c6
a6a4 a6a5 a6a7 a6b7 c4b5 c4c5 d6c7 d6d7 d6e7 e3d4 e3e4 e3f4 e5e4 e5e6 e5f6 f3e4 f3f4 f3g4 g5f6 g5g3 g5g4 g5g6
c6b7 c6c4 c6c5 c6c7 c6d7 d4c5 d4d5 d4e5
b4a5 b4b5 b6a7 b6b5 b6b7 b6c7 c5c4 c5c6 c5d6 e2d3 e2e3 e2f3 e5d6 e5e3 e5e4 e5e6 f6e7 f6f4 f6f5 f6f7 f6g7 g6f7 g6g5 g6g7

d4c5 d4d5 d4e5 e2d3 e2e3 f3e4 f3f4 f3g4
a5a3 a5a4 a5a6 a5b6 g5f6 g5g3 g5g4 g5g6

e3d4 e3e4 e3f4
a6a7 a6b7 g6f7 g6g4 g6g5 g6g7
b4a5 b4b5 b4c5 c3c4 c3d4 g5f6 g5g3 g5g4 g5g6
c5b6 c5c3 c5c4 c5d6 c6b7 c6c7 c6d7 f4e5 f4f5 f4g5 f6e7 f6f5 f6f7 f6g7

a2b3 a3a4 a3b4 c2b3 d3c4 d3e4 d4c5 d4d5 d4e5 e2f3 g3f4 g3g4
c5b6 c5c4 c5c6 c5d6
b5a6 b5b4 b5b6 b5c6 e4e5 e4f5 g3f4 g3g4 g5f6 g5g4 g5g6
c3b4 c3c4 c3d4 c5b6 c5c4 c5c6 c5d6 f2e3 f2f3 f2g3


a6a7 a6b7 c3b4 c3c4 c3d4 e5d6 e5e3 e5e4 e5e6 e5f6 f4f5 f4g5 g2f3 g2g3
a5a3 a5a4 a5a6 a5b6 b2a3 b2b3 b2c3 e4d5 e4e5 e4f5
b4a5 b4b5 b4c5 d3c4 d3d4 d3e4 e5d6 e5e3 e5e4 e5e6 e5f6 f5e6 f5f6 f5g6 g2f3 g2g3 g5f6 g5g3 g5g4 g5g6

d2c3 d2d3 d2e3 e5d6 e5e3 e5e4 e5e6 f6e7 f6f4 f6f5 f6f7 f6g7 g3f4 g3g4
c5b6 c5c4 c5c6 c5d6 e2d3 e2e3 e2f3
b3a4 b3b4 b3c4 f6e7 f6f4 f6f5 f6f7 f6g7
d2c3 d2d3 d2e3 g3f4 g3g4
b2a3 b2b3 c3b4 c3c4 c5b6 c5c4 c5c6 c5d6 d3c4 d3e4 d5c6 d5d6 d5e6 e3e4 e3f4 g6f7 g6g4 g6g5 g6g7
f3e4 f3f4 f3g4 g2g3
f5e6 f5f3 f5f4 f5f6 g6g7
b2a3 b2b3 b2c3 f4e5 f4f5 f4g5 g3g4
b5a6 b5b6 b5c6 c5b6 c5c3 c5c4 c5c6 c5d6 e2d3 e2e3 e2f3 e6d7 e6e7 e6f7
e5d6 e5e3 e5e4 e5e6 e5f6

d2c3 d2d3 d2e3 g5f6 g5g3 g5g4 g5g6
a4a5 a6a5 a6a7 a6b7 b3b4 b3c4 c6b7 c6c4 c6c5 c6c7 c6d7 d5d4 d5d6 d5e6 f2e3 f2f3 f2g3
b6a7 b6b4 b6b5 b6b7 b6c7 f2f3 f2g3 f4e5 f4f5 f4g5
a6a4 a6a5 a6a7 a6b7 b2a3 b2c3 b3a4 b3c4 f2e3 f2g3 f3e4 f3f4 f3g4

c3b4 c3c4 c5b6 c5c4 c5c6 c5d6 d4d5 d4e5 f3e4 f3f4 f3g4 g3f4 g3g4 g6f7 g6g4 g6g5 g6g7
a6a4 a6a5 a6a7 a6b7 f2e3 f2f3 f2g3


a5a3 a5a4 a5a6 a5b6 f2e3 f2f3 f2g3
e4d5 e4e5 e4f5
b4a5 b4b5 b4c5 c6b7 c6c4 c6c5 c6c7 c6d7
b6a7 b6b4 b6b5 b6b7 b6c7
a2a3 a2b3 c4b5 c4c5 c4d5 g2f3 g2g3
a2a3 b3a4 b3b4 b3c4 g5f6 g5g3 g5g4 g5g6
b2a3 b2b3 c3b4 c3c4 c3d4
a4a5 a4b5 g5f6 g5g3 g5g4 g5g6
a6a4 a6a5 a6a7 a6b7 d5c6 d5d3 d5d4 d5d6 d5e6 g2f3 g2g3
e3d4 e3e4 e3f4 g4f5 g4g5 g6f7 g6g5 g6g7
c3b4 c3c4 c3d4 f3e4 f3f4 f3g4
a2a3 a2b3 f2e3 f2g3 f3e4 f3f4 f3g4
a5a4 a5a6 a5b6 b5a6 b5b6 b5c6 c4c5 d2c3 d2e3 d5c6 d5d4 d5d6 d5e6 e5d6 e5e3 e5e4 e5e6 e5f6
a5a3 a5a4 a5a6 a5b6 f4e5 f4f5 f4g5
a3a4 a3b4 c2b3 c2c3 c2d3 g4f5 g5f6 g5g6
a5a3 a5a4 a5a6 a5b6 b3a4 b3b4 b3c4
b5a6 b5b6 b5c6 c5b6 c5c4 c5c6 c5d6 d3c4 d3d4 d3e4 e5d6 e5e3 e5e4 e5e6 e5f6 f3e4 f3f4 f3g4

b3a4 b3b4 b3c4 e3d4 e3e4 e3f4 f3e4 f3f4 f3g4 f6e7 f6f4 f6f5 f6f7 f6g7

a5a4 a5a6 b6a7 b6b5 b6b7 b6c7 d2d3 e2d3 e2f3 g2f3 g3f4 g3g4

c3b4 c3c4 c3d4 d6c7 d6d4 d6d5 d6d7 d6e7 e3d4 e3f4 e4d5 e4f5 g6f7 g6g5 g6g7


c4b5 c4c5 c4d5 g6f7 g6g4 g6g5 g6g7
d6c7 d6d4 d6d5 d6d7 d6e7
a5a3 a5a4 a5a6 a5b6 f5e6 f5f3 f5f4 f5f6 f5g6 g2f3 g2g3
c3b4 c3c4 c3d4 d3c4 d3d4 e4d5 f5e6 f5f3 f5f4 f5f6 g6f7 g6g4 g6g5 g6g7
e3d4 e3e4 e3f4
a2a3 b3b4 b3c4 b5a6 b5b4 b5b6 b5c6 c2d3 c3b4 c3c4 c3d4 d5c6 d5d4 d5d6 d5e6

d4c5 d4e5 d5d6 d5e6
b2a3 b2b3
a6a4 a6a5 a6a7 a6b7 b2a3 b2b3 b5b3 b5b4 b5b6 c3b4 c3c4 c3d4 c6b7 c6c5 c6c7 c6d7
g4f5 g4g5
c5b6 c5c3 c5c4 c5c6 c5d6 f6e7 f6f4 f6f5 f6f7 f6g7
c5b6 c5c3 c5c4 c5c6 d6c7 d6d4 d6d5 d6d7 d6e7
b3a4 b3b4 b3c4 c3b4 c3c4 d4c5 d4d5 d4e5 e2d3 e2e3 e2f3 e6d7 e6e7 e6f7
a2a3 a2b3
d6c7 d6d7 d6e7 f6e7 f6f4 f6f5 f6f7 f6g7
f4e5 f4f5 f4g5
a4a5 a4b5 b2a3 b2b3 d3c4 d3d4 d3e4 g2f3 g3f4 g3g4
b3b4 b3c4 f2e3 f2f3 f2g3 g2f3 g2g3
a6a4 a6a5 a6a7 a6b7 b2a3 b2b3 b2c3 d4c5 d4d5 d4e5 d6c7 d6d5 d6d7 d6e7
a2a3 a2b3 b4a5 b4b5 b4c5 g5f6 g5g3 g5g4 g5g6
b3a4 b3b4 b3c4 c3b4 c3c4 c3d4
a2a3 a2b3 g5f6 g5g3 g5g4 g5g6
c2b3 c2c3 c2d3 d6c7 d6d5 d6d7 d6e7 f5e6 f5f4 f5f6 f5g6 g5f6 g5g3 g5g4 g5g6

b5a6 b5b3 b5b4 b5b6 c4c5 c6b7 c6c5 c6c7 c6d7 d5d6 d5e6 g2f3 g2g3
f2e3 f2f3 f2g3
c3b4 c3c4 d4c5 d4d5 d4e5
e3d4 e3e4 e3f4
a2b3 a5a4 a5a6 a5b6 g4f5 g5f6 g5g6


a6a4 a6a5 a6a7 a6b7
e2d3 e2e3 e2f3 e4d5 e4e5 e4f5
c2b3 c2c3 c2d3 d4c5 d4d5 d4e5 g3f4 g3g4
f2e3 f2g3 f3e4 f3f4 f3g4
b3a4 b3b4 b3c4 e4d5 e4f5 e5d6 e5e6 e5f6


d4c5 d4d5 d4e5

g2f3 g2g3
d6c7 d6d4 d6d5 d6d7 d6e7 g5g3 g5g4 g5g6
e6e7 e6f7 g4f5 g4g5
g2f3 g2g3
a5a3 a5a4 a5a6 b2a3 b2b3 b2c3 b6a7 b6b4 b6b5 b6b7 b6c7 d2c3 d2d3 d2e3 d5c6 d5d6 d5e6 e2d3 e2e3 e2f3 g5f6 g5g3 g5g4 g5g6
f3e4 f3f4 f3g4
a2a3 a2b3 c3b4 c3c4 c3d4 c5b6 c5c4 c5c6 c5d6 e6d7 e6e4 e6e5 e6e7
e3d4 e3e4 e3f4 f2f3 f2g3 g5f6 g5g3 g5g4 g5g6
b3a4 b3b4 b6a7 b6b4 b6b5 b6b7 b6c7 c4b5 c4c5 d5c6 d5d6 d5e6 e2e3 e2f3 f6e7 f6f4 f6f5 f6f7 f6g7
c2b3 c2c3 c5b6 c5c3 c5c4 c5c6 c5d6 e2e3 e2f3
b3a4 b3b4 b3c4 c5b6 c5c4 c5c6 c5d6 d3c4 d3d4 d3e4 e5d6 e5e3 e5e4 e5e6 f6e7 f6f4 f6f5 f6f7 f6g7 g2f3
e5d6 e5e3 e5e4 e5e6 e5f6 f2e3 f2f3 f2g3
a5a3 a5a4 a5a6 a5b6 b2a3 b2b3 c3b4 c3c4 c3d4 e4d5 e4e5 f5e6 f5g6 f6e7 f6f7 f6g7
f6e7 f6f4 f6f5 f6f7 f6g7 g6f7 g6g7
b5a6 b5b3 b5b4 b5b6 b5c6 c2b3 c2c3 d2c3 d2e3 e2e3 f3e4 f3f4 f3g4
b2a3 b5a6 b5b4 b5b6 b5c6
d6c7 d6d7 d6e7 e6d7 e6e5 e6e7 e6f7 f5f3 f5f4 f5f6 f5g6 g5f6 g5g3 g5g4 g5g6
b4a5 b4b5 b4c5 b6a7 b6b5 b6b7 b6c7
e4d5 e4e5 e4f5 f3f4 f3g4 g6f7 g6g7
a5a3 a5a4 a5a6 a5b6 d3c4 d3d4 d3e4 e6d7 e6e4 e6e5 e6e7 e6f7
a5a3 a5a4 a5a6 a5b6
a4a5 a4b5 f6e7 f6f4 f6f5 f6f7 f6g7
a2a3 a2b3 a5a3 a5a4 a5a6 b2a3 b2b3 b2c3 b6a7 b6b4 b6b5 b6b7 b6c7 g5f6 g5g3 g5g4 g5g6
b2a3 b2c3 b3a4 b3b4 b3c4 g5f6 g5g3 g5g4 g5g6
a5a4 a5b6 a6a7 a6b7 b2a3 b2b3 c3c4 c3d4 e6d7 e6e4 e6e5 e6e7 e6f7
d3c4 d3d4 d3e4 g3f4 g3g4 g5f6 g5g4 g5g6
d5c6 d5d4 d5d6 d5e6
e6d7 e6e7 e6f7
c3b4 c3c4

b3a4 b3c4 b4a5 b4b5 b4c5 b6a7 b6b5 b6b7 b6c7 d6c7 d6d4 d6d5 d6d7 f2e3 f2f3 f2g3

b5a6 b5b3 b5b4 b5b6 b5c6
b2a3 b2b3 b2c3 b4b5 b4c5 e5d6 e5e3 e5e4 e5e6 e5f6
b6a7 b6b5 b6b7 b6c7 c2b3 c2c3 c2d3 g3f4 g3g4
b5a6 b5b3 b5b4 b5b6 c6b7 c6c4 c6c5 c6c7 c6d7 e2d3 e2f3
a3a4 a3b4 b6a7 b6b7 b6c7 c4b5 c4c5 e6d7 e6e5 e6e7 e6f7 f2e3 f2f3 f2g3 g2f3 g2g3 g6f7 g6g4 g6g5 g6g7

f2f3 f2g3 g2f3 g2g3
c5b6 c5c3 c5c4 c5c6 c5d6 d5c6 d5d4 d5d6 d5e6

a6a4 a6a5 a6a7 a6b7 d3c4 d3d4 d3e4 f6e7 f6f4 f6f5 f6f7 f6g7
b5a6 b5b6 b5c6 c2b3 c2c3 c2d3 e6d7 e6e7 e6f7 f2e3 f2f3 f2g3 f6e7 f6f4 f6f5 f6f7 f6g7


d3c4 d3d4 e3d4 e3f4 e4d5 e4e5 e4f5
b5a6 b5b3 b5b4 b5b6 b5c6 d4c5 d4d5 d4e5
