g7e6 g7f5



d3b2 d3c1 d3c5 d3e1 d3e5 d3f2 d3f4

d5b4 d5b6 d5c3 d5c7 d5e3 d5e7 d5f4 d5f6



f1d2 f1e3 f1g3



f1d2 f1g3







d5b4 d5b6 d5c7 d5e3 d5e7 d5f4



e6c5 e6c7 e6d4 e6f4 e6g5 e6g7

b7a5 b7d6



a5b3 a5b7 a5c4

a5b3 a5b7 a5c4 a5c6







f5d4 f5d6 f5e3 f5e7 f5g7



d1b2 d1e3 d1f2



g2e3 g2f4



f4d3 f4d5 f4e2 f4e6 f4g2 f4g6

f2d1 f2d3 f2e4 f2g4

c4a5 c4b2 c4b6 c4d2 c4d6 c4e5



e4c3 e4c5 e4d2 e4f6 e4g3 e4g5

b7a5 b7c5 b7d6



d5b4 d5b6 d5c3 d5c7 d5e3 d5e7 d5f4 d5f6

c7a6 c7d5 c7e6

c1a2 c1b3 c1e2

e2c1 e2c3 e2d4 e2f4 e2g1 e2g3

c2a1 c2a3 c2b4 c2e1





d2b1 d2b3 d2c4 d2e4 d2f1 d2f3





g1e2 g1f3



e3c2 e3c4 e3d1 e3d5 e3f1 e3f5 e3g2 e3g4

g2e1 g2e3 g2f4

d1c3 d1e3

g4e3 g4e5 g4f2 g4f6

b6a4 b6c4 b6d5 b6d7

a7c6



b1a3 b1c3

b7a5 b7c5 b7d6



b7a5 b7d6





c7a6 c7b5 c7d5



c3a4 c3b1 c3b5 c3d5 c3e2 c3e4

c1a2 c1b3 c1e2



e6c5 e6c7 e6d4 e6f4 e6g5 e6g7





f3d2 f3e1 f3e5 f3g1 f3g5

f3d2 f3e1 f3e5 f3g1 f3g5

f3d2 f3d4 f3e5 f3g1 f3g5



b2a4 b2c4 b2d1 b2d3





a1b3



f6d5 f6d7 f6e4 f6g4



d7b6 d7e5 d7f6

a6b4 a6c5 a6c7

e7c6 e7d5 e7f5 e7g6

a7b5 a7c6



a3b1 a3b5 a3c2 a3c4

c5a4 c5b3 c5b7 c5d3 c5d7 c5e4 c5e6

c5a4 c5a6 c5b3 c5b7 c5d7 c5e4 c5e6













a4c3 a4c5



a1b3 a1c2

b2c4 b2d3

c2a1 c2a3 c2d4

g5e4 g5e6 g5f3 g5f7



f5d4 f5d6 f5e3 f5e7 f5g3 f5g7

e6c5 e6c7 e6d4 e6f4 e6g5 e6g7



a3b1 a3c2 a3c4





d6b5 d6b7 d6c4 d6e4 d6f5 d6f7





b3a1 b3a5 b3c1 b3c5 b3d2





d5b4 d5b6 d5c3 d5c7 d5e3 d5e7 d5f4

f4d3 f4d5 f4e2 f4e6 f4g2 f4g6



g3e4 g3f1 g3f5



d6b5 d6b7 d6c4 d6e4 d6f5 d6f7



g6e5 g6e7 g6f4

e3c4 e3d1 e3d5 e3f1 e3f5 e3g2 e3g4





g2e1 g2e3 g2f4

f2d3 f2e4 f2g4



e6c5 e6c7 e6d4 e6f4 e6g5 e6g7



d7b6 d7c5 d7e5 d7f6

d3b2 d3b4 d3c1 d3c5 d3e1 d3e5 d3f2 d3f4

d2b1 d2b3 d2c4 d2e4 d2f1 d2f3



d6b5 d6b7 d6c4 d6e4 d6f5 d6f7

g2e1 g2e3 g2f4



g5e4 g5e6 g5f3 g5f7





f5d4 f5d6 f5e3 f5e7 f5g3 f5g7

g4e3 g4f2 g4f6



g6e5 g6e7 g6f4

b4a2 b4a6 b4c2 b4c6 b4d5

b7a5 b7c5 b7d6





d7b6 d7c5 d7e5 d7f6

g1e2 g1f3



a5b3 a5b7 a5c4 a5c6





a1b3







a5b3 a5b7 a5c4 a5c6

c7a6 c7b5 c7d5 c7e6





a5b3 a5b7 a5c4 a5c6





e5c4 e5c6 e5d3 e5d7 e5f3 e5f7 e5g6

c1a2 c1d3 c1e2



e4c3 e4c5 e4d2 e4d6 e4f6 e4g3 e4g5



e5c4 e5c6 e5d3 e5d7 e5f3 e5f7 e5g4 e5g6

b4a2 b4a6 b4c6 b4d3 b4d5





g1e2 g1f3

a1b3

e7c6 e7d5 e7f5 e7g6







e1c2 e1d3 e1f3 e1g2

g2e1 g2e3 g2f4

e3c2 e3d1 e3d5 e3f1 e3g2 e3g4

e7c6 e7d5 e7f5 e7g6





b5a3 b5a7 b5c3 b5c7 b5d4 b5d6



g2e3 g2f4





f7d6 f7e5





g2e1 g2e3 g2f4

d2b1 d2b3 d2c4 d2e4 d2f1 d2f3



b5a3 b5a7 b5c3 b5c7 b5d4







b3a1 b3a5 b3c1 b3c5 b3d2 b3d4



e1d3





d4b3 d4b5 d4c6 d4e2 d4e6 d4f5

g6e5 g6e7 g6f4





d2b1 d2b3 d2e4 d2f1





g7e6 g7f5

g7e6 g7f5

g2e1 g2f4

b1d2







c2a1 c2a3 c2b4 c2d4 c2e1 c2e3











a3b1 a3b5 a3c4

a5b3 a5b7 a5c6



f6d5 f6d7 f6e4 f6g4



b2a4 b2c4 b2d1



f6d5 f6d7 f6e4 f6g4

d4c6 d4e2 d4e6 d4f3 d4f5







a6b4 a6c5

f4d3 f4d5 f4e2 f4e6 f4g2 f4g6

d2b1 d2b3 d2c4 d2e4 d2f1 d2f3





c4a3 c4b2 c4b6 c4d2 c4d6 c4e5

f5d4 f5d6 f5e7 f5g3 f5g7



f1e3 f1g3

c7a6

b2a4 b2c4 b2d3



d5b4 d5b6 d5c7 d5e3 d5e7 d5f4 d5f6

b3a1 b3c1 b3c5 b3d2 b3d4











b5a3 b5a7 b5c3 b5c7

d2b1 d2b3 d2c4 d2e4 d2f1 d2f3

e5c4 e5d3 e5d7 e5f3 e5f7 e5g4 e5g6



g3e2 g3e4 g3f1 g3f5



d7b6 d7c5 d7e5 d7f6

b4a2 b4a6 b4c2 b4c6 b4d3 b4d5



d5b4 d5b6 d5c3 d5c7 d5e7 d5f4 d5f6





b2c4 b2d1 b2d3

c1a2 c1b3 c1d3 c1e2

g3e2 g3e4 g3f1 g3f5

f4d3 f4d5 f4e2 f4e6 f4g2 f4g6



g2e3





g5e4 g5f3 g5f7







f1d2 f1g3
d7b6 d7e5 d7f6



a1b3 a1c2

c2a1 c2a3 c2b4 c2d4 c2e1



g2e1 g2e3 g2f4



f2d1 f2e4 f2g4

f4e2 f4e6 f4g2

b7a5 b7c5 b7d6

d3b2 d3b4 d3c5 d3e1 d3e5 d3f2 d3f4

g2e1 g2e3 g2f4

d6b7 d6c4 d6e4 d6f5 d6f7

g5e4 g5e6 g5f3 g5f7





g6e5 g6e7 g6f4



g1e2 g1f3

b5c7 b5d4 b5d6









c4b2 c4b6 c4d6 c4e3 c4e5









e3c2 e3c4 e3d5 e3f1 e3f5 e3g2 e3g4



d1b2 d1c3 d1e3 d1f2

a1b3 a1c2

c7a6 c7b5 c7e6







g2e1 g2e3 g2f4





b3a1 b3c1 b3c5 b3d4

b4a2 b4a6 b4c6 b4d3 b4d5

b6a4 b6c4 b6d5 b6d7





f3d2 f3d4 f3e1 f3e5 f3g1 f3g5

f3d2 f3d4 f3e1 f3e5 f3g1 f3g5

c1a2 c1b3











a5b7 a5c4 a5c6



c1a2 c1d3 c1e2



g3e2 g3f5







d7b6 d7c5 d7e5 d7f6



f1e3 f1g3











e2c1 e2c3 e2f4 e2g1 e2g3

c4a3 c4a5 c4b2 c4b6 c4d2 c4d6 c4e3 c4e5

d7b6 d7e5 d7f6

f5d4 f5d6 f5e3 f5e7 f5g3 f5g7

a6b4 a6c5 a6c7



e1d3 e1f3 e1g2



a1b3 a1c2

c5a4 c5a6 c5b3 c5b7 c5d7 c5e6



f6d5 f6d7 f6e4 f6g4

b5a7 b5c7 b5d4 b5d6





c5a4 c5a6 c5b3 c5b7 c5d3 c5d7 c5e4 c5e6







a3b1 a3b5 a3c2

a1b3

b2a4 b2c4 b2d1 b2d3



f6d5 f6d7 f6g4

e5c4 e5c6 e5d3 e5d7 e5f3 e5f7 e5g4 e5g6

b7a5 b7d6

c4a3 c4a5 c4b2 c4b6 c4d2 c4d6 c4e3



f4d5 f4e2 f4e6 f4g2 f4g6



g7e6

b1a3 b1c3







b1a3 b1c3 b1d2



a3b1 a3b5 a3c2 a3c4



f3d2 f3d4 f3e1 f3e5 f3g1 f3g5

c5a4 c5a6 c5b3 c5b7 c5d3 c5d7 c5e4 c5e6





g4e5 g4f2 g4f6



a6b4 a6c5 a6c7



e7c6 e7d5 e7f5 e7g6

f2d1 f2d3 f2e4 f2g4

b4a6 b4c6 b4d3 b4d5

e1c2 e1d3 e1g2

d7b6 d7c5 d7e5 d7f6

d2b1 d2b3 d2c4 d2e4 d2f1 d2f3





g7e6 g7f5



b5a3 b5a7 b5c3 b5c7 b5d4 b5d6



g3e4 g3f1 g3f5



f5d4 f5e7 f5g7

a6b4 a6c5 a6c7

c3a2 c3a4 c3b1 c3b5 c3d1 c3d5 c3e2 c3e4







e7c6 e7d5 e7f5 e7g6



b2a4 b2c4 b2d3







b4a2 b4a6 b4c2 b4c6 b4d3 b4d5

f4d3 f4d5 f4e2 f4e6 f4g2

d5b4 d5b6 d5c3 d5c7 d5e7 d5f4 d5f6

c3a2 c3a4 c3b1 c3b5 c3d5 c3e4









c3a4 c3b1 c3b5 c3d1 c3d5 c3e4

a5b3 a5b7 a5c4 a5c6









c3a2 c3a4 c3b1 c3d1 c3d5 c3e2 c3e4





b3a1 b3d2 b3d4



b5a3 b5a7 b5c3 b5c7 b5d4 b5d6

e5c4 e5c6 e5d3 e5d7 e5f7 e5g4 e5g6



a3b1 a3b5 a3c4

b3a1 b3c1 b3c5 b3d2 b3d4

a1b3 a1c2











e2c1 e2c3 e2d4 e2f4 e2g1 e2g3

c3a2 c3a4 c3b1 c3d1 c3d5 c3e4

a3b1 a3b5 a3c2 a3c4



f3d4 f3e1 f3g1 f3g5





e5c4 e5c6 e5d7 e5f3 e5f7 e5g4



c6a5 c6a7 c6b4 c6e5 c6e7





a1c2



c2a1 c2a3 c2b4 c2d4 c2e1 c2e3

g6e5 g6e7 g6f4

b1a3 b1d2

b5a3 b5a7 b5c3 b5c7



b7a5 b7c5 b7d6

a3b1 a3b5 a3c2 a3c4

a2b4 a2c3



d3b2 d3b4 d3c1 d3c5 d3e1 d3e5 d3f4



d6b5 d6c4 d6e4 d6f5 d6f7







f7d6 f7e5 f7g5





g1e2 g1f3







g4e5 g4f2 g4f6

e6c5 e6c7 e6d4 e6f4 e6g7

b4a2 b4c2 b4c6 b4d5



d4b3 d4b5 d4c2 d4c6 d4e2 d4e6 d4f3 d4f5







d5b4 d5c3 d5c7 d5e3 d5e7 d5f4 d5f6



c2a3 c2b4 c2d4 c2e1

a5b3 a5b7 a5c4 a5c6

f7d6 f7e5 f7g5


