2l4/7/Z6/3E3/7/3L3/3E2e w 41
Continue
3l3/3p3/1p5/7/7/7/4L2 w 17
Continue
5EZ/3PlEP/1ePP3/3P3/2e1z2/4L2/7 b 20
Continue
4l2/Ep5/7/7/2P1P2/7/2L4 b 39
Continue
2z4/3p3/2Pl1ep/1p3P1/2p4/3LP2/2E4 w 38
Continue
7/2l1pP1/7/1p5/7/7/2L4 w 5
Continue
7/P3lpP/Z1Pp3/4pP1/7/pP1pP2/3L1z1 b 46
Continue
5E1/4p2/4l2/7/2P3P/2L4/7 b 2
Continue
7/1p3p1/2Pl2P/p3P2/Epp1P2/zEL1p2/7 b 37
Continue
7/2p4/3l3/7/E2pL2/4p2/7 w 1
Continue
7/1P2pEP/E2l3/P6/2e4/3Ze1p/2L4 w 1
Continue
7/7/4l2/2E4/3PL2/7/7 b 48
Continue
3E3/7/3l3/6E/7/2zLp2/7 w 28
Continue
7/7/4l2/1P5/4L2/e6/7 b 41
Continue
7/1PP1p2/1PPEl2/6p/e1p1Pp1/1pP4/1Z1L3 b 34
Continue
4l1e/2p4/7/5p1/P1PPL2/7/7 b 33
Continue
4l2/1Zp4/7/2P4/6P/2L4/z1p4 w 22
Continue
4l2/P2P3/2P4/p6/7/4L2/7 w 19
Continue
4l2/1E1ppp1/4z2/7/1E5/3pL1Z/1p5 w 2
Continue
2l4/7/7/1P5/2L4/7/7 w 18
Continue
7/7/4l2/7/7/2L4/p6 w 8
Continue
7/3l3/2p2P1/5e1/7/3L3/7 b 22
Continue
Z6/1Pl1p2/1p1P2P/3p3/E6/p1z1L1p/7 b 44
Continue
4l2/4p2/4P2/1e5/P6/2L4/7 w 44
Continue
3lE2/1p1Pp2/2p2pp/p6/P1ZPLE1/1P3P1/6z b 35
Continue
4l2/7/4p2/7/5p1/P2L3/7 w 2
Continue
7/5Zp/2l1Ep1/3P3/2p3P/p2p2e/E2eL2 w 27
Continue
4e2/7/2l4/P6/1pp1p1P/1P5/2L4 w 27
Continue
4l1E/p2P3/P1PP2p/3E3/3z1P1/2Pe2P/2L4 w 34
Continue
3l3/7/p2P3/7/3EL2/1p5/7 b 30
Continue
7/2z1P1P/p1l1e1E/4P2/2pL2p/1P3e1/6E w 45
Continue
4l2/P5P/6E/7/2pLp2/7/7 b 10
Continue
3Zl2/3p3/5pE/7/7/5E1/3L3 w 5
Continue
4l2/1ep1P1p/6P/5P1/7/7/4L2 b 50
Continue
2el1Z1/p1pPp1p/2p4/P6/P2L1pz/7/7 b 17
Continue
7/3l3/e2E3/7/3p3/7/4L2 w 14
Continue
4P1E/2E1l2/ppp1p1P/4p2/p5e/zPp4/2L4 b 28
Continue
3E3/4le1/7/7/2L4/7/7 b 42
Continue
7/2p2Ez/P2l1Z1/3P3/7/2P4/2L4 w 51
Continue
e6/p6/4l2/7/7/2PL3/7 b 31
Continue
P6/3e2p/p1p1lPP/7/pep4/P2P1p1/3L3 b 12
Continue
7/3p3/Pp2l2/7/2LP3/3p3/2e4 b 22
Continue
7/6E/3l3/6P/P6/P1P1p2/4L1Z b 38
Continue
4l2/p1e4/2P4/1p5/2PL3/6P/7 b 43
Continue
4l2/7/P6/1P5/2zP1P1/2L4/7 w 10
Continue
7/4l2/p6/7/3P1P1/7/2L4 w 22
Continue
7/P2l3/P2ppp1/1p5/1EL1eP1/2epPP1/7 b 11
Continue
7/4l2/2P2Ep/7/4L2/3p3/7 b 50
Continue
7/1E1el2/pP2E2/7/3P2P/p3L2/7 b 10
Continue
7/5E1/2l4/7/7/1pPLPp1/e6 w 46
Continue
